OMP: Info #277: omp_set_nested routine deprecated, please use omp_set_max_active_levels instead.
      Test ID:  Ver:  ...  DRR direct +: DRR direct -:
0            1     1  ...              0           NaN
1            2     1  ...              0           NaN
2            3     1  ...              0           NaN
3            4     1  ...              0           NaN
4            5     1  ...              0           NaN
...        ...   ...  ...            ...           ...
5395      5396     1  ...              0           NaN
5396      5397     1  ...              0           NaN
5397      5398     1  ...              0           NaN
5398      5399     1  ...              0           NaN
5399      5400     1  ...              0           NaN

[5400 rows x 33 columns]
/data2/new_wzd/1000Hz/RIR_Data/Speech/
resultFilename: /data2/new_wzd/1000Hz/modif_output_wav/Dev/Speech/central-hall-university-york/20221230T174624_test_gen_corpus_dataset_results.csv
加载一条rir的时间是:0.35222387313842773
[]
读取15条语音的时间是:19.638710975646973
['1', '1', '16000', 'ir_centre_stalls_4', 'central-hall-university-york', '1', '1', '0.000000', '0.000000', '0.000000', '0.000000', '0.000000', '0.000000', '0.000000', '0.000000', '0.000000', 'Unknown_central-hall-university-york_ir_centre_stalls_4_<talker>_<utter>_<noise>_<SNR>dB.wav']
<_io.TextIOWrapper name='/data2/new_wzd/1000Hz/modif_output_wav/Dev/Speech/central-hall-university-york/20221230T174624_test_gen_corpus_dataset_results.csv' mode='a' encoding='UTF-8'> ['1', '1', '16000', 'ir_centre_stalls_4', 'central-hall-university-york', '1', '1', '0.000000', '0.000000', '0.000000', '0.000000', '0.000000', '0.000000', '0.000000', '0.000000', '0.000000', 'Unknown_central-hall-university-york_ir_centre_stalls_4_<talker>_<utter>_<noise>_<SNR>dB.wav']
['2', '1', '16000', 'ir_centre_stalls_4', 'central-hall-university-york', '1', '2', '0.000000', '0.000000', '0.000000', '1.730000', '0.000000', '0.000000', '0.000000', '0.000000', '0.000000', 'Unknown_central-hall-university-york_ir_centre_stalls_4_<talker>_<utter>_<noise>_<SNR>dB.wav']
<_io.TextIOWrapper name='/data2/new_wzd/1000Hz/modif_output_wav/Dev/Speech/central-hall-university-york/20221230T174624_test_gen_corpus_dataset_results.csv' mode='a' encoding='UTF-8'> ['2', '1', '16000', 'ir_centre_stalls_4', 'central-hall-university-york', '1', '2', '0.000000', '0.000000', '0.000000', '1.730000', '0.000000', '0.000000', '0.000000', '0.000000', '0.000000', 'Unknown_central-hall-university-york_ir_centre_stalls_4_<talker>_<utter>_<noise>_<SNR>dB.wav']
['3', '1', '16000', 'ir_centre_stalls_4', 'central-hall-university-york', '1', '3', '0.000000', '0.000000', '0.000000', '0.000000', '0.000000', '0.000000', '0.000000', '0.000000', '0.000000', 'Unknown_central-hall-university-york_ir_centre_stalls_4_<talker>_<utter>_<noise>_<SNR>dB.wav']
<_io.TextIOWrapper name='/data2/new_wzd/1000Hz/modif_output_wav/Dev/Speech/central-hall-university-york/20221230T174624_test_gen_corpus_dataset_results.csv' mode='a' encoding='UTF-8'> ['3', '1', '16000', 'ir_centre_stalls_4', 'central-hall-university-york', '1', '3', '0.000000', '0.000000', '0.000000', '0.000000', '0.000000', '0.000000', '0.000000', '0.000000', '0.000000', 'Unknown_central-hall-university-york_ir_centre_stalls_4_<talker>_<utter>_<noise>_<SNR>dB.wav']
['4', '1', '16000', 'ir_centre_stalls_4', 'central-hall-university-york', '1', '4', '0.000000', '0.000000', '0.000000', '0.000000', '0.000000', '0.000000', '0.000000', '0.000000', '0.000000', 'Unknown_central-hall-university-york_ir_centre_stalls_4_<talker>_<utter>_<noise>_<SNR>dB.wav']
<_io.TextIOWrapper name='/data2/new_wzd/1000Hz/modif_output_wav/Dev/Speech/central-hall-university-york/20221230T174624_test_gen_corpus_dataset_results.csv' mode='a' encoding='UTF-8'> ['4', '1', '16000', 'ir_centre_stalls_4', 'central-hall-university-york', '1', '4', '0.000000', '0.000000', '0.000000', '0.000000', '0.000000', '0.000000', '0.000000', '0.000000', '0.000000', 'Unknown_central-hall-university-york_ir_centre_stalls_4_<talker>_<utter>_<noise>_<SNR>dB.wav']
['5', '1', '16000', 'ir_centre_stalls_4', 'central-hall-university-york', '1', '5', '0.000000', '0.000000', '0.000000', '1.330000', '0.000000', '0.000000', '0.000000', '0.000000', '0.000000', 'Unknown_central-hall-university-york_ir_centre_stalls_4_<talker>_<utter>_<noise>_<SNR>dB.wav']
<_io.TextIOWrapper name='/data2/new_wzd/1000Hz/modif_output_wav/Dev/Speech/central-hall-university-york/20221230T174624_test_gen_corpus_dataset_results.csv' mode='a' encoding='UTF-8'> ['5', '1', '16000', 'ir_centre_stalls_4', 'central-hall-university-york', '1', '5', '0.000000', '0.000000', '0.000000', '1.330000', '0.000000', '0.000000', '0.000000', '0.000000', '0.000000', 'Unknown_central-hall-university-york_ir_centre_stalls_4_<talker>_<utter>_<noise>_<SNR>dB.wav']
['6', '1', '16000', 'ir_centre_stalls_4', 'central-hall-university-york', '1', '6', '0.000000', '0.000000', '0.000000', '0.000000', '0.000000', '0.000000', '0.000000', '0.000000', '0.000000', 'Unknown_central-hall-university-york_ir_centre_stalls_4_<talker>_<utter>_<noise>_<SNR>dB.wav']
<_io.TextIOWrapper name='/data2/new_wzd/1000Hz/modif_output_wav/Dev/Speech/central-hall-university-york/20221230T174624_test_gen_corpus_dataset_results.csv' mode='a' encoding='UTF-8'> ['6', '1', '16000', 'ir_centre_stalls_4', 'central-hall-university-york', '1', '6', '0.000000', '0.000000', '0.000000', '0.000000', '0.000000', '0.000000', '0.000000', '0.000000', '0.000000', 'Unknown_central-hall-university-york_ir_centre_stalls_4_<talker>_<utter>_<noise>_<SNR>dB.wav']
['7', '1', '16000', 'ir_centre_stalls_4', 'central-hall-university-york', '1', '7', '0.000000', '0.000000', '0.000000', '0.000000', '0.000000', '0.000000', '0.000000', '0.000000', '0.000000', 'Unknown_central-hall-university-york_ir_centre_stalls_4_<talker>_<utter>_<noise>_<SNR>dB.wav']
<_io.TextIOWrapper name='/data2/new_wzd/1000Hz/modif_output_wav/Dev/Speech/central-hall-university-york/20221230T174624_test_gen_corpus_dataset_results.csv' mode='a' encoding='UTF-8'> ['7', '1', '16000', 'ir_centre_stalls_4', 'central-hall-university-york', '1', '7', '0.000000', '0.000000', '0.000000', '0.000000', '0.000000', '0.000000', '0.000000', '0.000000', '0.000000', 'Unknown_central-hall-university-york_ir_centre_stalls_4_<talker>_<utter>_<noise>_<SNR>dB.wav']
['8', '1', '16000', 'ir_centre_stalls_4', 'central-hall-university-york', '1', '8', '0.000000', '0.000000', '0.000000', '1.240000', '0.000000', '0.000000', '0.000000', '0.000000', '0.000000', 'Unknown_central-hall-university-york_ir_centre_stalls_4_<talker>_<utter>_<noise>_<SNR>dB.wav']
<_io.TextIOWrapper name='/data2/new_wzd/1000Hz/modif_output_wav/Dev/Speech/central-hall-university-york/20221230T174624_test_gen_corpus_dataset_results.csv' mode='a' encoding='UTF-8'> ['8', '1', '16000', 'ir_centre_stalls_4', 'central-hall-university-york', '1', '8', '0.000000', '0.000000', '0.000000', '1.240000', '0.000000', '0.000000', '0.000000', '0.000000', '0.000000', 'Unknown_central-hall-university-york_ir_centre_stalls_4_<talker>_<utter>_<noise>_<SNR>dB.wav']
['9', '1', '16000', 'ir_centre_stalls_4', 'central-hall-university-york', '1', '9', '0.000000', '0.000000', '0.000000', '0.000000', '0.000000', '0.000000', '0.000000', '0.000000', '0.000000', 'Unknown_central-hall-university-york_ir_centre_stalls_4_<talker>_<utter>_<noise>_<SNR>dB.wav']
<_io.TextIOWrapper name='/data2/new_wzd/1000Hz/modif_output_wav/Dev/Speech/central-hall-university-york/20221230T174624_test_gen_corpus_dataset_results.csv' mode='a' encoding='UTF-8'> ['9', '1', '16000', 'ir_centre_stalls_4', 'central-hall-university-york', '1', '9', '0.000000', '0.000000', '0.000000', '0.000000', '0.000000', '0.000000', '0.000000', '0.000000', '0.000000', 'Unknown_central-hall-university-york_ir_centre_stalls_4_<talker>_<utter>_<noise>_<SNR>dB.wav']
['10', '1', '16000', 'ir_centre_stalls_4', 'central-hall-university-york', '1', '10', '0.000000', '0.000000', '0.000000', '0.000000', '0.000000', '0.000000', '0.000000', '0.000000', '0.000000', 'Unknown_central-hall-university-york_ir_centre_stalls_4_<talker>_<utter>_<noise>_<SNR>dB.wav']
<_io.TextIOWrapper name='/data2/new_wzd/1000Hz/modif_output_wav/Dev/Speech/central-hall-university-york/20221230T174624_test_gen_corpus_dataset_results.csv' mode='a' encoding='UTF-8'> ['10', '1', '16000', 'ir_centre_stalls_4', 'central-hall-university-york', '1', '10', '0.000000', '0.000000', '0.000000', '0.000000', '0.000000', '0.000000', '0.000000', '0.000000', '0.000000', 'Unknown_central-hall-university-york_ir_centre_stalls_4_<talker>_<utter>_<noise>_<SNR>dB.wav']
['11', '1', '16000', 'ir_centre_stalls_4', 'central-hall-university-york', '1', '11', '0.000000', '0.000000', '0.000000', '1.100000', '0.000000', '0.000000', '0.000000', '0.000000', '0.000000', 'Unknown_central-hall-university-york_ir_centre_stalls_4_<talker>_<utter>_<noise>_<SNR>dB.wav']
<_io.TextIOWrapper name='/data2/new_wzd/1000Hz/modif_output_wav/Dev/Speech/central-hall-university-york/20221230T174624_test_gen_corpus_dataset_results.csv' mode='a' encoding='UTF-8'> ['11', '1', '16000', 'ir_centre_stalls_4', 'central-hall-university-york', '1', '11', '0.000000', '0.000000', '0.000000', '1.100000', '0.000000', '0.000000', '0.000000', '0.000000', '0.000000', 'Unknown_central-hall-university-york_ir_centre_stalls_4_<talker>_<utter>_<noise>_<SNR>dB.wav']
['12', '1', '16000', 'ir_centre_stalls_4', 'central-hall-university-york', '1', '12', '0.000000', '0.000000', '0.000000', '0.000000', '0.000000', '0.000000', '0.000000', '0.000000', '0.000000', 'Unknown_central-hall-university-york_ir_centre_stalls_4_<talker>_<utter>_<noise>_<SNR>dB.wav']
<_io.TextIOWrapper name='/data2/new_wzd/1000Hz/modif_output_wav/Dev/Speech/central-hall-university-york/20221230T174624_test_gen_corpus_dataset_results.csv' mode='a' encoding='UTF-8'> ['12', '1', '16000', 'ir_centre_stalls_4', 'central-hall-university-york', '1', '12', '0.000000', '0.000000', '0.000000', '0.000000', '0.000000', '0.000000', '0.000000', '0.000000', '0.000000', 'Unknown_central-hall-university-york_ir_centre_stalls_4_<talker>_<utter>_<noise>_<SNR>dB.wav']
['13', '1', '16000', 'ir_centre_stalls_4', 'central-hall-university-york', '1', '13', '0.000000', '0.000000', '0.000000', '0.000000', '0.000000', '0.000000', '0.000000', '0.000000', '0.000000', 'Unknown_central-hall-university-york_ir_centre_stalls_4_<talker>_<utter>_<noise>_<SNR>dB.wav']
<_io.TextIOWrapper name='/data2/new_wzd/1000Hz/modif_output_wav/Dev/Speech/central-hall-university-york/20221230T174624_test_gen_corpus_dataset_results.csv' mode='a' encoding='UTF-8'> ['13', '1', '16000', 'ir_centre_stalls_4', 'central-hall-university-york', '1', '13', '0.000000', '0.000000', '0.000000', '0.000000', '0.000000', '0.000000', '0.000000', '0.000000', '0.000000', 'Unknown_central-hall-university-york_ir_centre_stalls_4_<talker>_<utter>_<noise>_<SNR>dB.wav']
['14', '1', '16000', 'ir_centre_stalls_4', 'central-hall-university-york', '1', '14', '0.000000', '0.000000', '0.000000', '1.080000', '0.000000', '0.000000', '0.000000', '0.000000', '0.000000', 'Unknown_central-hall-university-york_ir_centre_stalls_4_<talker>_<utter>_<noise>_<SNR>dB.wav']
<_io.TextIOWrapper name='/data2/new_wzd/1000Hz/modif_output_wav/Dev/Speech/central-hall-university-york/20221230T174624_test_gen_corpus_dataset_results.csv' mode='a' encoding='UTF-8'> ['14', '1', '16000', 'ir_centre_stalls_4', 'central-hall-university-york', '1', '14', '0.000000', '0.000000', '0.000000', '1.080000', '0.000000', '0.000000', '0.000000', '0.000000', '0.000000', 'Unknown_central-hall-university-york_ir_centre_stalls_4_<talker>_<utter>_<noise>_<SNR>dB.wav']
['15', '1', '16000', 'ir_centre_stalls_4', 'central-hall-university-york', '1', '15', '0.000000', '0.000000', '0.000000', '0.000000', '0.000000', '0.000000', '0.000000', '0.000000', '0.000000', 'Unknown_central-hall-university-york_ir_centre_stalls_4_<talker>_<utter>_<noise>_<SNR>dB.wav']
<_io.TextIOWrapper name='/data2/new_wzd/1000Hz/modif_output_wav/Dev/Speech/central-hall-university-york/20221230T174624_test_gen_corpus_dataset_results.csv' mode='a' encoding='UTF-8'> ['15', '1', '16000', 'ir_centre_stalls_4', 'central-hall-university-york', '1', '15', '0.000000', '0.000000', '0.000000', '0.000000', '0.000000', '0.000000', '0.000000', '0.000000', '0.000000', 'Unknown_central-hall-university-york_ir_centre_stalls_4_<talker>_<utter>_<noise>_<SNR>dB.wav']
['16', '1', '16000', 'ir_centre_stalls_4', 'central-hall-university-york', '1', '16', '0.000000', '0.000000', '0.000000', '0.000000', '0.000000', '0.000000', '0.000000', '0.000000', '0.000000', 'Unknown_central-hall-university-york_ir_centre_stalls_4_<talker>_<utter>_<noise>_<SNR>dB.wav']
<_io.TextIOWrapper name='/data2/new_wzd/1000Hz/modif_output_wav/Dev/Speech/central-hall-university-york/20221230T174624_test_gen_corpus_dataset_results.csv' mode='a' encoding='UTF-8'> ['16', '1', '16000', 'ir_centre_stalls_4', 'central-hall-university-york', '1', '16', '0.000000', '0.000000', '0.000000', '0.000000', '0.000000', '0.000000', '0.000000', '0.000000', '0.000000', 'Unknown_central-hall-university-york_ir_centre_stalls_4_<talker>_<utter>_<noise>_<SNR>dB.wav']
['17', '1', '16000', 'ir_centre_stalls_4', 'central-hall-university-york', '1', '17', '0.000000', '0.000000', '0.000000', '1.070000', '0.000000', '0.000000', '0.000000', '0.000000', '0.000000', 'Unknown_central-hall-university-york_ir_centre_stalls_4_<talker>_<utter>_<noise>_<SNR>dB.wav']
<_io.TextIOWrapper name='/data2/new_wzd/1000Hz/modif_output_wav/Dev/Speech/central-hall-university-york/20221230T174624_test_gen_corpus_dataset_results.csv' mode='a' encoding='UTF-8'> ['17', '1', '16000', 'ir_centre_stalls_4', 'central-hall-university-york', '1', '17', '0.000000', '0.000000', '0.000000', '1.070000', '0.000000', '0.000000', '0.000000', '0.000000', '0.000000', 'Unknown_central-hall-university-york_ir_centre_stalls_4_<talker>_<utter>_<noise>_<SNR>dB.wav']
['18', '1', '16000', 'ir_centre_stalls_4', 'central-hall-university-york', '1', '18', '0.000000', '0.000000', '0.000000', '0.000000', '0.000000', '0.000000', '0.000000', '0.000000', '0.000000', 'Unknown_central-hall-university-york_ir_centre_stalls_4_<talker>_<utter>_<noise>_<SNR>dB.wav']
<_io.TextIOWrapper name='/data2/new_wzd/1000Hz/modif_output_wav/Dev/Speech/central-hall-university-york/20221230T174624_test_gen_corpus_dataset_results.csv' mode='a' encoding='UTF-8'> ['18', '1', '16000', 'ir_centre_stalls_4', 'central-hall-university-york', '1', '18', '0.000000', '0.000000', '0.000000', '0.000000', '0.000000', '0.000000', '0.000000', '0.000000', '0.000000', 'Unknown_central-hall-university-york_ir_centre_stalls_4_<talker>_<utter>_<noise>_<SNR>dB.wav']
['19', '1', '16000', 'ir_centre_stalls_4', 'central-hall-university-york', '1', '19', '0.000000', '0.000000', '0.000000', '0.000000', '0.000000', '0.000000', '0.000000', '0.000000', '0.000000', 'Unknown_central-hall-university-york_ir_centre_stalls_4_<talker>_<utter>_<noise>_<SNR>dB.wav']
<_io.TextIOWrapper name='/data2/new_wzd/1000Hz/modif_output_wav/Dev/Speech/central-hall-university-york/20221230T174624_test_gen_corpus_dataset_results.csv' mode='a' encoding='UTF-8'> ['19', '1', '16000', 'ir_centre_stalls_4', 'central-hall-university-york', '1', '19', '0.000000', '0.000000', '0.000000', '0.000000', '0.000000', '0.000000', '0.000000', '0.000000', '0.000000', 'Unknown_central-hall-university-york_ir_centre_stalls_4_<talker>_<utter>_<noise>_<SNR>dB.wav']
['20', '1', '16000', 'ir_centre_stalls_4', 'central-hall-university-york', '1', '20', '0.000000', '0.000000', '0.000000', '1.000000', '0.000000', '0.000000', '0.000000', '0.000000', '0.000000', 'Unknown_central-hall-university-york_ir_centre_stalls_4_<talker>_<utter>_<noise>_<SNR>dB.wav']
<_io.TextIOWrapper name='/data2/new_wzd/1000Hz/modif_output_wav/Dev/Speech/central-hall-university-york/20221230T174624_test_gen_corpus_dataset_results.csv' mode='a' encoding='UTF-8'> ['20', '1', '16000', 'ir_centre_stalls_4', 'central-hall-university-york', '1', '20', '0.000000', '0.000000', '0.000000', '1.000000', '0.000000', '0.000000', '0.000000', '0.000000', '0.000000', 'Unknown_central-hall-university-york_ir_centre_stalls_4_<talker>_<utter>_<noise>_<SNR>dB.wav']
['21', '1', '16000', 'ir_centre_stalls_4', 'central-hall-university-york', '1', '21', '0.000000', '0.000000', '0.000000', '0.000000', '0.000000', '0.000000', '0.000000', '0.000000', '0.000000', 'Unknown_central-hall-university-york_ir_centre_stalls_4_<talker>_<utter>_<noise>_<SNR>dB.wav']
<_io.TextIOWrapper name='/data2/new_wzd/1000Hz/modif_output_wav/Dev/Speech/central-hall-university-york/20221230T174624_test_gen_corpus_dataset_results.csv' mode='a' encoding='UTF-8'> ['21', '1', '16000', 'ir_centre_stalls_4', 'central-hall-university-york', '1', '21', '0.000000', '0.000000', '0.000000', '0.000000', '0.000000', '0.000000', '0.000000', '0.000000', '0.000000', 'Unknown_central-hall-university-york_ir_centre_stalls_4_<talker>_<utter>_<noise>_<SNR>dB.wav']
['22', '1', '16000', 'ir_centre_stalls_4', 'central-hall-university-york', '1', '22', '0.000000', '0.000000', '0.000000', '0.000000', '0.000000', '0.000000', '0.000000', '0.000000', '0.000000', 'Unknown_central-hall-university-york_ir_centre_stalls_4_<talker>_<utter>_<noise>_<SNR>dB.wav']
<_io.TextIOWrapper name='/data2/new_wzd/1000Hz/modif_output_wav/Dev/Speech/central-hall-university-york/20221230T174624_test_gen_corpus_dataset_results.csv' mode='a' encoding='UTF-8'> ['22', '1', '16000', 'ir_centre_stalls_4', 'central-hall-university-york', '1', '22', '0.000000', '0.000000', '0.000000', '0.000000', '0.000000', '0.000000', '0.000000', '0.000000', '0.000000', 'Unknown_central-hall-university-york_ir_centre_stalls_4_<talker>_<utter>_<noise>_<SNR>dB.wav']
['23', '1', '16000', 'ir_centre_stalls_4', 'central-hall-university-york', '1', '23', '0.000000', '0.000000', '0.000000', '0.820000', '0.000000', '0.000000', '0.000000', '0.000000', '0.000000', 'Unknown_central-hall-university-york_ir_centre_stalls_4_<talker>_<utter>_<noise>_<SNR>dB.wav']
<_io.TextIOWrapper name='/data2/new_wzd/1000Hz/modif_output_wav/Dev/Speech/central-hall-university-york/20221230T174624_test_gen_corpus_dataset_results.csv' mode='a' encoding='UTF-8'> ['23', '1', '16000', 'ir_centre_stalls_4', 'central-hall-university-york', '1', '23', '0.000000', '0.000000', '0.000000', '0.820000', '0.000000', '0.000000', '0.000000', '0.000000', '0.000000', 'Unknown_central-hall-university-york_ir_centre_stalls_4_<talker>_<utter>_<noise>_<SNR>dB.wav']
['24', '1', '16000', 'ir_centre_stalls_4', 'central-hall-university-york', '1', '24', '0.000000', '0.000000', '0.000000', '0.000000', '0.000000', '0.000000', '0.000000', '0.000000', '0.000000', 'Unknown_central-hall-university-york_ir_centre_stalls_4_<talker>_<utter>_<noise>_<SNR>dB.wav']
<_io.TextIOWrapper name='/data2/new_wzd/1000Hz/modif_output_wav/Dev/Speech/central-hall-university-york/20221230T174624_test_gen_corpus_dataset_results.csv' mode='a' encoding='UTF-8'> ['24', '1', '16000', 'ir_centre_stalls_4', 'central-hall-university-york', '1', '24', '0.000000', '0.000000', '0.000000', '0.000000', '0.000000', '0.000000', '0.000000', '0.000000', '0.000000', 'Unknown_central-hall-university-york_ir_centre_stalls_4_<talker>_<utter>_<noise>_<SNR>dB.wav']
['25', '1', '16000', 'ir_centre_stalls_4', 'central-hall-university-york', '1', '25', '0.000000', '0.000000', '0.000000', '0.000000', '0.000000', '0.000000', '0.000000', '0.000000', '0.000000', 'Unknown_central-hall-university-york_ir_centre_stalls_4_<talker>_<utter>_<noise>_<SNR>dB.wav']
<_io.TextIOWrapper name='/data2/new_wzd/1000Hz/modif_output_wav/Dev/Speech/central-hall-university-york/20221230T174624_test_gen_corpus_dataset_results.csv' mode='a' encoding='UTF-8'> ['25', '1', '16000', 'ir_centre_stalls_4', 'central-hall-university-york', '1', '25', '0.000000', '0.000000', '0.000000', '0.000000', '0.000000', '0.000000', '0.000000', '0.000000', '0.000000', 'Unknown_central-hall-university-york_ir_centre_stalls_4_<talker>_<utter>_<noise>_<SNR>dB.wav']
['26', '1', '16000', 'ir_centre_stalls_4', 'central-hall-university-york', '1', '26', '0.000000', '0.000000', '0.000000', '0.630000', '0.000000', '0.000000', '0.000000', '0.000000', '0.000000', 'Unknown_central-hall-university-york_ir_centre_stalls_4_<talker>_<utter>_<noise>_<SNR>dB.wav']
<_io.TextIOWrapper name='/data2/new_wzd/1000Hz/modif_output_wav/Dev/Speech/central-hall-university-york/20221230T174624_test_gen_corpus_dataset_results.csv' mode='a' encoding='UTF-8'> ['26', '1', '16000', 'ir_centre_stalls_4', 'central-hall-university-york', '1', '26', '0.000000', '0.000000', '0.000000', '0.630000', '0.000000', '0.000000', '0.000000', '0.000000', '0.000000', 'Unknown_central-hall-university-york_ir_centre_stalls_4_<talker>_<utter>_<noise>_<SNR>dB.wav']
['27', '1', '16000', 'ir_centre_stalls_4', 'central-hall-university-york', '1', '27', '0.000000', '0.000000', '0.000000', '0.000000', '0.000000', '0.000000', '0.000000', '0.000000', '0.000000', 'Unknown_central-hall-university-york_ir_centre_stalls_4_<talker>_<utter>_<noise>_<SNR>dB.wav']
<_io.TextIOWrapper name='/data2/new_wzd/1000Hz/modif_output_wav/Dev/Speech/central-hall-university-york/20221230T174624_test_gen_corpus_dataset_results.csv' mode='a' encoding='UTF-8'> ['27', '1', '16000', 'ir_centre_stalls_4', 'central-hall-university-york', '1', '27', '0.000000', '0.000000', '0.000000', '0.000000', '0.000000', '0.000000', '0.000000', '0.000000', '0.000000', 'Unknown_central-hall-university-york_ir_centre_stalls_4_<talker>_<utter>_<noise>_<SNR>dB.wav']
['28', '1', '16000', 'ir_centre_stalls_4', 'central-hall-university-york', '1', '28', '0.000000', '0.000000', '0.000000', '0.000000', '0.000000', '0.000000', '0.000000', '0.000000', '0.000000', 'Unknown_central-hall-university-york_ir_centre_stalls_4_<talker>_<utter>_<noise>_<SNR>dB.wav']
<_io.TextIOWrapper name='/data2/new_wzd/1000Hz/modif_output_wav/Dev/Speech/central-hall-university-york/20221230T174624_test_gen_corpus_dataset_results.csv' mode='a' encoding='UTF-8'> ['28', '1', '16000', 'ir_centre_stalls_4', 'central-hall-university-york', '1', '28', '0.000000', '0.000000', '0.000000', '0.000000', '0.000000', '0.000000', '0.000000', '0.000000', '0.000000', 'Unknown_central-hall-university-york_ir_centre_stalls_4_<talker>_<utter>_<noise>_<SNR>dB.wav']
['29', '1', '16000', 'ir_centre_stalls_4', 'central-hall-university-york', '1', '29', '0.000000', '0.000000', '0.000000', '0.390000', '0.000000', '0.000000', '0.000000', '0.000000', '0.000000', 'Unknown_central-hall-university-york_ir_centre_stalls_4_<talker>_<utter>_<noise>_<SNR>dB.wav']
<_io.TextIOWrapper name='/data2/new_wzd/1000Hz/modif_output_wav/Dev/Speech/central-hall-university-york/20221230T174624_test_gen_corpus_dataset_results.csv' mode='a' encoding='UTF-8'> ['29', '1', '16000', 'ir_centre_stalls_4', 'central-hall-university-york', '1', '29', '0.000000', '0.000000', '0.000000', '0.390000', '0.000000', '0.000000', '0.000000', '0.000000', '0.000000', 'Unknown_central-hall-university-york_ir_centre_stalls_4_<talker>_<utter>_<noise>_<SNR>dB.wav']
['30', '1', '16000', 'ir_centre_stalls_4', 'central-hall-university-york', '1', '30', '0.000000', '0.000000', '0.000000', '0.000000', '0.000000', '0.000000', '0.000000', '0.000000', '0.000000', 'Unknown_central-hall-university-york_ir_centre_stalls_4_<talker>_<utter>_<noise>_<SNR>dB.wav']
<_io.TextIOWrapper name='/data2/new_wzd/1000Hz/modif_output_wav/Dev/Speech/central-hall-university-york/20221230T174624_test_gen_corpus_dataset_results.csv' mode='a' encoding='UTF-8'> ['30', '1', '16000', 'ir_centre_stalls_4', 'central-hall-university-york', '1', '30', '0.000000', '0.000000', '0.000000', '0.000000', '0.000000', '0.000000', '0.000000', '0.000000', '0.000000', 'Unknown_central-hall-university-york_ir_centre_stalls_4_<talker>_<utter>_<noise>_<SNR>dB.wav']
加载timit时间1.1161699295043945
0.005036265404839234 0.000442472820482372 3.3737352983588993
all use time: 0.05942702293395996
写入文件用时：0.20008301734924316
0.005036265404839234 0.000442472820482372 1.066868776532185
all use time: 0.0071675777435302734
写入文件用时：0.17311763763427734
0.005036265404839234 0.000442472820482372 0.3373735298358899
all use time: 0.006705284118652344
写入文件用时：0.18271636962890625
0.005036265404839234 2.4958542460628633e-06 44.920511681170645
all use time: 0.006958484649658203
写入文件用时：0.17346429824829102
0.005036265404839234 2.4958542460628633e-06 14.205113057269866
all use time: 0.0075435638427734375
写入文件用时：0.17301416397094727
0.005036265404839234 2.4958542460628633e-06 4.492051168117064
all use time: 0.0074579715728759766
写入文件用时：0.18151068687438965