OMP: Info #277: omp_set_nested routine deprecated, please use omp_set_max_active_levels instead.
      Test ID:  Ver:  ...  DRR direct +: DRR direct -:
0            1     1  ...              0           NaN
1            2     1  ...              0           NaN
2            3     1  ...              0           NaN
3            4     1  ...              0           NaN
4            5     1  ...              0           NaN
...        ...   ...  ...            ...           ...
5395      5396     1  ...              0           NaN
5396      5397     1  ...              0           NaN
5397      5398     1  ...              0           NaN
5398      5399     1  ...              0           NaN
5399      5400     1  ...              0           NaN

[5400 rows x 33 columns]
/data2/new_wzd/1000Hz/RIR_Data/Speech/
resultFilename: /data2/new_wzd/1000Hz/modif_output_wav/Dev/Speech/creswell-crags/20221230T174624_test_gen_corpus_dataset_results.csv
加载一条rir的时间是:0.4871959686279297
[]
读取15条语音的时间是:19.0178062915802
['1', '1', '16000', '1_s_mainlevel_r_mainlevel2_2', 'creswell-crags', '1', '1', '0.000000', '0.000000', '0.000000', '0.000000', '0.000000', '0.000000', '0.000000', '0.000000', '0.000000', 'Unknown_creswell-crags_1_s_mainlevel_r_mainlevel2_2_<talker>_<utter>_<noise>_<SNR>dB.wav']
<_io.TextIOWrapper name='/data2/new_wzd/1000Hz/modif_output_wav/Dev/Speech/creswell-crags/20221230T174624_test_gen_corpus_dataset_results.csv' mode='a' encoding='UTF-8'> ['1', '1', '16000', '1_s_mainlevel_r_mainlevel2_2', 'creswell-crags', '1', '1', '0.000000', '0.000000', '0.000000', '0.000000', '0.000000', '0.000000', '0.000000', '0.000000', '0.000000', 'Unknown_creswell-crags_1_s_mainlevel_r_mainlevel2_2_<talker>_<utter>_<noise>_<SNR>dB.wav']
['2', '1', '16000', '1_s_mainlevel_r_mainlevel2_2', 'creswell-crags', '1', '2', '0.000000', '0.000000', '0.000000', '0.987000', '0.000000', '0.000000', '0.000000', '0.000000', '0.000000', 'Unknown_creswell-crags_1_s_mainlevel_r_mainlevel2_2_<talker>_<utter>_<noise>_<SNR>dB.wav']
<_io.TextIOWrapper name='/data2/new_wzd/1000Hz/modif_output_wav/Dev/Speech/creswell-crags/20221230T174624_test_gen_corpus_dataset_results.csv' mode='a' encoding='UTF-8'> ['2', '1', '16000', '1_s_mainlevel_r_mainlevel2_2', 'creswell-crags', '1', '2', '0.000000', '0.000000', '0.000000', '0.987000', '0.000000', '0.000000', '0.000000', '0.000000', '0.000000', 'Unknown_creswell-crags_1_s_mainlevel_r_mainlevel2_2_<talker>_<utter>_<noise>_<SNR>dB.wav']
['3', '1', '16000', '1_s_mainlevel_r_mainlevel2_2', 'creswell-crags', '1', '3', '0.000000', '0.000000', '0.000000', '0.000000', '0.000000', '0.000000', '0.000000', '0.000000', '0.000000', 'Unknown_creswell-crags_1_s_mainlevel_r_mainlevel2_2_<talker>_<utter>_<noise>_<SNR>dB.wav']
<_io.TextIOWrapper name='/data2/new_wzd/1000Hz/modif_output_wav/Dev/Speech/creswell-crags/20221230T174624_test_gen_corpus_dataset_results.csv' mode='a' encoding='UTF-8'> ['3', '1', '16000', '1_s_mainlevel_r_mainlevel2_2', 'creswell-crags', '1', '3', '0.000000', '0.000000', '0.000000', '0.000000', '0.000000', '0.000000', '0.000000', '0.000000', '0.000000', 'Unknown_creswell-crags_1_s_mainlevel_r_mainlevel2_2_<talker>_<utter>_<noise>_<SNR>dB.wav']
['4', '1', '16000', '1_s_mainlevel_r_mainlevel2_2', 'creswell-crags', '1', '4', '0.000000', '0.000000', '0.000000', '0.000000', '0.000000', '0.000000', '0.000000', '0.000000', '0.000000', 'Unknown_creswell-crags_1_s_mainlevel_r_mainlevel2_2_<talker>_<utter>_<noise>_<SNR>dB.wav']
<_io.TextIOWrapper name='/data2/new_wzd/1000Hz/modif_output_wav/Dev/Speech/creswell-crags/20221230T174624_test_gen_corpus_dataset_results.csv' mode='a' encoding='UTF-8'> ['4', '1', '16000', '1_s_mainlevel_r_mainlevel2_2', 'creswell-crags', '1', '4', '0.000000', '0.000000', '0.000000', '0.000000', '0.000000', '0.000000', '0.000000', '0.000000', '0.000000', 'Unknown_creswell-crags_1_s_mainlevel_r_mainlevel2_2_<talker>_<utter>_<noise>_<SNR>dB.wav']
['5', '1', '16000', '1_s_mainlevel_r_mainlevel2_2', 'creswell-crags', '1', '5', '0.000000', '0.000000', '0.000000', '1.047000', '0.000000', '0.000000', '0.000000', '0.000000', '0.000000', 'Unknown_creswell-crags_1_s_mainlevel_r_mainlevel2_2_<talker>_<utter>_<noise>_<SNR>dB.wav']
<_io.TextIOWrapper name='/data2/new_wzd/1000Hz/modif_output_wav/Dev/Speech/creswell-crags/20221230T174624_test_gen_corpus_dataset_results.csv' mode='a' encoding='UTF-8'> ['5', '1', '16000', '1_s_mainlevel_r_mainlevel2_2', 'creswell-crags', '1', '5', '0.000000', '0.000000', '0.000000', '1.047000', '0.000000', '0.000000', '0.000000', '0.000000', '0.000000', 'Unknown_creswell-crags_1_s_mainlevel_r_mainlevel2_2_<talker>_<utter>_<noise>_<SNR>dB.wav']
['6', '1', '16000', '1_s_mainlevel_r_mainlevel2_2', 'creswell-crags', '1', '6', '0.000000', '0.000000', '0.000000', '0.000000', '0.000000', '0.000000', '0.000000', '0.000000', '0.000000', 'Unknown_creswell-crags_1_s_mainlevel_r_mainlevel2_2_<talker>_<utter>_<noise>_<SNR>dB.wav']
<_io.TextIOWrapper name='/data2/new_wzd/1000Hz/modif_output_wav/Dev/Speech/creswell-crags/20221230T174624_test_gen_corpus_dataset_results.csv' mode='a' encoding='UTF-8'> ['6', '1', '16000', '1_s_mainlevel_r_mainlevel2_2', 'creswell-crags', '1', '6', '0.000000', '0.000000', '0.000000', '0.000000', '0.000000', '0.000000', '0.000000', '0.000000', '0.000000', 'Unknown_creswell-crags_1_s_mainlevel_r_mainlevel2_2_<talker>_<utter>_<noise>_<SNR>dB.wav']
['7', '1', '16000', '1_s_mainlevel_r_mainlevel2_2', 'creswell-crags', '1', '7', '0.000000', '0.000000', '0.000000', '0.000000', '0.000000', '0.000000', '0.000000', '0.000000', '0.000000', 'Unknown_creswell-crags_1_s_mainlevel_r_mainlevel2_2_<talker>_<utter>_<noise>_<SNR>dB.wav']
<_io.TextIOWrapper name='/data2/new_wzd/1000Hz/modif_output_wav/Dev/Speech/creswell-crags/20221230T174624_test_gen_corpus_dataset_results.csv' mode='a' encoding='UTF-8'> ['7', '1', '16000', '1_s_mainlevel_r_mainlevel2_2', 'creswell-crags', '1', '7', '0.000000', '0.000000', '0.000000', '0.000000', '0.000000', '0.000000', '0.000000', '0.000000', '0.000000', 'Unknown_creswell-crags_1_s_mainlevel_r_mainlevel2_2_<talker>_<utter>_<noise>_<SNR>dB.wav']
['8', '1', '16000', '1_s_mainlevel_r_mainlevel2_2', 'creswell-crags', '1', '8', '0.000000', '0.000000', '0.000000', '1.009500', '0.000000', '0.000000', '0.000000', '0.000000', '0.000000', 'Unknown_creswell-crags_1_s_mainlevel_r_mainlevel2_2_<talker>_<utter>_<noise>_<SNR>dB.wav']
<_io.TextIOWrapper name='/data2/new_wzd/1000Hz/modif_output_wav/Dev/Speech/creswell-crags/20221230T174624_test_gen_corpus_dataset_results.csv' mode='a' encoding='UTF-8'> ['8', '1', '16000', '1_s_mainlevel_r_mainlevel2_2', 'creswell-crags', '1', '8', '0.000000', '0.000000', '0.000000', '1.009500', '0.000000', '0.000000', '0.000000', '0.000000', '0.000000', 'Unknown_creswell-crags_1_s_mainlevel_r_mainlevel2_2_<talker>_<utter>_<noise>_<SNR>dB.wav']
['9', '1', '16000', '1_s_mainlevel_r_mainlevel2_2', 'creswell-crags', '1', '9', '0.000000', '0.000000', '0.000000', '0.000000', '0.000000', '0.000000', '0.000000', '0.000000', '0.000000', 'Unknown_creswell-crags_1_s_mainlevel_r_mainlevel2_2_<talker>_<utter>_<noise>_<SNR>dB.wav']
<_io.TextIOWrapper name='/data2/new_wzd/1000Hz/modif_output_wav/Dev/Speech/creswell-crags/20221230T174624_test_gen_corpus_dataset_results.csv' mode='a' encoding='UTF-8'> ['9', '1', '16000', '1_s_mainlevel_r_mainlevel2_2', 'creswell-crags', '1', '9', '0.000000', '0.000000', '0.000000', '0.000000', '0.000000', '0.000000', '0.000000', '0.000000', '0.000000', 'Unknown_creswell-crags_1_s_mainlevel_r_mainlevel2_2_<talker>_<utter>_<noise>_<SNR>dB.wav']
['10', '1', '16000', '1_s_mainlevel_r_mainlevel2_2', 'creswell-crags', '1', '10', '0.000000', '0.000000', '0.000000', '0.000000', '0.000000', '0.000000', '0.000000', '0.000000', '0.000000', 'Unknown_creswell-crags_1_s_mainlevel_r_mainlevel2_2_<talker>_<utter>_<noise>_<SNR>dB.wav']
<_io.TextIOWrapper name='/data2/new_wzd/1000Hz/modif_output_wav/Dev/Speech/creswell-crags/20221230T174624_test_gen_corpus_dataset_results.csv' mode='a' encoding='UTF-8'> ['10', '1', '16000', '1_s_mainlevel_r_mainlevel2_2', 'creswell-crags', '1', '10', '0.000000', '0.000000', '0.000000', '0.000000', '0.000000', '0.000000', '0.000000', '0.000000', '0.000000', 'Unknown_creswell-crags_1_s_mainlevel_r_mainlevel2_2_<talker>_<utter>_<noise>_<SNR>dB.wav']
['11', '1', '16000', '1_s_mainlevel_r_mainlevel2_2', 'creswell-crags', '1', '11', '0.000000', '0.000000', '0.000000', '0.810500', '0.000000', '0.000000', '0.000000', '0.000000', '0.000000', 'Unknown_creswell-crags_1_s_mainlevel_r_mainlevel2_2_<talker>_<utter>_<noise>_<SNR>dB.wav']
<_io.TextIOWrapper name='/data2/new_wzd/1000Hz/modif_output_wav/Dev/Speech/creswell-crags/20221230T174624_test_gen_corpus_dataset_results.csv' mode='a' encoding='UTF-8'> ['11', '1', '16000', '1_s_mainlevel_r_mainlevel2_2', 'creswell-crags', '1', '11', '0.000000', '0.000000', '0.000000', '0.810500', '0.000000', '0.000000', '0.000000', '0.000000', '0.000000', 'Unknown_creswell-crags_1_s_mainlevel_r_mainlevel2_2_<talker>_<utter>_<noise>_<SNR>dB.wav']
['12', '1', '16000', '1_s_mainlevel_r_mainlevel2_2', 'creswell-crags', '1', '12', '0.000000', '0.000000', '0.000000', '0.000000', '0.000000', '0.000000', '0.000000', '0.000000', '0.000000', 'Unknown_creswell-crags_1_s_mainlevel_r_mainlevel2_2_<talker>_<utter>_<noise>_<SNR>dB.wav']
<_io.TextIOWrapper name='/data2/new_wzd/1000Hz/modif_output_wav/Dev/Speech/creswell-crags/20221230T174624_test_gen_corpus_dataset_results.csv' mode='a' encoding='UTF-8'> ['12', '1', '16000', '1_s_mainlevel_r_mainlevel2_2', 'creswell-crags', '1', '12', '0.000000', '0.000000', '0.000000', '0.000000', '0.000000', '0.000000', '0.000000', '0.000000', '0.000000', 'Unknown_creswell-crags_1_s_mainlevel_r_mainlevel2_2_<talker>_<utter>_<noise>_<SNR>dB.wav']
['13', '1', '16000', '1_s_mainlevel_r_mainlevel2_2', 'creswell-crags', '1', '13', '0.000000', '0.000000', '0.000000', '0.000000', '0.000000', '0.000000', '0.000000', '0.000000', '0.000000', 'Unknown_creswell-crags_1_s_mainlevel_r_mainlevel2_2_<talker>_<utter>_<noise>_<SNR>dB.wav']
<_io.TextIOWrapper name='/data2/new_wzd/1000Hz/modif_output_wav/Dev/Speech/creswell-crags/20221230T174624_test_gen_corpus_dataset_results.csv' mode='a' encoding='UTF-8'> ['13', '1', '16000', '1_s_mainlevel_r_mainlevel2_2', 'creswell-crags', '1', '13', '0.000000', '0.000000', '0.000000', '0.000000', '0.000000', '0.000000', '0.000000', '0.000000', '0.000000', 'Unknown_creswell-crags_1_s_mainlevel_r_mainlevel2_2_<talker>_<utter>_<noise>_<SNR>dB.wav']
['14', '1', '16000', '1_s_mainlevel_r_mainlevel2_2', 'creswell-crags', '1', '14', '0.000000', '0.000000', '0.000000', '0.624000', '0.000000', '0.000000', '0.000000', '0.000000', '0.000000', 'Unknown_creswell-crags_1_s_mainlevel_r_mainlevel2_2_<talker>_<utter>_<noise>_<SNR>dB.wav']
<_io.TextIOWrapper name='/data2/new_wzd/1000Hz/modif_output_wav/Dev/Speech/creswell-crags/20221230T174624_test_gen_corpus_dataset_results.csv' mode='a' encoding='UTF-8'> ['14', '1', '16000', '1_s_mainlevel_r_mainlevel2_2', 'creswell-crags', '1', '14', '0.000000', '0.000000', '0.000000', '0.624000', '0.000000', '0.000000', '0.000000', '0.000000', '0.000000', 'Unknown_creswell-crags_1_s_mainlevel_r_mainlevel2_2_<talker>_<utter>_<noise>_<SNR>dB.wav']
['15', '1', '16000', '1_s_mainlevel_r_mainlevel2_2', 'creswell-crags', '1', '15', '0.000000', '0.000000', '0.000000', '0.000000', '0.000000', '0.000000', '0.000000', '0.000000', '0.000000', 'Unknown_creswell-crags_1_s_mainlevel_r_mainlevel2_2_<talker>_<utter>_<noise>_<SNR>dB.wav']
<_io.TextIOWrapper name='/data2/new_wzd/1000Hz/modif_output_wav/Dev/Speech/creswell-crags/20221230T174624_test_gen_corpus_dataset_results.csv' mode='a' encoding='UTF-8'> ['15', '1', '16000', '1_s_mainlevel_r_mainlevel2_2', 'creswell-crags', '1', '15', '0.000000', '0.000000', '0.000000', '0.000000', '0.000000', '0.000000', '0.000000', '0.000000', '0.000000', 'Unknown_creswell-crags_1_s_mainlevel_r_mainlevel2_2_<talker>_<utter>_<noise>_<SNR>dB.wav']
['16', '1', '16000', '1_s_mainlevel_r_mainlevel2_2', 'creswell-crags', '1', '16', '0.000000', '0.000000', '0.000000', '0.000000', '0.000000', '0.000000', '0.000000', '0.000000', '0.000000', 'Unknown_creswell-crags_1_s_mainlevel_r_mainlevel2_2_<talker>_<utter>_<noise>_<SNR>dB.wav']
<_io.TextIOWrapper name='/data2/new_wzd/1000Hz/modif_output_wav/Dev/Speech/creswell-crags/20221230T174624_test_gen_corpus_dataset_results.csv' mode='a' encoding='UTF-8'> ['16', '1', '16000', '1_s_mainlevel_r_mainlevel2_2', 'creswell-crags', '1', '16', '0.000000', '0.000000', '0.000000', '0.000000', '0.000000', '0.000000', '0.000000', '0.000000', '0.000000', 'Unknown_creswell-crags_1_s_mainlevel_r_mainlevel2_2_<talker>_<utter>_<noise>_<SNR>dB.wav']
['17', '1', '16000', '1_s_mainlevel_r_mainlevel2_2', 'creswell-crags', '1', '17', '0.000000', '0.000000', '0.000000', '0.531000', '0.000000', '0.000000', '0.000000', '0.000000', '0.000000', 'Unknown_creswell-crags_1_s_mainlevel_r_mainlevel2_2_<talker>_<utter>_<noise>_<SNR>dB.wav']
<_io.TextIOWrapper name='/data2/new_wzd/1000Hz/modif_output_wav/Dev/Speech/creswell-crags/20221230T174624_test_gen_corpus_dataset_results.csv' mode='a' encoding='UTF-8'> ['17', '1', '16000', '1_s_mainlevel_r_mainlevel2_2', 'creswell-crags', '1', '17', '0.000000', '0.000000', '0.000000', '0.531000', '0.000000', '0.000000', '0.000000', '0.000000', '0.000000', 'Unknown_creswell-crags_1_s_mainlevel_r_mainlevel2_2_<talker>_<utter>_<noise>_<SNR>dB.wav']
['18', '1', '16000', '1_s_mainlevel_r_mainlevel2_2', 'creswell-crags', '1', '18', '0.000000', '0.000000', '0.000000', '0.000000', '0.000000', '0.000000', '0.000000', '0.000000', '0.000000', 'Unknown_creswell-crags_1_s_mainlevel_r_mainlevel2_2_<talker>_<utter>_<noise>_<SNR>dB.wav']
<_io.TextIOWrapper name='/data2/new_wzd/1000Hz/modif_output_wav/Dev/Speech/creswell-crags/20221230T174624_test_gen_corpus_dataset_results.csv' mode='a' encoding='UTF-8'> ['18', '1', '16000', '1_s_mainlevel_r_mainlevel2_2', 'creswell-crags', '1', '18', '0.000000', '0.000000', '0.000000', '0.000000', '0.000000', '0.000000', '0.000000', '0.000000', '0.000000', 'Unknown_creswell-crags_1_s_mainlevel_r_mainlevel2_2_<talker>_<utter>_<noise>_<SNR>dB.wav']
['19', '1', '16000', '1_s_mainlevel_r_mainlevel2_2', 'creswell-crags', '1', '19', '0.000000', '0.000000', '0.000000', '0.000000', '0.000000', '0.000000', '0.000000', '0.000000', '0.000000', 'Unknown_creswell-crags_1_s_mainlevel_r_mainlevel2_2_<talker>_<utter>_<noise>_<SNR>dB.wav']
<_io.TextIOWrapper name='/data2/new_wzd/1000Hz/modif_output_wav/Dev/Speech/creswell-crags/20221230T174624_test_gen_corpus_dataset_results.csv' mode='a' encoding='UTF-8'> ['19', '1', '16000', '1_s_mainlevel_r_mainlevel2_2', 'creswell-crags', '1', '19', '0.000000', '0.000000', '0.000000', '0.000000', '0.000000', '0.000000', '0.000000', '0.000000', '0.000000', 'Unknown_creswell-crags_1_s_mainlevel_r_mainlevel2_2_<talker>_<utter>_<noise>_<SNR>dB.wav']
['20', '1', '16000', '1_s_mainlevel_r_mainlevel2_2', 'creswell-crags', '1', '20', '0.000000', '0.000000', '0.000000', '0.439000', '0.000000', '0.000000', '0.000000', '0.000000', '0.000000', 'Unknown_creswell-crags_1_s_mainlevel_r_mainlevel2_2_<talker>_<utter>_<noise>_<SNR>dB.wav']
<_io.TextIOWrapper name='/data2/new_wzd/1000Hz/modif_output_wav/Dev/Speech/creswell-crags/20221230T174624_test_gen_corpus_dataset_results.csv' mode='a' encoding='UTF-8'> ['20', '1', '16000', '1_s_mainlevel_r_mainlevel2_2', 'creswell-crags', '1', '20', '0.000000', '0.000000', '0.000000', '0.439000', '0.000000', '0.000000', '0.000000', '0.000000', '0.000000', 'Unknown_creswell-crags_1_s_mainlevel_r_mainlevel2_2_<talker>_<utter>_<noise>_<SNR>dB.wav']
['21', '1', '16000', '1_s_mainlevel_r_mainlevel2_2', 'creswell-crags', '1', '21', '0.000000', '0.000000', '0.000000', '0.000000', '0.000000', '0.000000', '0.000000', '0.000000', '0.000000', 'Unknown_creswell-crags_1_s_mainlevel_r_mainlevel2_2_<talker>_<utter>_<noise>_<SNR>dB.wav']
<_io.TextIOWrapper name='/data2/new_wzd/1000Hz/modif_output_wav/Dev/Speech/creswell-crags/20221230T174624_test_gen_corpus_dataset_results.csv' mode='a' encoding='UTF-8'> ['21', '1', '16000', '1_s_mainlevel_r_mainlevel2_2', 'creswell-crags', '1', '21', '0.000000', '0.000000', '0.000000', '0.000000', '0.000000', '0.000000', '0.000000', '0.000000', '0.000000', 'Unknown_creswell-crags_1_s_mainlevel_r_mainlevel2_2_<talker>_<utter>_<noise>_<SNR>dB.wav']
['22', '1', '16000', '1_s_mainlevel_r_mainlevel2_2', 'creswell-crags', '1', '22', '0.000000', '0.000000', '0.000000', '0.000000', '0.000000', '0.000000', '0.000000', '0.000000', '0.000000', 'Unknown_creswell-crags_1_s_mainlevel_r_mainlevel2_2_<talker>_<utter>_<noise>_<SNR>dB.wav']
<_io.TextIOWrapper name='/data2/new_wzd/1000Hz/modif_output_wav/Dev/Speech/creswell-crags/20221230T174624_test_gen_corpus_dataset_results.csv' mode='a' encoding='UTF-8'> ['22', '1', '16000', '1_s_mainlevel_r_mainlevel2_2', 'creswell-crags', '1', '22', '0.000000', '0.000000', '0.000000', '0.000000', '0.000000', '0.000000', '0.000000', '0.000000', '0.000000', 'Unknown_creswell-crags_1_s_mainlevel_r_mainlevel2_2_<talker>_<utter>_<noise>_<SNR>dB.wav']
['23', '1', '16000', '1_s_mainlevel_r_mainlevel2_2', 'creswell-crags', '1', '23', '0.000000', '0.000000', '0.000000', '0.368500', '0.000000', '0.000000', '0.000000', '0.000000', '0.000000', 'Unknown_creswell-crags_1_s_mainlevel_r_mainlevel2_2_<talker>_<utter>_<noise>_<SNR>dB.wav']
<_io.TextIOWrapper name='/data2/new_wzd/1000Hz/modif_output_wav/Dev/Speech/creswell-crags/20221230T174624_test_gen_corpus_dataset_results.csv' mode='a' encoding='UTF-8'> ['23', '1', '16000', '1_s_mainlevel_r_mainlevel2_2', 'creswell-crags', '1', '23', '0.000000', '0.000000', '0.000000', '0.368500', '0.000000', '0.000000', '0.000000', '0.000000', '0.000000', 'Unknown_creswell-crags_1_s_mainlevel_r_mainlevel2_2_<talker>_<utter>_<noise>_<SNR>dB.wav']
['24', '1', '16000', '1_s_mainlevel_r_mainlevel2_2', 'creswell-crags', '1', '24', '0.000000', '0.000000', '0.000000', '0.000000', '0.000000', '0.000000', '0.000000', '0.000000', '0.000000', 'Unknown_creswell-crags_1_s_mainlevel_r_mainlevel2_2_<talker>_<utter>_<noise>_<SNR>dB.wav']
<_io.TextIOWrapper name='/data2/new_wzd/1000Hz/modif_output_wav/Dev/Speech/creswell-crags/20221230T174624_test_gen_corpus_dataset_results.csv' mode='a' encoding='UTF-8'> ['24', '1', '16000', '1_s_mainlevel_r_mainlevel2_2', 'creswell-crags', '1', '24', '0.000000', '0.000000', '0.000000', '0.000000', '0.000000', '0.000000', '0.000000', '0.000000', '0.000000', 'Unknown_creswell-crags_1_s_mainlevel_r_mainlevel2_2_<talker>_<utter>_<noise>_<SNR>dB.wav']
['25', '1', '16000', '1_s_mainlevel_r_mainlevel2_2', 'creswell-crags', '1', '25', '0.000000', '0.000000', '0.000000', '0.000000', '0.000000', '0.000000', '0.000000', '0.000000', '0.000000', 'Unknown_creswell-crags_1_s_mainlevel_r_mainlevel2_2_<talker>_<utter>_<noise>_<SNR>dB.wav']
<_io.TextIOWrapper name='/data2/new_wzd/1000Hz/modif_output_wav/Dev/Speech/creswell-crags/20221230T174624_test_gen_corpus_dataset_results.csv' mode='a' encoding='UTF-8'> ['25', '1', '16000', '1_s_mainlevel_r_mainlevel2_2', 'creswell-crags', '1', '25', '0.000000', '0.000000', '0.000000', '0.000000', '0.000000', '0.000000', '0.000000', '0.000000', '0.000000', 'Unknown_creswell-crags_1_s_mainlevel_r_mainlevel2_2_<talker>_<utter>_<noise>_<SNR>dB.wav']
['26', '1', '16000', '1_s_mainlevel_r_mainlevel2_2', 'creswell-crags', '1', '26', '0.000000', '0.000000', '0.000000', '0.300000', '0.000000', '0.000000', '0.000000', '0.000000', '0.000000', 'Unknown_creswell-crags_1_s_mainlevel_r_mainlevel2_2_<talker>_<utter>_<noise>_<SNR>dB.wav']
<_io.TextIOWrapper name='/data2/new_wzd/1000Hz/modif_output_wav/Dev/Speech/creswell-crags/20221230T174624_test_gen_corpus_dataset_results.csv' mode='a' encoding='UTF-8'> ['26', '1', '16000', '1_s_mainlevel_r_mainlevel2_2', 'creswell-crags', '1', '26', '0.000000', '0.000000', '0.000000', '0.300000', '0.000000', '0.000000', '0.000000', '0.000000', '0.000000', 'Unknown_creswell-crags_1_s_mainlevel_r_mainlevel2_2_<talker>_<utter>_<noise>_<SNR>dB.wav']
['27', '1', '16000', '1_s_mainlevel_r_mainlevel2_2', 'creswell-crags', '1', '27', '0.000000', '0.000000', '0.000000', '0.000000', '0.000000', '0.000000', '0.000000', '0.000000', '0.000000', 'Unknown_creswell-crags_1_s_mainlevel_r_mainlevel2_2_<talker>_<utter>_<noise>_<SNR>dB.wav']
<_io.TextIOWrapper name='/data2/new_wzd/1000Hz/modif_output_wav/Dev/Speech/creswell-crags/20221230T174624_test_gen_corpus_dataset_results.csv' mode='a' encoding='UTF-8'> ['27', '1', '16000', '1_s_mainlevel_r_mainlevel2_2', 'creswell-crags', '1', '27', '0.000000', '0.000000', '0.000000', '0.000000', '0.000000', '0.000000', '0.000000', '0.000000', '0.000000', 'Unknown_creswell-crags_1_s_mainlevel_r_mainlevel2_2_<talker>_<utter>_<noise>_<SNR>dB.wav']
['28', '1', '16000', '1_s_mainlevel_r_mainlevel2_2', 'creswell-crags', '1', '28', '0.000000', '0.000000', '0.000000', '0.000000', '0.000000', '0.000000', '0.000000', '0.000000', '0.000000', 'Unknown_creswell-crags_1_s_mainlevel_r_mainlevel2_2_<talker>_<utter>_<noise>_<SNR>dB.wav']
<_io.TextIOWrapper name='/data2/new_wzd/1000Hz/modif_output_wav/Dev/Speech/creswell-crags/20221230T174624_test_gen_corpus_dataset_results.csv' mode='a' encoding='UTF-8'> ['28', '1', '16000', '1_s_mainlevel_r_mainlevel2_2', 'creswell-crags', '1', '28', '0.000000', '0.000000', '0.000000', '0.000000', '0.000000', '0.000000', '0.000000', '0.000000', '0.000000', 'Unknown_creswell-crags_1_s_mainlevel_r_mainlevel2_2_<talker>_<utter>_<noise>_<SNR>dB.wav']
['29', '1', '16000', '1_s_mainlevel_r_mainlevel2_2', 'creswell-crags', '1', '29', '0.000000', '0.000000', '0.000000', '0.205000', '0.000000', '0.000000', '0.000000', '0.000000', '0.000000', 'Unknown_creswell-crags_1_s_mainlevel_r_mainlevel2_2_<talker>_<utter>_<noise>_<SNR>dB.wav']
<_io.TextIOWrapper name='/data2/new_wzd/1000Hz/modif_output_wav/Dev/Speech/creswell-crags/20221230T174624_test_gen_corpus_dataset_results.csv' mode='a' encoding='UTF-8'> ['29', '1', '16000', '1_s_mainlevel_r_mainlevel2_2', 'creswell-crags', '1', '29', '0.000000', '0.000000', '0.000000', '0.205000', '0.000000', '0.000000', '0.000000', '0.000000', '0.000000', 'Unknown_creswell-crags_1_s_mainlevel_r_mainlevel2_2_<talker>_<utter>_<noise>_<SNR>dB.wav']
['30', '1', '16000', '1_s_mainlevel_r_mainlevel2_2', 'creswell-crags', '1', '30', '0.000000', '0.000000', '0.000000', '0.000000', '0.000000', '0.000000', '0.000000', '0.000000', '0.000000', 'Unknown_creswell-crags_1_s_mainlevel_r_mainlevel2_2_<talker>_<utter>_<noise>_<SNR>dB.wav']
<_io.TextIOWrapper name='/data2/new_wzd/1000Hz/modif_output_wav/Dev/Speech/creswell-crags/20221230T174624_test_gen_corpus_dataset_results.csv' mode='a' encoding='UTF-8'> ['30', '1', '16000', '1_s_mainlevel_r_mainlevel2_2', 'creswell-crags', '1', '30', '0.000000', '0.000000', '0.000000', '0.000000', '0.000000', '0.000000', '0.000000', '0.000000', '0.000000', 'Unknown_creswell-crags_1_s_mainlevel_r_mainlevel2_2_<talker>_<utter>_<noise>_<SNR>dB.wav']
加载timit时间1.2209913730621338
0.0026163969294332938 0.0019808219704486223 1.14928858496957
all use time: 0.05946063995361328
写入文件用时：0.10685539245605469
0.0026163969294332938 0.0019808219704486223 0.3634369617335799
all use time: 0.008035421371459961
写入文件用时：0.07638239860534668
0.0026163969294332938 0.0019808219704486223 0.11492885849695698
all use time: 0.007349491119384766
写入文件用时：0.07714366912841797
0.0026163969294332938 1.7688265159783792e-06 38.45999251548637
all use time: 0.007752656936645508
写入文件用时：0.09399032592773438
0.0026163969294332938 1.7688265159783792e-06 12.162117514196563
all use time: 0.007265806198120117
写入文件用时：0.08420634269714355
0.0026163969294332938 1.7688265159783792e-06 3.845999251548637
all use time: 0.036438941955566406
写入文件用时：0.1375417709350586
0.0026163969294332938 6.701561647077169e-06 19.758947481709875
all use time: 0.009490966796875
写入文件用时：0.1965315341949463
0.0026163969294332938 6.701561647077169e-06 6.248327820985139
all use time: 0.007570981979370117
写入文件用时：0.19850492477416992
0.0026163969294332938 6.701561647077169e-06 1.9758947481709874
all use time: 0.008052587509155273
写入文件用时：0.2221238613128662
0.0026163969294332938 0.0001868785431602283 3.7417269801281
all use time: 0.008381843566894531
写入文件用时：0.2226271629333496
0.0026163969294332938 0.0001868785431602283 1.1832379639708384
all use time: 0.007408618927001953
写入文件用时：0.22303295135498047
0.0026163969294332938 0.0001868785431602283 0.37417269801281
all use time: 0.007770061492919922
写入文件用时：0.18998241424560547
0.0026163969294332938 0.002315869314879282 1.0629058350009555
all use time: 0.008455753326416016
写入文件用时：0.18871426582336426
0.0026163969294332938 0.002315869314879282 0.3361203376886139
all use time: 0.0076100826263427734
写入文件用时：0.1889786720275879
0.0026163969294332938 0.002315869314879282 0.10629058350009554
all use time: 0.009209394454956055
写入文件用时：0.16232514381408691
0.0026163969294332938 6.98247881734545e-07 61.213470418148795
all use time: 0.009875297546386719
写入文件用时：0.17848634719848633
0.0026163969294332938 6.98247881734545e-07 19.357399000468988
all use time: 0.009204387664794922
写入文件用时：0.19110417366027832
0.0026163969294332938 6.98247881734545e-07 6.12134704181488
all use time: 0.009309053421020508
写入文件用时：0.20440030097961426
0.0026163969294332938 7.392291120415605e-05 5.949250893535918
all use time: 0.010175704956054688
写入文件用时：0.19862675666809082
0.0026163969294332938 7.392291120415605e-05 1.8813183195365406
all use time: 0.0075190067291259766
写入文件用时：0.21390604972839355
0.0026163969294332938 7.392291120415605e-05 0.5949250893535919
all use time: 0.017000436782836914
写入文件用时：0.17107582092285156
0.0026163969294332938 0.0004336293012304415 2.4563627625783937
all use time: 0.008844375610351562
写入文件用时：0.20656418800354004
0.0026163969294332938 0.0004336293012304415 0.7767701089371138
all use time: 0.01721954345703125
写入文件用时：0.16032838821411133
0.0026163969294332938 0.0004336293012304415 0.24563627625783938
all use time: 0.007886648178100586
写入文件用时：0.22188472747802734
0.0026163969294332938 0.0001719648866757571 3.900604580965826
all use time: 0.008892059326171875
写入文件用时：0.2300572395324707
0.0026163969294332938 0.0001719648866757571 1.2334794727538674
all use time: 0.017148494720458984
写入文件用时：0.2632174491882324
0.0026163969294332938 0.0001719648866757571 0.3900604580965826
all use time: 0.017103195190429688
写入文件用时：0.22186565399169922
0.0026163969294332938 0.0001524118339098027 4.143262707147742
all use time: 0.00976109504699707
写入文件用时：0.20764994621276855
0.0026163969294332938 0.0001524118339098027 1.3102147099022066
all use time: 0.03604555130004883
写入文件用时：0.19473981857299805
0.0026163969294332938 0.0001524118339098027 0.41432627071477424
all use time: 0.008205413818359375
写入文件用时：0.23956084251403809
0.0026163969294332938 0.0011769717088682258 1.4909696514591513
all use time: 0.007800102233886719
写入文件用时：0.1808781623840332
0.0026163969294332938 0.0011769717088682258 0.47148600207983093
all use time: 0.01714920997619629
写入文件用时：0.16672086715698242
0.0026163969294332938 0.0011769717088682258 0.14909696514591514
all use time: 0.016823530197143555
写入文件用时：0.1700894832611084
0.0026163969294332938 0.0002189768838053649 3.456628288391072
all use time: 0.00869441032409668
写入文件用时：0.2226099967956543
0.0026163969294332938 0.0002189768838053649 1.093081841588515
all use time: 0.02492046356201172
写入文件用时：0.18807411193847656
0.0026163969294332938 0.0002189768838053649 0.3456628288391072
all use time: 0.01685309410095215
写入文件用时：0.2267627716064453
0.0026163969294332938 0.00019648476821653652 3.6491134942871786
all use time: 0.008586883544921875
写入文件用时：0.2087113857269287
0.0026163969294332938 0.00019648476821653652 1.153951008240332
all use time: 0.017308712005615234
写入文件用时：0.16231322288513184
0.0026163969294332938 0.00019648476821653652 0.3649113494287179
all use time: 0.01691293716430664
写入文件用时：0.1736459732055664
0.0026163969294332938 5.91052056771508e-07 66.533282269507
all use time: 0.009072065353393555
写入文件用时：0.17154908180236816
0.0026163969294332938 5.91052056771508e-07 21.03967121785389
all use time: 0.017282724380493164
写入文件用时：0.16572093963623047
0.0026163969294332938 5.91052056771508e-07 6.6533282269507
all use time: 0.016952037811279297
写入文件用时：0.16776061058044434
0.0026163969294332938 3.344012818029018e-05 8.84540756897478
all use time: 0.008837461471557617
写入文件用时：0.17581892013549805
0.0026163969294332938 3.344012818029018e-05 2.797163475045324
all use time: 0.017008066177368164
写入文件用时：0.20223188400268555
0.0026163969294332938 3.344012818029018e-05 0.8845407568974779
all use time: 0.017026185989379883
写入文件用时：0.21684479713439941
加载timit时间0.6789934635162354
0.002949006061846109 0.0019808219704486223 1.2201552992605913
all use time: 0.06411290168762207
写入文件用时：0.16994738578796387
0.002949006061846109 0.0019808219704486223 0.3858469844787832
all use time: 0.007984399795532227
写入文件用时：0.14846420288085938
0.002949006061846109 0.0019808219704486223 0.12201552992605914
all use time: 0.007875204086303711
写入文件用时：0.15623259544372559
0.002949006061846109 1.7688265159783792e-06 40.83148853213041
all use time: 0.007873773574829102
写入文件用时：0.07634329795837402
0.002949006061846109 1.7688265159783792e-06 12.912050401657737
all use time: 0.02800893783569336
写入文件用时：0.09763026237487793
0.002949006061846109 1.7688265159783792e-06 4.083148853213041
all use time: 0.008483171463012695
写入文件用时：0.0768122673034668
0.002949006061846109 6.701561647077169e-06 20.977311349749776
all use time: 0.008697032928466797
写入文件用时：0.08423638343811035
0.002949006061846109 6.701561647077169e-06 6.633608305171031
all use time: 0.0076715946197509766
写入文件用时：0.07691121101379395
0.002949006061846109 6.701561647077169e-06 2.097731134974978
all use time: 0.007471561431884766
写入文件用时：0.0861971378326416
0.002949006061846109 0.0001868785431602283 3.9724470101741356
all use time: 0.008123397827148438
写入文件用时：0.08256959915161133
0.002949006061846109 0.0001868785431602283 1.2561980436476339
all use time: 0.007331371307373047
写入文件用时：0.07801151275634766
0.002949006061846109 0.0001868785431602283 0.39724470101741355
all use time: 0.0073359012603759766
写入文件用时：0.06909418106079102
0.002949006061846109 0.002315869314879282 1.1284460701624024
all use time: 0.007703304290771484
写入文件用时：0.08524203300476074
0.002949006061846109 0.002315869314879282 0.3568459798379365
all use time: 0.007266998291015625
写入文件用时：0.08150124549865723
0.002949006061846109 0.002315869314879282 0.11284460701624024
all use time: 0.00731348991394043
写入文件用时：0.08405709266662598
0.002949006061846109 6.98247881734545e-07 64.98797716572926
all use time: 0.007816076278686523
写入文件用时：0.09183049201965332
0.002949006061846109 6.98247881734545e-07 20.55100283707184
all use time: 0.007741212844848633
写入文件用时：0.08257937431335449
0.002949006061846109 6.98247881734545e-07 6.498797716572927
all use time: 0.007342338562011719
写入文件用时：0.07562851905822754
0.002949006061846109 7.392291120415605e-05 6.316089883178348
all use time: 0.007853031158447266
写入文件用时：0.06917977333068848
0.002949006061846109 7.392291120415605e-05 1.9973229937190398
all use time: 0.007403135299682617
写入文件用时：0.07992410659790039
0.002949006061846109 7.392291120415605e-05 0.6316089883178349
all use time: 0.007420539855957031
写入文件用时：0.07719874382019043
0.002949006061846109 0.0004336293012304415 2.6078254677399144
all use time: 0.00786590576171875
写入文件用时：0.08580327033996582
0.002949006061846109 0.0004336293012304415 0.8246668218252086
all use time: 0.007544755935668945
写入文件用时：0.08072853088378906
0.002949006061846109 0.0004336293012304415 0.26078254677399143
all use time: 0.007464885711669922
写入文件用时：0.07904243469238281
0.002949006061846109 0.0001719648866757571 4.141121222318245
all use time: 0.00794219970703125
写入文件用时：0.0777587890625
0.002949006061846109 0.0001719648866757571 1.3095375129386158
all use time: 0.007574319839477539
写入文件用时：0.07745742797851562
0.002949006061846109 0.0001719648866757571 0.4141121222318245
all use time: 0.0075380802154541016
写入文件用时：0.07750320434570312
0.002949006061846109 0.0001524118339098027 4.398741982188012
all use time: 0.008087873458862305
写入文件用时：0.07751321792602539
0.002949006061846109 0.0001524118339098027 1.3910043503117926
all use time: 0.007587909698486328
写入文件用时：0.0873403549194336
0.002949006061846109 0.0001524118339098027 0.4398741982188012
all use time: 0.007629871368408203
写入文件用时：0.07813143730163574
0.002949006061846109 0.0011769717088682258 1.582904890082736
all use time: 0.008476734161376953
写入文件用时：0.07657980918884277
0.002949006061846109 0.0011769717088682258 0.5005584772079921
all use time: 0.008439779281616211
写入文件用时：0.07667732238769531
0.002949006061846109 0.0011769717088682258 0.1582904890082736
all use time: 0.007833719253540039
写入文件用时：0.07132935523986816
0.002949006061846109 0.0002189768838053649 3.6697687411261515
all use time: 0.008414745330810547
写入文件用时：0.08115077018737793
0.002949006061846109 0.0002189768838053649 1.1604827708047465
all use time: 0.0077362060546875
写入文件用时：0.06465625762939453
0.002949006061846109 0.0002189768838053649 0.36697687411261515
all use time: 0.0077877044677734375
写入文件用时：0.07313036918640137
0.002949006061846109 0.00019648476821653652 3.8741228494631965
all use time: 0.00820302963256836
写入文件用时：0.06649017333984375
0.002949006061846109 0.00019648476821653652 1.2251052139605332
all use time: 0.00775456428527832
写入文件用时：0.06862664222717285
0.002949006061846109 0.00019648476821653652 0.38741228494631963
all use time: 0.007761955261230469
写入文件用时：0.06861376762390137
0.002949006061846109 5.91052056771508e-07 70.63581592998173
all use time: 0.00823521614074707
写入文件用时：0.07646536827087402
0.002949006061846109 5.91052056771508e-07 22.3370062723147
all use time: 0.00790715217590332
写入文件用时：0.06909751892089844
0.002949006061846109 5.91052056771508e-07 7.063581592998173
all use time: 0.007724285125732422
写入文件用时：0.0686793327331543
0.002949006061846109 3.344012818029018e-05 9.390827561112586
all use time: 0.008739471435546875
写入文件用时：0.17892909049987793
0.002949006061846109 3.344012818029018e-05 2.969640420699984
all use time: 0.029149532318115234
写入文件用时：0.11210274696350098
0.002949006061846109 3.344012818029018e-05 0.9390827561112586
all use time: 0.00854802131652832
写入文件用时：0.20618772506713867
加载timit时间0.7087891101837158
0.001001059951040308 0.0019808219704486223 0.7108980473846475
all use time: 0.03493642807006836
写入文件用时：0.15654635429382324
0.001001059951040308 0.0019808219704486223 0.22480570139017927
all use time: 0.007455587387084961
写入文件用时：0.21240472793579102
0.001001059951040308 0.0019808219704486223 0.07108980473846475
all use time: 0.007871866226196289
写入文件用时：0.2270805835723877
0.001001059951040308 1.7688265159783792e-06 23.789615540653212
all use time: 0.016833782196044922
写入文件用时：0.20030808448791504
0.001001059951040308 1.7688265159783792e-06 7.5229369768202154
all use time: 0.007731199264526367
写入文件用时：0.10923647880554199
0.001001059951040308 1.7688265159783792e-06 2.378961554065321
all use time: 0.008105754852294922
写入文件用时：0.1011056900024414
0.001001059951040308 6.701561647077169e-06 12.221993124116223
all use time: 0.008553266525268555
写入文件用时：0.17489385604858398
0.001001059951040308 6.701561647077169e-06 3.864933581912427
all use time: 0.008145570755004883
写入文件用时：0.17724394798278809
0.001001059951040308 6.701561647077169e-06 1.2221993124116222
all use time: 0.007684469223022461
写入文件用时：0.2368168830871582
0.001001059951040308 0.0001868785431602283 2.3144634331245437
all use time: 0.007961511611938477
写入文件用时：0.21303677558898926
0.001001059951040308 0.0001868785431602283 0.7318976009846357
all use time: 0.007906198501586914
写入文件用时：0.18588542938232422
0.001001059951040308 0.0001868785431602283 0.2314463433124544
all use time: 0.007610321044921875
写入文件用时：0.18648171424865723
0.001001059951040308 0.002315869314879282 0.6574655769994742
all use time: 0.008410215377807617
写入文件用时：0.2000272274017334
0.001001059951040308 0.002315869314879282 0.20790887064751506
all use time: 0.007754325866699219
写入文件用时：0.22769975662231445
0.001001059951040308 0.002315869314879282 0.06574655769994742
all use time: 0.0076084136962890625
写入文件用时：0.18651056289672852
0.001001059951040308 6.98247881734545e-07 37.86389002989363
all use time: 0.008562326431274414
写入文件用时：0.1774888038635254
0.001001059951040308 6.98247881734545e-07 11.973613356860486
all use time: 0.007801055908203125
写入文件用时：0.21025371551513672
0.001001059951040308 6.98247881734545e-07 3.7863890029893637
all use time: 0.00767207145690918
写入文件用时：0.17978382110595703
0.001001059951040308 7.392291120415605e-05 3.679938092944719
all use time: 0.008337020874023438
写入文件用时：0.32031869888305664
0.001001059951040308 7.392291120415605e-05 1.1636986022121714
all use time: 0.007776975631713867
写入文件用时：0.2470841407775879
0.001001059951040308 7.392291120415605e-05 0.36799380929447195
all use time: 0.007926464080810547
写入文件用时：0.24419474601745605
0.001001059951040308 0.0004336293012304415 1.5193951409789506
all use time: 0.012906789779663086
写入文件用时：0.18990182876586914
0.001001059951040308 0.0004336293012304415 0.4804749311286121
all use time: 0.008183479309082031
写入文件用时：0.2410423755645752
0.001001059951040308 0.0004336293012304415 0.15193951409789508
all use time: 0.0075528621673583984
写入文件用时：0.28624558448791504
0.001001059951040308 0.0001719648866757571 2.4127379463197545
all use time: 0.008162260055541992
写入文件用时：0.17862796783447266
0.001001059951040308 0.0001719648866757571 0.7629747307487494
all use time: 0.016259193420410156
写入文件用时：0.16681146621704102
0.001001059951040308 0.0001719648866757571 0.24127379463197546
all use time: 0.008195638656616211
写入文件用时：0.1869068145751953
0.001001059951040308 0.0001524118339098027 2.5628353111946605
all use time: 0.008545637130737305
写入文件用时：0.15708613395690918
0.001001059951040308 0.0001524118339098027 0.8104396851281551
all use time: 0.012442827224731445
写入文件用时：0.08519697189331055
0.001001059951040308 0.0001524118339098027 0.256283531119466
all use time: 0.007208108901977539
写入文件用时：0.07039141654968262
0.001001059951040308 0.0011769717088682258 0.9222465338939594
all use time: 0.008740901947021484
写入文件用时：0.07731437683105469
0.001001059951040308 0.0011769717088682258 0.2916399611300588
all use time: 0.007975578308105469
写入文件用时：0.21332812309265137
0.001001059951040308 0.0011769717088682258 0.09222465338939594
all use time: 0.00815129280090332
写入文件用时：0.1963047981262207
0.001001059951040308 0.0002189768838053649 2.1381142498833854
all use time: 0.008156776428222656
写入文件用时：0.21533679962158203
0.001001059951040308 0.0002189768838053649 0.6761310927293901
all use time: 0.00794219970703125
写入文件用时：0.24445033073425293
0.001001059951040308 0.0002189768838053649 0.21381142498833852
all use time: 0.00794839859008789
写入文件用时：0.2429037094116211
0.001001059951040308 0.00019648476821653652 2.2571769107429267
all use time: 0.008013010025024414
写入文件用时：0.2095789909362793
0.001001059951040308 0.00019648476821653652 0.7137820119890232
all use time: 0.007607698440551758
写入文件用时：0.2382030487060547
0.001001059951040308 0.00019648476821653652 0.22571769107429268
all use time: 0.007569313049316406
写入文件用时：0.21740198135375977
0.001001059951040308 5.91052056771508e-07 41.1544855400582
all use time: 0.008161544799804688
写入文件用时：0.2585020065307617
0.001001059951040308 5.91052056771508e-07 13.014191023904864
all use time: 0.007490634918212891
写入文件用时：0.19450616836547852
0.001001059951040308 5.91052056771508e-07 4.11544855400582
all use time: 0.007469892501831055
写入文件用时：0.22864484786987305