OMP: Info #277: omp_set_nested routine deprecated, please use omp_set_max_active_levels instead.
      Test ID:  Ver:  ...  DRR direct +: DRR direct -:
0            1     1  ...              0           NaN
1            2     1  ...              0           NaN
2            3     1  ...              0           NaN
3            4     1  ...              0           NaN
4            5     1  ...              0           NaN
...        ...   ...  ...            ...           ...
5395      5396     1  ...              0           NaN
5396      5397     1  ...              0           NaN
5397      5398     1  ...              0           NaN
5398      5399     1  ...              0           NaN
5399      5400     1  ...              0           NaN

[5400 rows x 33 columns]
/data2/new_wzd/1000Hz/RIR_Data/Speech/
resultFilename: /data2/new_wzd/1000Hz/modif_output_wav/Dev/Speech/gill-heads-mine/20221230T174624_test_gen_corpus_dataset_results.csv
加载一条rir的时间是:0.39092326164245605
[]
读取15条语音的时间是:18.671048641204834
['1', '1', '16000', 'mine_site2_1way_bformat_3', 'gill-heads-mine', '1', '1', '0.000000', '0.000000', '0.000000', '0.000000', '0.000000', '0.000000', '0.000000', '0.000000', '0.000000', 'Unknown_gill-heads-mine_mine_site2_1way_bformat_3_<talker>_<utter>_<noise>_<SNR>dB.wav']
<_io.TextIOWrapper name='/data2/new_wzd/1000Hz/modif_output_wav/Dev/Speech/gill-heads-mine/20221230T174624_test_gen_corpus_dataset_results.csv' mode='a' encoding='UTF-8'> ['1', '1', '16000', 'mine_site2_1way_bformat_3', 'gill-heads-mine', '1', '1', '0.000000', '0.000000', '0.000000', '0.000000', '0.000000', '0.000000', '0.000000', '0.000000', '0.000000', 'Unknown_gill-heads-mine_mine_site2_1way_bformat_3_<talker>_<utter>_<noise>_<SNR>dB.wav']
['2', '1', '16000', 'mine_site2_1way_bformat_3', 'gill-heads-mine', '1', '2', '0.000000', '0.000000', '0.000000', '2.347500', '0.000000', '0.000000', '0.000000', '0.000000', '0.000000', 'Unknown_gill-heads-mine_mine_site2_1way_bformat_3_<talker>_<utter>_<noise>_<SNR>dB.wav']
<_io.TextIOWrapper name='/data2/new_wzd/1000Hz/modif_output_wav/Dev/Speech/gill-heads-mine/20221230T174624_test_gen_corpus_dataset_results.csv' mode='a' encoding='UTF-8'> ['2', '1', '16000', 'mine_site2_1way_bformat_3', 'gill-heads-mine', '1', '2', '0.000000', '0.000000', '0.000000', '2.347500', '0.000000', '0.000000', '0.000000', '0.000000', '0.000000', 'Unknown_gill-heads-mine_mine_site2_1way_bformat_3_<talker>_<utter>_<noise>_<SNR>dB.wav']
['3', '1', '16000', 'mine_site2_1way_bformat_3', 'gill-heads-mine', '1', '3', '0.000000', '0.000000', '0.000000', '0.000000', '0.000000', '0.000000', '0.000000', '0.000000', '0.000000', 'Unknown_gill-heads-mine_mine_site2_1way_bformat_3_<talker>_<utter>_<noise>_<SNR>dB.wav']
<_io.TextIOWrapper name='/data2/new_wzd/1000Hz/modif_output_wav/Dev/Speech/gill-heads-mine/20221230T174624_test_gen_corpus_dataset_results.csv' mode='a' encoding='UTF-8'> ['3', '1', '16000', 'mine_site2_1way_bformat_3', 'gill-heads-mine', '1', '3', '0.000000', '0.000000', '0.000000', '0.000000', '0.000000', '0.000000', '0.000000', '0.000000', '0.000000', 'Unknown_gill-heads-mine_mine_site2_1way_bformat_3_<talker>_<utter>_<noise>_<SNR>dB.wav']
['4', '1', '16000', 'mine_site2_1way_bformat_3', 'gill-heads-mine', '1', '4', '0.000000', '0.000000', '0.000000', '0.000000', '0.000000', '0.000000', '0.000000', '0.000000', '0.000000', 'Unknown_gill-heads-mine_mine_site2_1way_bformat_3_<talker>_<utter>_<noise>_<SNR>dB.wav']
<_io.TextIOWrapper name='/data2/new_wzd/1000Hz/modif_output_wav/Dev/Speech/gill-heads-mine/20221230T174624_test_gen_corpus_dataset_results.csv' mode='a' encoding='UTF-8'> ['4', '1', '16000', 'mine_site2_1way_bformat_3', 'gill-heads-mine', '1', '4', '0.000000', '0.000000', '0.000000', '0.000000', '0.000000', '0.000000', '0.000000', '0.000000', '0.000000', 'Unknown_gill-heads-mine_mine_site2_1way_bformat_3_<talker>_<utter>_<noise>_<SNR>dB.wav']
['5', '1', '16000', 'mine_site2_1way_bformat_3', 'gill-heads-mine', '1', '5', '0.000000', '0.000000', '0.000000', '1.782000', '0.000000', '0.000000', '0.000000', '0.000000', '0.000000', 'Unknown_gill-heads-mine_mine_site2_1way_bformat_3_<talker>_<utter>_<noise>_<SNR>dB.wav']
<_io.TextIOWrapper name='/data2/new_wzd/1000Hz/modif_output_wav/Dev/Speech/gill-heads-mine/20221230T174624_test_gen_corpus_dataset_results.csv' mode='a' encoding='UTF-8'> ['5', '1', '16000', 'mine_site2_1way_bformat_3', 'gill-heads-mine', '1', '5', '0.000000', '0.000000', '0.000000', '1.782000', '0.000000', '0.000000', '0.000000', '0.000000', '0.000000', 'Unknown_gill-heads-mine_mine_site2_1way_bformat_3_<talker>_<utter>_<noise>_<SNR>dB.wav']
['6', '1', '16000', 'mine_site2_1way_bformat_3', 'gill-heads-mine', '1', '6', '0.000000', '0.000000', '0.000000', '0.000000', '0.000000', '0.000000', '0.000000', '0.000000', '0.000000', 'Unknown_gill-heads-mine_mine_site2_1way_bformat_3_<talker>_<utter>_<noise>_<SNR>dB.wav']
<_io.TextIOWrapper name='/data2/new_wzd/1000Hz/modif_output_wav/Dev/Speech/gill-heads-mine/20221230T174624_test_gen_corpus_dataset_results.csv' mode='a' encoding='UTF-8'> ['6', '1', '16000', 'mine_site2_1way_bformat_3', 'gill-heads-mine', '1', '6', '0.000000', '0.000000', '0.000000', '0.000000', '0.000000', '0.000000', '0.000000', '0.000000', '0.000000', 'Unknown_gill-heads-mine_mine_site2_1way_bformat_3_<talker>_<utter>_<noise>_<SNR>dB.wav']
['7', '1', '16000', 'mine_site2_1way_bformat_3', 'gill-heads-mine', '1', '7', '0.000000', '0.000000', '0.000000', '0.000000', '0.000000', '0.000000', '0.000000', '0.000000', '0.000000', 'Unknown_gill-heads-mine_mine_site2_1way_bformat_3_<talker>_<utter>_<noise>_<SNR>dB.wav']
<_io.TextIOWrapper name='/data2/new_wzd/1000Hz/modif_output_wav/Dev/Speech/gill-heads-mine/20221230T174624_test_gen_corpus_dataset_results.csv' mode='a' encoding='UTF-8'> ['7', '1', '16000', 'mine_site2_1way_bformat_3', 'gill-heads-mine', '1', '7', '0.000000', '0.000000', '0.000000', '0.000000', '0.000000', '0.000000', '0.000000', '0.000000', '0.000000', 'Unknown_gill-heads-mine_mine_site2_1way_bformat_3_<talker>_<utter>_<noise>_<SNR>dB.wav']
['8', '1', '16000', 'mine_site2_1way_bformat_3', 'gill-heads-mine', '1', '8', '0.000000', '0.000000', '0.000000', '1.366000', '0.000000', '0.000000', '0.000000', '0.000000', '0.000000', 'Unknown_gill-heads-mine_mine_site2_1way_bformat_3_<talker>_<utter>_<noise>_<SNR>dB.wav']
<_io.TextIOWrapper name='/data2/new_wzd/1000Hz/modif_output_wav/Dev/Speech/gill-heads-mine/20221230T174624_test_gen_corpus_dataset_results.csv' mode='a' encoding='UTF-8'> ['8', '1', '16000', 'mine_site2_1way_bformat_3', 'gill-heads-mine', '1', '8', '0.000000', '0.000000', '0.000000', '1.366000', '0.000000', '0.000000', '0.000000', '0.000000', '0.000000', 'Unknown_gill-heads-mine_mine_site2_1way_bformat_3_<talker>_<utter>_<noise>_<SNR>dB.wav']
['9', '1', '16000', 'mine_site2_1way_bformat_3', 'gill-heads-mine', '1', '9', '0.000000', '0.000000', '0.000000', '0.000000', '0.000000', '0.000000', '0.000000', '0.000000', '0.000000', 'Unknown_gill-heads-mine_mine_site2_1way_bformat_3_<talker>_<utter>_<noise>_<SNR>dB.wav']
<_io.TextIOWrapper name='/data2/new_wzd/1000Hz/modif_output_wav/Dev/Speech/gill-heads-mine/20221230T174624_test_gen_corpus_dataset_results.csv' mode='a' encoding='UTF-8'> ['9', '1', '16000', 'mine_site2_1way_bformat_3', 'gill-heads-mine', '1', '9', '0.000000', '0.000000', '0.000000', '0.000000', '0.000000', '0.000000', '0.000000', '0.000000', '0.000000', 'Unknown_gill-heads-mine_mine_site2_1way_bformat_3_<talker>_<utter>_<noise>_<SNR>dB.wav']
['10', '1', '16000', 'mine_site2_1way_bformat_3', 'gill-heads-mine', '1', '10', '0.000000', '0.000000', '0.000000', '0.000000', '0.000000', '0.000000', '0.000000', '0.000000', '0.000000', 'Unknown_gill-heads-mine_mine_site2_1way_bformat_3_<talker>_<utter>_<noise>_<SNR>dB.wav']
<_io.TextIOWrapper name='/data2/new_wzd/1000Hz/modif_output_wav/Dev/Speech/gill-heads-mine/20221230T174624_test_gen_corpus_dataset_results.csv' mode='a' encoding='UTF-8'> ['10', '1', '16000', 'mine_site2_1way_bformat_3', 'gill-heads-mine', '1', '10', '0.000000', '0.000000', '0.000000', '0.000000', '0.000000', '0.000000', '0.000000', '0.000000', '0.000000', 'Unknown_gill-heads-mine_mine_site2_1way_bformat_3_<talker>_<utter>_<noise>_<SNR>dB.wav']
['11', '1', '16000', 'mine_site2_1way_bformat_3', 'gill-heads-mine', '1', '11', '0.000000', '0.000000', '0.000000', '1.030500', '0.000000', '0.000000', '0.000000', '0.000000', '0.000000', 'Unknown_gill-heads-mine_mine_site2_1way_bformat_3_<talker>_<utter>_<noise>_<SNR>dB.wav']
<_io.TextIOWrapper name='/data2/new_wzd/1000Hz/modif_output_wav/Dev/Speech/gill-heads-mine/20221230T174624_test_gen_corpus_dataset_results.csv' mode='a' encoding='UTF-8'> ['11', '1', '16000', 'mine_site2_1way_bformat_3', 'gill-heads-mine', '1', '11', '0.000000', '0.000000', '0.000000', '1.030500', '0.000000', '0.000000', '0.000000', '0.000000', '0.000000', 'Unknown_gill-heads-mine_mine_site2_1way_bformat_3_<talker>_<utter>_<noise>_<SNR>dB.wav']
['12', '1', '16000', 'mine_site2_1way_bformat_3', 'gill-heads-mine', '1', '12', '0.000000', '0.000000', '0.000000', '0.000000', '0.000000', '0.000000', '0.000000', '0.000000', '0.000000', 'Unknown_gill-heads-mine_mine_site2_1way_bformat_3_<talker>_<utter>_<noise>_<SNR>dB.wav']
<_io.TextIOWrapper name='/data2/new_wzd/1000Hz/modif_output_wav/Dev/Speech/gill-heads-mine/20221230T174624_test_gen_corpus_dataset_results.csv' mode='a' encoding='UTF-8'> ['12', '1', '16000', 'mine_site2_1way_bformat_3', 'gill-heads-mine', '1', '12', '0.000000', '0.000000', '0.000000', '0.000000', '0.000000', '0.000000', '0.000000', '0.000000', '0.000000', 'Unknown_gill-heads-mine_mine_site2_1way_bformat_3_<talker>_<utter>_<noise>_<SNR>dB.wav']
['13', '1', '16000', 'mine_site2_1way_bformat_3', 'gill-heads-mine', '1', '13', '0.000000', '0.000000', '0.000000', '0.000000', '0.000000', '0.000000', '0.000000', '0.000000', '0.000000', 'Unknown_gill-heads-mine_mine_site2_1way_bformat_3_<talker>_<utter>_<noise>_<SNR>dB.wav']
<_io.TextIOWrapper name='/data2/new_wzd/1000Hz/modif_output_wav/Dev/Speech/gill-heads-mine/20221230T174624_test_gen_corpus_dataset_results.csv' mode='a' encoding='UTF-8'> ['13', '1', '16000', 'mine_site2_1way_bformat_3', 'gill-heads-mine', '1', '13', '0.000000', '0.000000', '0.000000', '0.000000', '0.000000', '0.000000', '0.000000', '0.000000', '0.000000', 'Unknown_gill-heads-mine_mine_site2_1way_bformat_3_<talker>_<utter>_<noise>_<SNR>dB.wav']
['14', '1', '16000', 'mine_site2_1way_bformat_3', 'gill-heads-mine', '1', '14', '0.000000', '0.000000', '0.000000', '0.822500', '0.000000', '0.000000', '0.000000', '0.000000', '0.000000', 'Unknown_gill-heads-mine_mine_site2_1way_bformat_3_<talker>_<utter>_<noise>_<SNR>dB.wav']
<_io.TextIOWrapper name='/data2/new_wzd/1000Hz/modif_output_wav/Dev/Speech/gill-heads-mine/20221230T174624_test_gen_corpus_dataset_results.csv' mode='a' encoding='UTF-8'> ['14', '1', '16000', 'mine_site2_1way_bformat_3', 'gill-heads-mine', '1', '14', '0.000000', '0.000000', '0.000000', '0.822500', '0.000000', '0.000000', '0.000000', '0.000000', '0.000000', 'Unknown_gill-heads-mine_mine_site2_1way_bformat_3_<talker>_<utter>_<noise>_<SNR>dB.wav']
['15', '1', '16000', 'mine_site2_1way_bformat_3', 'gill-heads-mine', '1', '15', '0.000000', '0.000000', '0.000000', '0.000000', '0.000000', '0.000000', '0.000000', '0.000000', '0.000000', 'Unknown_gill-heads-mine_mine_site2_1way_bformat_3_<talker>_<utter>_<noise>_<SNR>dB.wav']
<_io.TextIOWrapper name='/data2/new_wzd/1000Hz/modif_output_wav/Dev/Speech/gill-heads-mine/20221230T174624_test_gen_corpus_dataset_results.csv' mode='a' encoding='UTF-8'> ['15', '1', '16000', 'mine_site2_1way_bformat_3', 'gill-heads-mine', '1', '15', '0.000000', '0.000000', '0.000000', '0.000000', '0.000000', '0.000000', '0.000000', '0.000000', '0.000000', 'Unknown_gill-heads-mine_mine_site2_1way_bformat_3_<talker>_<utter>_<noise>_<SNR>dB.wav']
['16', '1', '16000', 'mine_site2_1way_bformat_3', 'gill-heads-mine', '1', '16', '0.000000', '0.000000', '0.000000', '0.000000', '0.000000', '0.000000', '0.000000', '0.000000', '0.000000', 'Unknown_gill-heads-mine_mine_site2_1way_bformat_3_<talker>_<utter>_<noise>_<SNR>dB.wav']
<_io.TextIOWrapper name='/data2/new_wzd/1000Hz/modif_output_wav/Dev/Speech/gill-heads-mine/20221230T174624_test_gen_corpus_dataset_results.csv' mode='a' encoding='UTF-8'> ['16', '1', '16000', 'mine_site2_1way_bformat_3', 'gill-heads-mine', '1', '16', '0.000000', '0.000000', '0.000000', '0.000000', '0.000000', '0.000000', '0.000000', '0.000000', '0.000000', 'Unknown_gill-heads-mine_mine_site2_1way_bformat_3_<talker>_<utter>_<noise>_<SNR>dB.wav']
['17', '1', '16000', 'mine_site2_1way_bformat_3', 'gill-heads-mine', '1', '17', '0.000000', '0.000000', '0.000000', '0.682000', '0.000000', '0.000000', '0.000000', '0.000000', '0.000000', 'Unknown_gill-heads-mine_mine_site2_1way_bformat_3_<talker>_<utter>_<noise>_<SNR>dB.wav']
<_io.TextIOWrapper name='/data2/new_wzd/1000Hz/modif_output_wav/Dev/Speech/gill-heads-mine/20221230T174624_test_gen_corpus_dataset_results.csv' mode='a' encoding='UTF-8'> ['17', '1', '16000', 'mine_site2_1way_bformat_3', 'gill-heads-mine', '1', '17', '0.000000', '0.000000', '0.000000', '0.682000', '0.000000', '0.000000', '0.000000', '0.000000', '0.000000', 'Unknown_gill-heads-mine_mine_site2_1way_bformat_3_<talker>_<utter>_<noise>_<SNR>dB.wav']
['18', '1', '16000', 'mine_site2_1way_bformat_3', 'gill-heads-mine', '1', '18', '0.000000', '0.000000', '0.000000', '0.000000', '0.000000', '0.000000', '0.000000', '0.000000', '0.000000', 'Unknown_gill-heads-mine_mine_site2_1way_bformat_3_<talker>_<utter>_<noise>_<SNR>dB.wav']
<_io.TextIOWrapper name='/data2/new_wzd/1000Hz/modif_output_wav/Dev/Speech/gill-heads-mine/20221230T174624_test_gen_corpus_dataset_results.csv' mode='a' encoding='UTF-8'> ['18', '1', '16000', 'mine_site2_1way_bformat_3', 'gill-heads-mine', '1', '18', '0.000000', '0.000000', '0.000000', '0.000000', '0.000000', '0.000000', '0.000000', '0.000000', '0.000000', 'Unknown_gill-heads-mine_mine_site2_1way_bformat_3_<talker>_<utter>_<noise>_<SNR>dB.wav']
['19', '1', '16000', 'mine_site2_1way_bformat_3', 'gill-heads-mine', '1', '19', '0.000000', '0.000000', '0.000000', '0.000000', '0.000000', '0.000000', '0.000000', '0.000000', '0.000000', 'Unknown_gill-heads-mine_mine_site2_1way_bformat_3_<talker>_<utter>_<noise>_<SNR>dB.wav']
<_io.TextIOWrapper name='/data2/new_wzd/1000Hz/modif_output_wav/Dev/Speech/gill-heads-mine/20221230T174624_test_gen_corpus_dataset_results.csv' mode='a' encoding='UTF-8'> ['19', '1', '16000', 'mine_site2_1way_bformat_3', 'gill-heads-mine', '1', '19', '0.000000', '0.000000', '0.000000', '0.000000', '0.000000', '0.000000', '0.000000', '0.000000', '0.000000', 'Unknown_gill-heads-mine_mine_site2_1way_bformat_3_<talker>_<utter>_<noise>_<SNR>dB.wav']
['20', '1', '16000', 'mine_site2_1way_bformat_3', 'gill-heads-mine', '1', '20', '0.000000', '0.000000', '0.000000', '0.617000', '0.000000', '0.000000', '0.000000', '0.000000', '0.000000', 'Unknown_gill-heads-mine_mine_site2_1way_bformat_3_<talker>_<utter>_<noise>_<SNR>dB.wav']
<_io.TextIOWrapper name='/data2/new_wzd/1000Hz/modif_output_wav/Dev/Speech/gill-heads-mine/20221230T174624_test_gen_corpus_dataset_results.csv' mode='a' encoding='UTF-8'> ['20', '1', '16000', 'mine_site2_1way_bformat_3', 'gill-heads-mine', '1', '20', '0.000000', '0.000000', '0.000000', '0.617000', '0.000000', '0.000000', '0.000000', '0.000000', '0.000000', 'Unknown_gill-heads-mine_mine_site2_1way_bformat_3_<talker>_<utter>_<noise>_<SNR>dB.wav']
['21', '1', '16000', 'mine_site2_1way_bformat_3', 'gill-heads-mine', '1', '21', '0.000000', '0.000000', '0.000000', '0.000000', '0.000000', '0.000000', '0.000000', '0.000000', '0.000000', 'Unknown_gill-heads-mine_mine_site2_1way_bformat_3_<talker>_<utter>_<noise>_<SNR>dB.wav']
<_io.TextIOWrapper name='/data2/new_wzd/1000Hz/modif_output_wav/Dev/Speech/gill-heads-mine/20221230T174624_test_gen_corpus_dataset_results.csv' mode='a' encoding='UTF-8'> ['21', '1', '16000', 'mine_site2_1way_bformat_3', 'gill-heads-mine', '1', '21', '0.000000', '0.000000', '0.000000', '0.000000', '0.000000', '0.000000', '0.000000', '0.000000', '0.000000', 'Unknown_gill-heads-mine_mine_site2_1way_bformat_3_<talker>_<utter>_<noise>_<SNR>dB.wav']
['22', '1', '16000', 'mine_site2_1way_bformat_3', 'gill-heads-mine', '1', '22', '0.000000', '0.000000', '0.000000', '0.000000', '0.000000', '0.000000', '0.000000', '0.000000', '0.000000', 'Unknown_gill-heads-mine_mine_site2_1way_bformat_3_<talker>_<utter>_<noise>_<SNR>dB.wav']
<_io.TextIOWrapper name='/data2/new_wzd/1000Hz/modif_output_wav/Dev/Speech/gill-heads-mine/20221230T174624_test_gen_corpus_dataset_results.csv' mode='a' encoding='UTF-8'> ['22', '1', '16000', 'mine_site2_1way_bformat_3', 'gill-heads-mine', '1', '22', '0.000000', '0.000000', '0.000000', '0.000000', '0.000000', '0.000000', '0.000000', '0.000000', '0.000000', 'Unknown_gill-heads-mine_mine_site2_1way_bformat_3_<talker>_<utter>_<noise>_<SNR>dB.wav']
['23', '1', '16000', 'mine_site2_1way_bformat_3', 'gill-heads-mine', '1', '23', '0.000000', '0.000000', '0.000000', '0.502500', '0.000000', '0.000000', '0.000000', '0.000000', '0.000000', 'Unknown_gill-heads-mine_mine_site2_1way_bformat_3_<talker>_<utter>_<noise>_<SNR>dB.wav']
<_io.TextIOWrapper name='/data2/new_wzd/1000Hz/modif_output_wav/Dev/Speech/gill-heads-mine/20221230T174624_test_gen_corpus_dataset_results.csv' mode='a' encoding='UTF-8'> ['23', '1', '16000', 'mine_site2_1way_bformat_3', 'gill-heads-mine', '1', '23', '0.000000', '0.000000', '0.000000', '0.502500', '0.000000', '0.000000', '0.000000', '0.000000', '0.000000', 'Unknown_gill-heads-mine_mine_site2_1way_bformat_3_<talker>_<utter>_<noise>_<SNR>dB.wav']
['24', '1', '16000', 'mine_site2_1way_bformat_3', 'gill-heads-mine', '1', '24', '0.000000', '0.000000', '0.000000', '0.000000', '0.000000', '0.000000', '0.000000', '0.000000', '0.000000', 'Unknown_gill-heads-mine_mine_site2_1way_bformat_3_<talker>_<utter>_<noise>_<SNR>dB.wav']
<_io.TextIOWrapper name='/data2/new_wzd/1000Hz/modif_output_wav/Dev/Speech/gill-heads-mine/20221230T174624_test_gen_corpus_dataset_results.csv' mode='a' encoding='UTF-8'> ['24', '1', '16000', 'mine_site2_1way_bformat_3', 'gill-heads-mine', '1', '24', '0.000000', '0.000000', '0.000000', '0.000000', '0.000000', '0.000000', '0.000000', '0.000000', '0.000000', 'Unknown_gill-heads-mine_mine_site2_1way_bformat_3_<talker>_<utter>_<noise>_<SNR>dB.wav']
['25', '1', '16000', 'mine_site2_1way_bformat_3', 'gill-heads-mine', '1', '25', '0.000000', '0.000000', '0.000000', '0.000000', '0.000000', '0.000000', '0.000000', '0.000000', '0.000000', 'Unknown_gill-heads-mine_mine_site2_1way_bformat_3_<talker>_<utter>_<noise>_<SNR>dB.wav']
<_io.TextIOWrapper name='/data2/new_wzd/1000Hz/modif_output_wav/Dev/Speech/gill-heads-mine/20221230T174624_test_gen_corpus_dataset_results.csv' mode='a' encoding='UTF-8'> ['25', '1', '16000', 'mine_site2_1way_bformat_3', 'gill-heads-mine', '1', '25', '0.000000', '0.000000', '0.000000', '0.000000', '0.000000', '0.000000', '0.000000', '0.000000', '0.000000', 'Unknown_gill-heads-mine_mine_site2_1way_bformat_3_<talker>_<utter>_<noise>_<SNR>dB.wav']
['26', '1', '16000', 'mine_site2_1way_bformat_3', 'gill-heads-mine', '1', '26', '0.000000', '0.000000', '0.000000', '0.426500', '0.000000', '0.000000', '0.000000', '0.000000', '0.000000', 'Unknown_gill-heads-mine_mine_site2_1way_bformat_3_<talker>_<utter>_<noise>_<SNR>dB.wav']
<_io.TextIOWrapper name='/data2/new_wzd/1000Hz/modif_output_wav/Dev/Speech/gill-heads-mine/20221230T174624_test_gen_corpus_dataset_results.csv' mode='a' encoding='UTF-8'> ['26', '1', '16000', 'mine_site2_1way_bformat_3', 'gill-heads-mine', '1', '26', '0.000000', '0.000000', '0.000000', '0.426500', '0.000000', '0.000000', '0.000000', '0.000000', '0.000000', 'Unknown_gill-heads-mine_mine_site2_1way_bformat_3_<talker>_<utter>_<noise>_<SNR>dB.wav']
['27', '1', '16000', 'mine_site2_1way_bformat_3', 'gill-heads-mine', '1', '27', '0.000000', '0.000000', '0.000000', '0.000000', '0.000000', '0.000000', '0.000000', '0.000000', '0.000000', 'Unknown_gill-heads-mine_mine_site2_1way_bformat_3_<talker>_<utter>_<noise>_<SNR>dB.wav']
<_io.TextIOWrapper name='/data2/new_wzd/1000Hz/modif_output_wav/Dev/Speech/gill-heads-mine/20221230T174624_test_gen_corpus_dataset_results.csv' mode='a' encoding='UTF-8'> ['27', '1', '16000', 'mine_site2_1way_bformat_3', 'gill-heads-mine', '1', '27', '0.000000', '0.000000', '0.000000', '0.000000', '0.000000', '0.000000', '0.000000', '0.000000', '0.000000', 'Unknown_gill-heads-mine_mine_site2_1way_bformat_3_<talker>_<utter>_<noise>_<SNR>dB.wav']
['28', '1', '16000', 'mine_site2_1way_bformat_3', 'gill-heads-mine', '1', '28', '0.000000', '0.000000', '0.000000', '0.000000', '0.000000', '0.000000', '0.000000', '0.000000', '0.000000', 'Unknown_gill-heads-mine_mine_site2_1way_bformat_3_<talker>_<utter>_<noise>_<SNR>dB.wav']
<_io.TextIOWrapper name='/data2/new_wzd/1000Hz/modif_output_wav/Dev/Speech/gill-heads-mine/20221230T174624_test_gen_corpus_dataset_results.csv' mode='a' encoding='UTF-8'> ['28', '1', '16000', 'mine_site2_1way_bformat_3', 'gill-heads-mine', '1', '28', '0.000000', '0.000000', '0.000000', '0.000000', '0.000000', '0.000000', '0.000000', '0.000000', '0.000000', 'Unknown_gill-heads-mine_mine_site2_1way_bformat_3_<talker>_<utter>_<noise>_<SNR>dB.wav']
['29', '1', '16000', 'mine_site2_1way_bformat_3', 'gill-heads-mine', '1', '29', '0.000000', '0.000000', '0.000000', '0.260000', '0.000000', '0.000000', '0.000000', '0.000000', '0.000000', 'Unknown_gill-heads-mine_mine_site2_1way_bformat_3_<talker>_<utter>_<noise>_<SNR>dB.wav']
<_io.TextIOWrapper name='/data2/new_wzd/1000Hz/modif_output_wav/Dev/Speech/gill-heads-mine/20221230T174624_test_gen_corpus_dataset_results.csv' mode='a' encoding='UTF-8'> ['29', '1', '16000', 'mine_site2_1way_bformat_3', 'gill-heads-mine', '1', '29', '0.000000', '0.000000', '0.000000', '0.260000', '0.000000', '0.000000', '0.000000', '0.000000', '0.000000', 'Unknown_gill-heads-mine_mine_site2_1way_bformat_3_<talker>_<utter>_<noise>_<SNR>dB.wav']
['30', '1', '16000', 'mine_site2_1way_bformat_3', 'gill-heads-mine', '1', '30', '0.000000', '0.000000', '0.000000', '0.000000', '0.000000', '0.000000', '0.000000', '0.000000', '0.000000', 'Unknown_gill-heads-mine_mine_site2_1way_bformat_3_<talker>_<utter>_<noise>_<SNR>dB.wav']
<_io.TextIOWrapper name='/data2/new_wzd/1000Hz/modif_output_wav/Dev/Speech/gill-heads-mine/20221230T174624_test_gen_corpus_dataset_results.csv' mode='a' encoding='UTF-8'> ['30', '1', '16000', 'mine_site2_1way_bformat_3', 'gill-heads-mine', '1', '30', '0.000000', '0.000000', '0.000000', '0.000000', '0.000000', '0.000000', '0.000000', '0.000000', '0.000000', 'Unknown_gill-heads-mine_mine_site2_1way_bformat_3_<talker>_<utter>_<noise>_<SNR>dB.wav']
加载timit时间0.8618555068969727
0.0028912074737425476 8.605886078324315e-05 5.7961795804315885
all use time: 0.024727582931518555
写入文件用时：0.18569684028625488
0.0028912074737425476 8.605886078324315e-05 1.8329129201522945
all use time: 0.008070945739746094
写入文件用时：0.1865983009338379
0.0028912074737425476 8.605886078324315e-05 0.5796179580431589
all use time: 0.007965326309204102
写入文件用时：0.18387508392333984
0.0028912074737425476 2.3454677498269604e-06 35.1095203231913
all use time: 0.008494138717651367
写入文件用时：0.4823174476623535
0.0028912074737425476 2.3454677498269604e-06 11.102605177725554
all use time: 0.008053302764892578
写入文件用时：0.2600982189178467
0.0028912074737425476 2.3454677498269604e-06 3.5109520323191297
all use time: 0.006907224655151367
写入文件用时：0.2298719882965088
0.0028912074737425476 8.823848053960222e-06 18.101335522633565
all use time: 0.008195638656616211
写入文件用时：0.24004435539245605
0.0028912074737425476 8.823848053960222e-06 5.7241448942436435
all use time: 0.017466068267822266
写入文件用时：0.22758126258850098
0.0028912074737425476 8.823848053960222e-06 1.8101335522633564
all use time: 0.009763956069946289
写入文件用时：0.23186445236206055
0.0028912074737425476 0.00035558932267171374 2.851446798130367
all use time: 0.008899211883544922
写入文件用时：0.7314133644104004
0.0028912074737425476 0.00035558932267171374 0.9017066508886314
all use time: 0.021095991134643555
写入文件用时：0.24737262725830078
0.0028912074737425476 0.00035558932267171374 0.2851446798130367
all use time: 0.015424251556396484
写入文件用时：0.24136829376220703
0.0028912074737425476 2.5735503520778776e-05 10.599205051431788
all use time: 0.008436918258666992
写入文件用时：0.2550044059753418
0.0028912074737425476 2.5735503520778776e-05 3.351762934968658
all use time: 0.00819849967956543