OMP: Info #277: omp_set_nested routine deprecated, please use omp_set_max_active_levels instead.
      Test ID:  Ver:  ...  DRR direct +: DRR direct -:
0            1     1  ...              0           NaN
1            2     1  ...              0           NaN
2            3     1  ...              0           NaN
3            4     1  ...              0           NaN
4            5     1  ...              0           NaN
...        ...   ...  ...            ...           ...
5395      5396     1  ...              0           NaN
5396      5397     1  ...              0           NaN
5397      5398     1  ...              0           NaN
5398      5399     1  ...              0           NaN
5399      5400     1  ...              0           NaN

[5400 rows x 33 columns]
/data2/new_wzd/1000Hz/RIR_Data/Speech/
resultFilename: /data2/new_wzd/1000Hz/modif_output_wav/Dev/Speech/hoffmann-lime-kiln-langcliffeuk/20221230T174625_test_gen_corpus_dataset_results.csv
加载一条rir的时间是:0.6794612407684326
[]
读取15条语音的时间是:18.920663595199585
['1', '1', '16000', 'ir_p1_4', 'hoffmann-lime-kiln-langcliffeuk', '1', '1', '0.000000', '0.000000', '0.000000', '0.000000', '0.000000', '0.000000', '0.000000', '0.000000', '0.000000', 'Unknown_hoffmann-lime-kiln-langcliffeuk_ir_p1_4_<talker>_<utter>_<noise>_<SNR>dB.wav']
<_io.TextIOWrapper name='/data2/new_wzd/1000Hz/modif_output_wav/Dev/Speech/hoffmann-lime-kiln-langcliffeuk/20221230T174625_test_gen_corpus_dataset_results.csv' mode='a' encoding='UTF-8'> ['1', '1', '16000', 'ir_p1_4', 'hoffmann-lime-kiln-langcliffeuk', '1', '1', '0.000000', '0.000000', '0.000000', '0.000000', '0.000000', '0.000000', '0.000000', '0.000000', '0.000000', 'Unknown_hoffmann-lime-kiln-langcliffeuk_ir_p1_4_<talker>_<utter>_<noise>_<SNR>dB.wav']
['2', '1', '16000', 'ir_p1_4', 'hoffmann-lime-kiln-langcliffeuk', '1', '2', '0.000000', '0.000000', '0.000000', '1.208000', '0.000000', '0.000000', '0.000000', '0.000000', '0.000000', 'Unknown_hoffmann-lime-kiln-langcliffeuk_ir_p1_4_<talker>_<utter>_<noise>_<SNR>dB.wav']
<_io.TextIOWrapper name='/data2/new_wzd/1000Hz/modif_output_wav/Dev/Speech/hoffmann-lime-kiln-langcliffeuk/20221230T174625_test_gen_corpus_dataset_results.csv' mode='a' encoding='UTF-8'> ['2', '1', '16000', 'ir_p1_4', 'hoffmann-lime-kiln-langcliffeuk', '1', '2', '0.000000', '0.000000', '0.000000', '1.208000', '0.000000', '0.000000', '0.000000', '0.000000', '0.000000', 'Unknown_hoffmann-lime-kiln-langcliffeuk_ir_p1_4_<talker>_<utter>_<noise>_<SNR>dB.wav']
['3', '1', '16000', 'ir_p1_4', 'hoffmann-lime-kiln-langcliffeuk', '1', '3', '0.000000', '0.000000', '0.000000', '0.000000', '0.000000', '0.000000', '0.000000', '0.000000', '0.000000', 'Unknown_hoffmann-lime-kiln-langcliffeuk_ir_p1_4_<talker>_<utter>_<noise>_<SNR>dB.wav']
<_io.TextIOWrapper name='/data2/new_wzd/1000Hz/modif_output_wav/Dev/Speech/hoffmann-lime-kiln-langcliffeuk/20221230T174625_test_gen_corpus_dataset_results.csv' mode='a' encoding='UTF-8'> ['3', '1', '16000', 'ir_p1_4', 'hoffmann-lime-kiln-langcliffeuk', '1', '3', '0.000000', '0.000000', '0.000000', '0.000000', '0.000000', '0.000000', '0.000000', '0.000000', '0.000000', 'Unknown_hoffmann-lime-kiln-langcliffeuk_ir_p1_4_<talker>_<utter>_<noise>_<SNR>dB.wav']
['4', '1', '16000', 'ir_p1_4', 'hoffmann-lime-kiln-langcliffeuk', '1', '4', '0.000000', '0.000000', '0.000000', '0.000000', '0.000000', '0.000000', '0.000000', '0.000000', '0.000000', 'Unknown_hoffmann-lime-kiln-langcliffeuk_ir_p1_4_<talker>_<utter>_<noise>_<SNR>dB.wav']
<_io.TextIOWrapper name='/data2/new_wzd/1000Hz/modif_output_wav/Dev/Speech/hoffmann-lime-kiln-langcliffeuk/20221230T174625_test_gen_corpus_dataset_results.csv' mode='a' encoding='UTF-8'> ['4', '1', '16000', 'ir_p1_4', 'hoffmann-lime-kiln-langcliffeuk', '1', '4', '0.000000', '0.000000', '0.000000', '0.000000', '0.000000', '0.000000', '0.000000', '0.000000', '0.000000', 'Unknown_hoffmann-lime-kiln-langcliffeuk_ir_p1_4_<talker>_<utter>_<noise>_<SNR>dB.wav']
['5', '1', '16000', 'ir_p1_4', 'hoffmann-lime-kiln-langcliffeuk', '1', '5', '0.000000', '0.000000', '0.000000', '1.330000', '0.000000', '0.000000', '0.000000', '0.000000', '0.000000', 'Unknown_hoffmann-lime-kiln-langcliffeuk_ir_p1_4_<talker>_<utter>_<noise>_<SNR>dB.wav']
<_io.TextIOWrapper name='/data2/new_wzd/1000Hz/modif_output_wav/Dev/Speech/hoffmann-lime-kiln-langcliffeuk/20221230T174625_test_gen_corpus_dataset_results.csv' mode='a' encoding='UTF-8'> ['5', '1', '16000', 'ir_p1_4', 'hoffmann-lime-kiln-langcliffeuk', '1', '5', '0.000000', '0.000000', '0.000000', '1.330000', '0.000000', '0.000000', '0.000000', '0.000000', '0.000000', 'Unknown_hoffmann-lime-kiln-langcliffeuk_ir_p1_4_<talker>_<utter>_<noise>_<SNR>dB.wav']
['6', '1', '16000', 'ir_p1_4', 'hoffmann-lime-kiln-langcliffeuk', '1', '6', '0.000000', '0.000000', '0.000000', '0.000000', '0.000000', '0.000000', '0.000000', '0.000000', '0.000000', 'Unknown_hoffmann-lime-kiln-langcliffeuk_ir_p1_4_<talker>_<utter>_<noise>_<SNR>dB.wav']
<_io.TextIOWrapper name='/data2/new_wzd/1000Hz/modif_output_wav/Dev/Speech/hoffmann-lime-kiln-langcliffeuk/20221230T174625_test_gen_corpus_dataset_results.csv' mode='a' encoding='UTF-8'> ['6', '1', '16000', 'ir_p1_4', 'hoffmann-lime-kiln-langcliffeuk', '1', '6', '0.000000', '0.000000', '0.000000', '0.000000', '0.000000', '0.000000', '0.000000', '0.000000', '0.000000', 'Unknown_hoffmann-lime-kiln-langcliffeuk_ir_p1_4_<talker>_<utter>_<noise>_<SNR>dB.wav']
['7', '1', '16000', 'ir_p1_4', 'hoffmann-lime-kiln-langcliffeuk', '1', '7', '0.000000', '0.000000', '0.000000', '0.000000', '0.000000', '0.000000', '0.000000', '0.000000', '0.000000', 'Unknown_hoffmann-lime-kiln-langcliffeuk_ir_p1_4_<talker>_<utter>_<noise>_<SNR>dB.wav']
<_io.TextIOWrapper name='/data2/new_wzd/1000Hz/modif_output_wav/Dev/Speech/hoffmann-lime-kiln-langcliffeuk/20221230T174625_test_gen_corpus_dataset_results.csv' mode='a' encoding='UTF-8'> ['7', '1', '16000', 'ir_p1_4', 'hoffmann-lime-kiln-langcliffeuk', '1', '7', '0.000000', '0.000000', '0.000000', '0.000000', '0.000000', '0.000000', '0.000000', '0.000000', '0.000000', 'Unknown_hoffmann-lime-kiln-langcliffeuk_ir_p1_4_<talker>_<utter>_<noise>_<SNR>dB.wav']
['8', '1', '16000', 'ir_p1_4', 'hoffmann-lime-kiln-langcliffeuk', '1', '8', '0.000000', '0.000000', '0.000000', '1.328000', '0.000000', '0.000000', '0.000000', '0.000000', '0.000000', 'Unknown_hoffmann-lime-kiln-langcliffeuk_ir_p1_4_<talker>_<utter>_<noise>_<SNR>dB.wav']
<_io.TextIOWrapper name='/data2/new_wzd/1000Hz/modif_output_wav/Dev/Speech/hoffmann-lime-kiln-langcliffeuk/20221230T174625_test_gen_corpus_dataset_results.csv' mode='a' encoding='UTF-8'> ['8', '1', '16000', 'ir_p1_4', 'hoffmann-lime-kiln-langcliffeuk', '1', '8', '0.000000', '0.000000', '0.000000', '1.328000', '0.000000', '0.000000', '0.000000', '0.000000', '0.000000', 'Unknown_hoffmann-lime-kiln-langcliffeuk_ir_p1_4_<talker>_<utter>_<noise>_<SNR>dB.wav']
['9', '1', '16000', 'ir_p1_4', 'hoffmann-lime-kiln-langcliffeuk', '1', '9', '0.000000', '0.000000', '0.000000', '0.000000', '0.000000', '0.000000', '0.000000', '0.000000', '0.000000', 'Unknown_hoffmann-lime-kiln-langcliffeuk_ir_p1_4_<talker>_<utter>_<noise>_<SNR>dB.wav']
<_io.TextIOWrapper name='/data2/new_wzd/1000Hz/modif_output_wav/Dev/Speech/hoffmann-lime-kiln-langcliffeuk/20221230T174625_test_gen_corpus_dataset_results.csv' mode='a' encoding='UTF-8'> ['9', '1', '16000', 'ir_p1_4', 'hoffmann-lime-kiln-langcliffeuk', '1', '9', '0.000000', '0.000000', '0.000000', '0.000000', '0.000000', '0.000000', '0.000000', '0.000000', '0.000000', 'Unknown_hoffmann-lime-kiln-langcliffeuk_ir_p1_4_<talker>_<utter>_<noise>_<SNR>dB.wav']
['10', '1', '16000', 'ir_p1_4', 'hoffmann-lime-kiln-langcliffeuk', '1', '10', '0.000000', '0.000000', '0.000000', '0.000000', '0.000000', '0.000000', '0.000000', '0.000000', '0.000000', 'Unknown_hoffmann-lime-kiln-langcliffeuk_ir_p1_4_<talker>_<utter>_<noise>_<SNR>dB.wav']
<_io.TextIOWrapper name='/data2/new_wzd/1000Hz/modif_output_wav/Dev/Speech/hoffmann-lime-kiln-langcliffeuk/20221230T174625_test_gen_corpus_dataset_results.csv' mode='a' encoding='UTF-8'> ['10', '1', '16000', 'ir_p1_4', 'hoffmann-lime-kiln-langcliffeuk', '1', '10', '0.000000', '0.000000', '0.000000', '0.000000', '0.000000', '0.000000', '0.000000', '0.000000', '0.000000', 'Unknown_hoffmann-lime-kiln-langcliffeuk_ir_p1_4_<talker>_<utter>_<noise>_<SNR>dB.wav']
['11', '1', '16000', 'ir_p1_4', 'hoffmann-lime-kiln-langcliffeuk', '1', '11', '0.000000', '0.000000', '0.000000', '0.858500', '0.000000', '0.000000', '0.000000', '0.000000', '0.000000', 'Unknown_hoffmann-lime-kiln-langcliffeuk_ir_p1_4_<talker>_<utter>_<noise>_<SNR>dB.wav']
<_io.TextIOWrapper name='/data2/new_wzd/1000Hz/modif_output_wav/Dev/Speech/hoffmann-lime-kiln-langcliffeuk/20221230T174625_test_gen_corpus_dataset_results.csv' mode='a' encoding='UTF-8'> ['11', '1', '16000', 'ir_p1_4', 'hoffmann-lime-kiln-langcliffeuk', '1', '11', '0.000000', '0.000000', '0.000000', '0.858500', '0.000000', '0.000000', '0.000000', '0.000000', '0.000000', 'Unknown_hoffmann-lime-kiln-langcliffeuk_ir_p1_4_<talker>_<utter>_<noise>_<SNR>dB.wav']
['12', '1', '16000', 'ir_p1_4', 'hoffmann-lime-kiln-langcliffeuk', '1', '12', '0.000000', '0.000000', '0.000000', '0.000000', '0.000000', '0.000000', '0.000000', '0.000000', '0.000000', 'Unknown_hoffmann-lime-kiln-langcliffeuk_ir_p1_4_<talker>_<utter>_<noise>_<SNR>dB.wav']
<_io.TextIOWrapper name='/data2/new_wzd/1000Hz/modif_output_wav/Dev/Speech/hoffmann-lime-kiln-langcliffeuk/20221230T174625_test_gen_corpus_dataset_results.csv' mode='a' encoding='UTF-8'> ['12', '1', '16000', 'ir_p1_4', 'hoffmann-lime-kiln-langcliffeuk', '1', '12', '0.000000', '0.000000', '0.000000', '0.000000', '0.000000', '0.000000', '0.000000', '0.000000', '0.000000', 'Unknown_hoffmann-lime-kiln-langcliffeuk_ir_p1_4_<talker>_<utter>_<noise>_<SNR>dB.wav']
['13', '1', '16000', 'ir_p1_4', 'hoffmann-lime-kiln-langcliffeuk', '1', '13', '0.000000', '0.000000', '0.000000', '0.000000', '0.000000', '0.000000', '0.000000', '0.000000', '0.000000', 'Unknown_hoffmann-lime-kiln-langcliffeuk_ir_p1_4_<talker>_<utter>_<noise>_<SNR>dB.wav']
<_io.TextIOWrapper name='/data2/new_wzd/1000Hz/modif_output_wav/Dev/Speech/hoffmann-lime-kiln-langcliffeuk/20221230T174625_test_gen_corpus_dataset_results.csv' mode='a' encoding='UTF-8'> ['13', '1', '16000', 'ir_p1_4', 'hoffmann-lime-kiln-langcliffeuk', '1', '13', '0.000000', '0.000000', '0.000000', '0.000000', '0.000000', '0.000000', '0.000000', '0.000000', '0.000000', 'Unknown_hoffmann-lime-kiln-langcliffeuk_ir_p1_4_<talker>_<utter>_<noise>_<SNR>dB.wav']
['14', '1', '16000', 'ir_p1_4', 'hoffmann-lime-kiln-langcliffeuk', '1', '14', '0.000000', '0.000000', '0.000000', '0.787000', '0.000000', '0.000000', '0.000000', '0.000000', '0.000000', 'Unknown_hoffmann-lime-kiln-langcliffeuk_ir_p1_4_<talker>_<utter>_<noise>_<SNR>dB.wav']
<_io.TextIOWrapper name='/data2/new_wzd/1000Hz/modif_output_wav/Dev/Speech/hoffmann-lime-kiln-langcliffeuk/20221230T174625_test_gen_corpus_dataset_results.csv' mode='a' encoding='UTF-8'> ['14', '1', '16000', 'ir_p1_4', 'hoffmann-lime-kiln-langcliffeuk', '1', '14', '0.000000', '0.000000', '0.000000', '0.787000', '0.000000', '0.000000', '0.000000', '0.000000', '0.000000', 'Unknown_hoffmann-lime-kiln-langcliffeuk_ir_p1_4_<talker>_<utter>_<noise>_<SNR>dB.wav']
['15', '1', '16000', 'ir_p1_4', 'hoffmann-lime-kiln-langcliffeuk', '1', '15', '0.000000', '0.000000', '0.000000', '0.000000', '0.000000', '0.000000', '0.000000', '0.000000', '0.000000', 'Unknown_hoffmann-lime-kiln-langcliffeuk_ir_p1_4_<talker>_<utter>_<noise>_<SNR>dB.wav']
<_io.TextIOWrapper name='/data2/new_wzd/1000Hz/modif_output_wav/Dev/Speech/hoffmann-lime-kiln-langcliffeuk/20221230T174625_test_gen_corpus_dataset_results.csv' mode='a' encoding='UTF-8'> ['15', '1', '16000', 'ir_p1_4', 'hoffmann-lime-kiln-langcliffeuk', '1', '15', '0.000000', '0.000000', '0.000000', '0.000000', '0.000000', '0.000000', '0.000000', '0.000000', '0.000000', 'Unknown_hoffmann-lime-kiln-langcliffeuk_ir_p1_4_<talker>_<utter>_<noise>_<SNR>dB.wav']
['16', '1', '16000', 'ir_p1_4', 'hoffmann-lime-kiln-langcliffeuk', '1', '16', '0.000000', '0.000000', '0.000000', '0.000000', '0.000000', '0.000000', '0.000000', '0.000000', '0.000000', 'Unknown_hoffmann-lime-kiln-langcliffeuk_ir_p1_4_<talker>_<utter>_<noise>_<SNR>dB.wav']
<_io.TextIOWrapper name='/data2/new_wzd/1000Hz/modif_output_wav/Dev/Speech/hoffmann-lime-kiln-langcliffeuk/20221230T174625_test_gen_corpus_dataset_results.csv' mode='a' encoding='UTF-8'> ['16', '1', '16000', 'ir_p1_4', 'hoffmann-lime-kiln-langcliffeuk', '1', '16', '0.000000', '0.000000', '0.000000', '0.000000', '0.000000', '0.000000', '0.000000', '0.000000', '0.000000', 'Unknown_hoffmann-lime-kiln-langcliffeuk_ir_p1_4_<talker>_<utter>_<noise>_<SNR>dB.wav']
['17', '1', '16000', 'ir_p1_4', 'hoffmann-lime-kiln-langcliffeuk', '1', '17', '0.000000', '0.000000', '0.000000', '0.616000', '0.000000', '0.000000', '0.000000', '0.000000', '0.000000', 'Unknown_hoffmann-lime-kiln-langcliffeuk_ir_p1_4_<talker>_<utter>_<noise>_<SNR>dB.wav']
<_io.TextIOWrapper name='/data2/new_wzd/1000Hz/modif_output_wav/Dev/Speech/hoffmann-lime-kiln-langcliffeuk/20221230T174625_test_gen_corpus_dataset_results.csv' mode='a' encoding='UTF-8'> ['17', '1', '16000', 'ir_p1_4', 'hoffmann-lime-kiln-langcliffeuk', '1', '17', '0.000000', '0.000000', '0.000000', '0.616000', '0.000000', '0.000000', '0.000000', '0.000000', '0.000000', 'Unknown_hoffmann-lime-kiln-langcliffeuk_ir_p1_4_<talker>_<utter>_<noise>_<SNR>dB.wav']
['18', '1', '16000', 'ir_p1_4', 'hoffmann-lime-kiln-langcliffeuk', '1', '18', '0.000000', '0.000000', '0.000000', '0.000000', '0.000000', '0.000000', '0.000000', '0.000000', '0.000000', 'Unknown_hoffmann-lime-kiln-langcliffeuk_ir_p1_4_<talker>_<utter>_<noise>_<SNR>dB.wav']
<_io.TextIOWrapper name='/data2/new_wzd/1000Hz/modif_output_wav/Dev/Speech/hoffmann-lime-kiln-langcliffeuk/20221230T174625_test_gen_corpus_dataset_results.csv' mode='a' encoding='UTF-8'> ['18', '1', '16000', 'ir_p1_4', 'hoffmann-lime-kiln-langcliffeuk', '1', '18', '0.000000', '0.000000', '0.000000', '0.000000', '0.000000', '0.000000', '0.000000', '0.000000', '0.000000', 'Unknown_hoffmann-lime-kiln-langcliffeuk_ir_p1_4_<talker>_<utter>_<noise>_<SNR>dB.wav']
['19', '1', '16000', 'ir_p1_4', 'hoffmann-lime-kiln-langcliffeuk', '1', '19', '0.000000', '0.000000', '0.000000', '0.000000', '0.000000', '0.000000', '0.000000', '0.000000', '0.000000', 'Unknown_hoffmann-lime-kiln-langcliffeuk_ir_p1_4_<talker>_<utter>_<noise>_<SNR>dB.wav']
<_io.TextIOWrapper name='/data2/new_wzd/1000Hz/modif_output_wav/Dev/Speech/hoffmann-lime-kiln-langcliffeuk/20221230T174625_test_gen_corpus_dataset_results.csv' mode='a' encoding='UTF-8'> ['19', '1', '16000', 'ir_p1_4', 'hoffmann-lime-kiln-langcliffeuk', '1', '19', '0.000000', '0.000000', '0.000000', '0.000000', '0.000000', '0.000000', '0.000000', '0.000000', '0.000000', 'Unknown_hoffmann-lime-kiln-langcliffeuk_ir_p1_4_<talker>_<utter>_<noise>_<SNR>dB.wav']
['20', '1', '16000', 'ir_p1_4', 'hoffmann-lime-kiln-langcliffeuk', '1', '20', '0.000000', '0.000000', '0.000000', '0.515500', '0.000000', '0.000000', '0.000000', '0.000000', '0.000000', 'Unknown_hoffmann-lime-kiln-langcliffeuk_ir_p1_4_<talker>_<utter>_<noise>_<SNR>dB.wav']
<_io.TextIOWrapper name='/data2/new_wzd/1000Hz/modif_output_wav/Dev/Speech/hoffmann-lime-kiln-langcliffeuk/20221230T174625_test_gen_corpus_dataset_results.csv' mode='a' encoding='UTF-8'> ['20', '1', '16000', 'ir_p1_4', 'hoffmann-lime-kiln-langcliffeuk', '1', '20', '0.000000', '0.000000', '0.000000', '0.515500', '0.000000', '0.000000', '0.000000', '0.000000', '0.000000', 'Unknown_hoffmann-lime-kiln-langcliffeuk_ir_p1_4_<talker>_<utter>_<noise>_<SNR>dB.wav']
['21', '1', '16000', 'ir_p1_4', 'hoffmann-lime-kiln-langcliffeuk', '1', '21', '0.000000', '0.000000', '0.000000', '0.000000', '0.000000', '0.000000', '0.000000', '0.000000', '0.000000', 'Unknown_hoffmann-lime-kiln-langcliffeuk_ir_p1_4_<talker>_<utter>_<noise>_<SNR>dB.wav']
<_io.TextIOWrapper name='/data2/new_wzd/1000Hz/modif_output_wav/Dev/Speech/hoffmann-lime-kiln-langcliffeuk/20221230T174625_test_gen_corpus_dataset_results.csv' mode='a' encoding='UTF-8'> ['21', '1', '16000', 'ir_p1_4', 'hoffmann-lime-kiln-langcliffeuk', '1', '21', '0.000000', '0.000000', '0.000000', '0.000000', '0.000000', '0.000000', '0.000000', '0.000000', '0.000000', 'Unknown_hoffmann-lime-kiln-langcliffeuk_ir_p1_4_<talker>_<utter>_<noise>_<SNR>dB.wav']
['22', '1', '16000', 'ir_p1_4', 'hoffmann-lime-kiln-langcliffeuk', '1', '22', '0.000000', '0.000000', '0.000000', '0.000000', '0.000000', '0.000000', '0.000000', '0.000000', '0.000000', 'Unknown_hoffmann-lime-kiln-langcliffeuk_ir_p1_4_<talker>_<utter>_<noise>_<SNR>dB.wav']
<_io.TextIOWrapper name='/data2/new_wzd/1000Hz/modif_output_wav/Dev/Speech/hoffmann-lime-kiln-langcliffeuk/20221230T174625_test_gen_corpus_dataset_results.csv' mode='a' encoding='UTF-8'> ['22', '1', '16000', 'ir_p1_4', 'hoffmann-lime-kiln-langcliffeuk', '1', '22', '0.000000', '0.000000', '0.000000', '0.000000', '0.000000', '0.000000', '0.000000', '0.000000', '0.000000', 'Unknown_hoffmann-lime-kiln-langcliffeuk_ir_p1_4_<talker>_<utter>_<noise>_<SNR>dB.wav']
['23', '1', '16000', 'ir_p1_4', 'hoffmann-lime-kiln-langcliffeuk', '1', '23', '0.000000', '0.000000', '0.000000', '0.354000', '0.000000', '0.000000', '0.000000', '0.000000', '0.000000', 'Unknown_hoffmann-lime-kiln-langcliffeuk_ir_p1_4_<talker>_<utter>_<noise>_<SNR>dB.wav']
<_io.TextIOWrapper name='/data2/new_wzd/1000Hz/modif_output_wav/Dev/Speech/hoffmann-lime-kiln-langcliffeuk/20221230T174625_test_gen_corpus_dataset_results.csv' mode='a' encoding='UTF-8'> ['23', '1', '16000', 'ir_p1_4', 'hoffmann-lime-kiln-langcliffeuk', '1', '23', '0.000000', '0.000000', '0.000000', '0.354000', '0.000000', '0.000000', '0.000000', '0.000000', '0.000000', 'Unknown_hoffmann-lime-kiln-langcliffeuk_ir_p1_4_<talker>_<utter>_<noise>_<SNR>dB.wav']
['24', '1', '16000', 'ir_p1_4', 'hoffmann-lime-kiln-langcliffeuk', '1', '24', '0.000000', '0.000000', '0.000000', '0.000000', '0.000000', '0.000000', '0.000000', '0.000000', '0.000000', 'Unknown_hoffmann-lime-kiln-langcliffeuk_ir_p1_4_<talker>_<utter>_<noise>_<SNR>dB.wav']
<_io.TextIOWrapper name='/data2/new_wzd/1000Hz/modif_output_wav/Dev/Speech/hoffmann-lime-kiln-langcliffeuk/20221230T174625_test_gen_corpus_dataset_results.csv' mode='a' encoding='UTF-8'> ['24', '1', '16000', 'ir_p1_4', 'hoffmann-lime-kiln-langcliffeuk', '1', '24', '0.000000', '0.000000', '0.000000', '0.000000', '0.000000', '0.000000', '0.000000', '0.000000', '0.000000', 'Unknown_hoffmann-lime-kiln-langcliffeuk_ir_p1_4_<talker>_<utter>_<noise>_<SNR>dB.wav']
['25', '1', '16000', 'ir_p1_4', 'hoffmann-lime-kiln-langcliffeuk', '1', '25', '0.000000', '0.000000', '0.000000', '0.000000', '0.000000', '0.000000', '0.000000', '0.000000', '0.000000', 'Unknown_hoffmann-lime-kiln-langcliffeuk_ir_p1_4_<talker>_<utter>_<noise>_<SNR>dB.wav']
<_io.TextIOWrapper name='/data2/new_wzd/1000Hz/modif_output_wav/Dev/Speech/hoffmann-lime-kiln-langcliffeuk/20221230T174625_test_gen_corpus_dataset_results.csv' mode='a' encoding='UTF-8'> ['25', '1', '16000', 'ir_p1_4', 'hoffmann-lime-kiln-langcliffeuk', '1', '25', '0.000000', '0.000000', '0.000000', '0.000000', '0.000000', '0.000000', '0.000000', '0.000000', '0.000000', 'Unknown_hoffmann-lime-kiln-langcliffeuk_ir_p1_4_<talker>_<utter>_<noise>_<SNR>dB.wav']
['26', '1', '16000', 'ir_p1_4', 'hoffmann-lime-kiln-langcliffeuk', '1', '26', '0.000000', '0.000000', '0.000000', '0.281500', '0.000000', '0.000000', '0.000000', '0.000000', '0.000000', 'Unknown_hoffmann-lime-kiln-langcliffeuk_ir_p1_4_<talker>_<utter>_<noise>_<SNR>dB.wav']
<_io.TextIOWrapper name='/data2/new_wzd/1000Hz/modif_output_wav/Dev/Speech/hoffmann-lime-kiln-langcliffeuk/20221230T174625_test_gen_corpus_dataset_results.csv' mode='a' encoding='UTF-8'> ['26', '1', '16000', 'ir_p1_4', 'hoffmann-lime-kiln-langcliffeuk', '1', '26', '0.000000', '0.000000', '0.000000', '0.281500', '0.000000', '0.000000', '0.000000', '0.000000', '0.000000', 'Unknown_hoffmann-lime-kiln-langcliffeuk_ir_p1_4_<talker>_<utter>_<noise>_<SNR>dB.wav']
['27', '1', '16000', 'ir_p1_4', 'hoffmann-lime-kiln-langcliffeuk', '1', '27', '0.000000', '0.000000', '0.000000', '0.000000', '0.000000', '0.000000', '0.000000', '0.000000', '0.000000', 'Unknown_hoffmann-lime-kiln-langcliffeuk_ir_p1_4_<talker>_<utter>_<noise>_<SNR>dB.wav']
<_io.TextIOWrapper name='/data2/new_wzd/1000Hz/modif_output_wav/Dev/Speech/hoffmann-lime-kiln-langcliffeuk/20221230T174625_test_gen_corpus_dataset_results.csv' mode='a' encoding='UTF-8'> ['27', '1', '16000', 'ir_p1_4', 'hoffmann-lime-kiln-langcliffeuk', '1', '27', '0.000000', '0.000000', '0.000000', '0.000000', '0.000000', '0.000000', '0.000000', '0.000000', '0.000000', 'Unknown_hoffmann-lime-kiln-langcliffeuk_ir_p1_4_<talker>_<utter>_<noise>_<SNR>dB.wav']
['28', '1', '16000', 'ir_p1_4', 'hoffmann-lime-kiln-langcliffeuk', '1', '28', '0.000000', '0.000000', '0.000000', '0.000000', '0.000000', '0.000000', '0.000000', '0.000000', '0.000000', 'Unknown_hoffmann-lime-kiln-langcliffeuk_ir_p1_4_<talker>_<utter>_<noise>_<SNR>dB.wav']
<_io.TextIOWrapper name='/data2/new_wzd/1000Hz/modif_output_wav/Dev/Speech/hoffmann-lime-kiln-langcliffeuk/20221230T174625_test_gen_corpus_dataset_results.csv' mode='a' encoding='UTF-8'> ['28', '1', '16000', 'ir_p1_4', 'hoffmann-lime-kiln-langcliffeuk', '1', '28', '0.000000', '0.000000', '0.000000', '0.000000', '0.000000', '0.000000', '0.000000', '0.000000', '0.000000', 'Unknown_hoffmann-lime-kiln-langcliffeuk_ir_p1_4_<talker>_<utter>_<noise>_<SNR>dB.wav']
['29', '1', '16000', 'ir_p1_4', 'hoffmann-lime-kiln-langcliffeuk', '1', '29', '0.000000', '0.000000', '0.000000', '0.236000', '0.000000', '0.000000', '0.000000', '0.000000', '0.000000', 'Unknown_hoffmann-lime-kiln-langcliffeuk_ir_p1_4_<talker>_<utter>_<noise>_<SNR>dB.wav']
<_io.TextIOWrapper name='/data2/new_wzd/1000Hz/modif_output_wav/Dev/Speech/hoffmann-lime-kiln-langcliffeuk/20221230T174625_test_gen_corpus_dataset_results.csv' mode='a' encoding='UTF-8'> ['29', '1', '16000', 'ir_p1_4', 'hoffmann-lime-kiln-langcliffeuk', '1', '29', '0.000000', '0.000000', '0.000000', '0.236000', '0.000000', '0.000000', '0.000000', '0.000000', '0.000000', 'Unknown_hoffmann-lime-kiln-langcliffeuk_ir_p1_4_<talker>_<utter>_<noise>_<SNR>dB.wav']
['30', '1', '16000', 'ir_p1_4', 'hoffmann-lime-kiln-langcliffeuk', '1', '30', '0.000000', '0.000000', '0.000000', '0.000000', '0.000000', '0.000000', '0.000000', '0.000000', '0.000000', 'Unknown_hoffmann-lime-kiln-langcliffeuk_ir_p1_4_<talker>_<utter>_<noise>_<SNR>dB.wav']
<_io.TextIOWrapper name='/data2/new_wzd/1000Hz/modif_output_wav/Dev/Speech/hoffmann-lime-kiln-langcliffeuk/20221230T174625_test_gen_corpus_dataset_results.csv' mode='a' encoding='UTF-8'> ['30', '1', '16000', 'ir_p1_4', 'hoffmann-lime-kiln-langcliffeuk', '1', '30', '0.000000', '0.000000', '0.000000', '0.000000', '0.000000', '0.000000', '0.000000', '0.000000', '0.000000', 'Unknown_hoffmann-lime-kiln-langcliffeuk_ir_p1_4_<talker>_<utter>_<noise>_<SNR>dB.wav']
加载timit时间1.2973320484161377
0.6909339947958771 0.0006292806968174222 33.135694348212766
all use time: 0.08881211280822754
写入文件用时：0.09103512763977051
0.6909339947958771 0.0006292806968174222 10.478426599152087
all use time: 0.006769657135009766
写入文件用时：0.06933999061584473
0.6909339947958771 0.0006292806968174222 3.313569434821277
all use time: 0.006621599197387695
写入文件用时：0.0784749984741211
0.6909339947958771 4.192039992377001e-05 128.38242415869038
all use time: 0.007130146026611328
写入文件用时：0.07735013961791992
0.6909339947958771 4.192039992377001e-05 40.59808718752878
all use time: 0.006666898727416992
写入文件用时：0.0777895450592041
0.6909339947958771 4.192039992377001e-05 12.838242415869038
all use time: 0.00667262077331543
写入文件用时：0.0694735050201416
0.6909339947958771 8.668067520096492e-06 282.3300712325064
all use time: 0.008224248886108398
写入文件用时：0.06854033470153809
0.6909339947958771 8.668067520096492e-06 89.28060770523021
all use time: 0.006677389144897461
写入文件用时：0.07783389091491699
0.6909339947958771 8.668067520096492e-06 28.233007123250637
all use time: 0.006623268127441406
写入文件用时：0.06949472427368164
0.6909339947958771 0.0006264197680429536 33.211275351147
all use time: 0.008422136306762695
写入文件用时：0.07176733016967773
0.6909339947958771 0.0006264197680429536 10.502327410863291
all use time: 0.006668806076049805
写入文件用时：0.07773089408874512
0.6909339947958771 0.0006264197680429536 3.3211275351147003
all use time: 0.006620168685913086
写入文件用时：0.06950902938842773
0.6909339947958771 2.1534863824001733e-05 179.1212930105205
all use time: 0.008331537246704102
写入文件用时：0.07677292823791504
0.6909339947958771 2.1534863824001733e-05 56.64312633476435