OMP: Info #277: omp_set_nested routine deprecated, please use omp_set_max_active_levels instead.
      Test ID:  Ver:  ...  DRR direct +: DRR direct -:
0            1     1  ...              0           NaN
1            2     1  ...              0           NaN
2            3     1  ...              0           NaN
3            4     1  ...              0           NaN
4            5     1  ...              0           NaN
...        ...   ...  ...            ...           ...
5395      5396     1  ...              0           NaN
5396      5397     1  ...              0           NaN
5397      5398     1  ...              0           NaN
5398      5399     1  ...              0           NaN
5399      5400     1  ...              0           NaN

[5400 rows x 33 columns]
/data2/new_wzd/1000Hz/RIR_Data/Speech/
resultFilename: /data2/new_wzd/1000Hz/modif_output_wav/Dev/Speech/ron-cooke-hub-university-york/20221230T174624_test_gen_corpus_dataset_results.csv
加载一条rir的时间是:0.2839071750640869
[]
读取15条语音的时间是:19.99242377281189
['1', '1', '16000', 'tstr_ir_4', 'ron-cooke-hub-university-york', '1', '1', '0.000000', '0.000000', '0.000000', '0.000000', '0.000000', '0.000000', '0.000000', '0.000000', '0.000000', 'Unknown_ron-cooke-hub-university-york_tstr_ir_4_<talker>_<utter>_<noise>_<SNR>dB.wav']
<_io.TextIOWrapper name='/data2/new_wzd/1000Hz/modif_output_wav/Dev/Speech/ron-cooke-hub-university-york/20221230T174624_test_gen_corpus_dataset_results.csv' mode='a' encoding='UTF-8'> ['1', '1', '16000', 'tstr_ir_4', 'ron-cooke-hub-university-york', '1', '1', '0.000000', '0.000000', '0.000000', '0.000000', '0.000000', '0.000000', '0.000000', '0.000000', '0.000000', 'Unknown_ron-cooke-hub-university-york_tstr_ir_4_<talker>_<utter>_<noise>_<SNR>dB.wav']
['2', '1', '16000', 'tstr_ir_4', 'ron-cooke-hub-university-york', '1', '2', '0.000000', '0.000000', '0.000000', '1.552000', '0.000000', '0.000000', '0.000000', '0.000000', '0.000000', 'Unknown_ron-cooke-hub-university-york_tstr_ir_4_<talker>_<utter>_<noise>_<SNR>dB.wav']
<_io.TextIOWrapper name='/data2/new_wzd/1000Hz/modif_output_wav/Dev/Speech/ron-cooke-hub-university-york/20221230T174624_test_gen_corpus_dataset_results.csv' mode='a' encoding='UTF-8'> ['2', '1', '16000', 'tstr_ir_4', 'ron-cooke-hub-university-york', '1', '2', '0.000000', '0.000000', '0.000000', '1.552000', '0.000000', '0.000000', '0.000000', '0.000000', '0.000000', 'Unknown_ron-cooke-hub-university-york_tstr_ir_4_<talker>_<utter>_<noise>_<SNR>dB.wav']
['3', '1', '16000', 'tstr_ir_4', 'ron-cooke-hub-university-york', '1', '3', '0.000000', '0.000000', '0.000000', '0.000000', '0.000000', '0.000000', '0.000000', '0.000000', '0.000000', 'Unknown_ron-cooke-hub-university-york_tstr_ir_4_<talker>_<utter>_<noise>_<SNR>dB.wav']
<_io.TextIOWrapper name='/data2/new_wzd/1000Hz/modif_output_wav/Dev/Speech/ron-cooke-hub-university-york/20221230T174624_test_gen_corpus_dataset_results.csv' mode='a' encoding='UTF-8'> ['3', '1', '16000', 'tstr_ir_4', 'ron-cooke-hub-university-york', '1', '3', '0.000000', '0.000000', '0.000000', '0.000000', '0.000000', '0.000000', '0.000000', '0.000000', '0.000000', 'Unknown_ron-cooke-hub-university-york_tstr_ir_4_<talker>_<utter>_<noise>_<SNR>dB.wav']
['4', '1', '16000', 'tstr_ir_4', 'ron-cooke-hub-university-york', '1', '4', '0.000000', '0.000000', '0.000000', '0.000000', '0.000000', '0.000000', '0.000000', '0.000000', '0.000000', 'Unknown_ron-cooke-hub-university-york_tstr_ir_4_<talker>_<utter>_<noise>_<SNR>dB.wav']
<_io.TextIOWrapper name='/data2/new_wzd/1000Hz/modif_output_wav/Dev/Speech/ron-cooke-hub-university-york/20221230T174624_test_gen_corpus_dataset_results.csv' mode='a' encoding='UTF-8'> ['4', '1', '16000', 'tstr_ir_4', 'ron-cooke-hub-university-york', '1', '4', '0.000000', '0.000000', '0.000000', '0.000000', '0.000000', '0.000000', '0.000000', '0.000000', '0.000000', 'Unknown_ron-cooke-hub-university-york_tstr_ir_4_<talker>_<utter>_<noise>_<SNR>dB.wav']
['5', '1', '16000', 'tstr_ir_4', 'ron-cooke-hub-university-york', '1', '5', '0.000000', '0.000000', '0.000000', '0.596000', '0.000000', '0.000000', '0.000000', '0.000000', '0.000000', 'Unknown_ron-cooke-hub-university-york_tstr_ir_4_<talker>_<utter>_<noise>_<SNR>dB.wav']
<_io.TextIOWrapper name='/data2/new_wzd/1000Hz/modif_output_wav/Dev/Speech/ron-cooke-hub-university-york/20221230T174624_test_gen_corpus_dataset_results.csv' mode='a' encoding='UTF-8'> ['5', '1', '16000', 'tstr_ir_4', 'ron-cooke-hub-university-york', '1', '5', '0.000000', '0.000000', '0.000000', '0.596000', '0.000000', '0.000000', '0.000000', '0.000000', '0.000000', 'Unknown_ron-cooke-hub-university-york_tstr_ir_4_<talker>_<utter>_<noise>_<SNR>dB.wav']
['6', '1', '16000', 'tstr_ir_4', 'ron-cooke-hub-university-york', '1', '6', '0.000000', '0.000000', '0.000000', '0.000000', '0.000000', '0.000000', '0.000000', '0.000000', '0.000000', 'Unknown_ron-cooke-hub-university-york_tstr_ir_4_<talker>_<utter>_<noise>_<SNR>dB.wav']
<_io.TextIOWrapper name='/data2/new_wzd/1000Hz/modif_output_wav/Dev/Speech/ron-cooke-hub-university-york/20221230T174624_test_gen_corpus_dataset_results.csv' mode='a' encoding='UTF-8'> ['6', '1', '16000', 'tstr_ir_4', 'ron-cooke-hub-university-york', '1', '6', '0.000000', '0.000000', '0.000000', '0.000000', '0.000000', '0.000000', '0.000000', '0.000000', '0.000000', 'Unknown_ron-cooke-hub-university-york_tstr_ir_4_<talker>_<utter>_<noise>_<SNR>dB.wav']
['7', '1', '16000', 'tstr_ir_4', 'ron-cooke-hub-university-york', '1', '7', '0.000000', '0.000000', '0.000000', '0.000000', '0.000000', '0.000000', '0.000000', '0.000000', '0.000000', 'Unknown_ron-cooke-hub-university-york_tstr_ir_4_<talker>_<utter>_<noise>_<SNR>dB.wav']
<_io.TextIOWrapper name='/data2/new_wzd/1000Hz/modif_output_wav/Dev/Speech/ron-cooke-hub-university-york/20221230T174624_test_gen_corpus_dataset_results.csv' mode='a' encoding='UTF-8'> ['7', '1', '16000', 'tstr_ir_4', 'ron-cooke-hub-university-york', '1', '7', '0.000000', '0.000000', '0.000000', '0.000000', '0.000000', '0.000000', '0.000000', '0.000000', '0.000000', 'Unknown_ron-cooke-hub-university-york_tstr_ir_4_<talker>_<utter>_<noise>_<SNR>dB.wav']
['8', '1', '16000', 'tstr_ir_4', 'ron-cooke-hub-university-york', '1', '8', '0.000000', '0.000000', '0.000000', '0.870500', '0.000000', '0.000000', '0.000000', '0.000000', '0.000000', 'Unknown_ron-cooke-hub-university-york_tstr_ir_4_<talker>_<utter>_<noise>_<SNR>dB.wav']
<_io.TextIOWrapper name='/data2/new_wzd/1000Hz/modif_output_wav/Dev/Speech/ron-cooke-hub-university-york/20221230T174624_test_gen_corpus_dataset_results.csv' mode='a' encoding='UTF-8'> ['8', '1', '16000', 'tstr_ir_4', 'ron-cooke-hub-university-york', '1', '8', '0.000000', '0.000000', '0.000000', '0.870500', '0.000000', '0.000000', '0.000000', '0.000000', '0.000000', 'Unknown_ron-cooke-hub-university-york_tstr_ir_4_<talker>_<utter>_<noise>_<SNR>dB.wav']
['9', '1', '16000', 'tstr_ir_4', 'ron-cooke-hub-university-york', '1', '9', '0.000000', '0.000000', '0.000000', '0.000000', '0.000000', '0.000000', '0.000000', '0.000000', '0.000000', 'Unknown_ron-cooke-hub-university-york_tstr_ir_4_<talker>_<utter>_<noise>_<SNR>dB.wav']
<_io.TextIOWrapper name='/data2/new_wzd/1000Hz/modif_output_wav/Dev/Speech/ron-cooke-hub-university-york/20221230T174624_test_gen_corpus_dataset_results.csv' mode='a' encoding='UTF-8'> ['9', '1', '16000', 'tstr_ir_4', 'ron-cooke-hub-university-york', '1', '9', '0.000000', '0.000000', '0.000000', '0.000000', '0.000000', '0.000000', '0.000000', '0.000000', '0.000000', 'Unknown_ron-cooke-hub-university-york_tstr_ir_4_<talker>_<utter>_<noise>_<SNR>dB.wav']
['10', '1', '16000', 'tstr_ir_4', 'ron-cooke-hub-university-york', '1', '10', '0.000000', '0.000000', '0.000000', '0.000000', '0.000000', '0.000000', '0.000000', '0.000000', '0.000000', 'Unknown_ron-cooke-hub-university-york_tstr_ir_4_<talker>_<utter>_<noise>_<SNR>dB.wav']
<_io.TextIOWrapper name='/data2/new_wzd/1000Hz/modif_output_wav/Dev/Speech/ron-cooke-hub-university-york/20221230T174624_test_gen_corpus_dataset_results.csv' mode='a' encoding='UTF-8'> ['10', '1', '16000', 'tstr_ir_4', 'ron-cooke-hub-university-york', '1', '10', '0.000000', '0.000000', '0.000000', '0.000000', '0.000000', '0.000000', '0.000000', '0.000000', '0.000000', 'Unknown_ron-cooke-hub-university-york_tstr_ir_4_<talker>_<utter>_<noise>_<SNR>dB.wav']
['11', '1', '16000', 'tstr_ir_4', 'ron-cooke-hub-university-york', '1', '11', '0.000000', '0.000000', '0.000000', '1.039500', '0.000000', '0.000000', '0.000000', '0.000000', '0.000000', 'Unknown_ron-cooke-hub-university-york_tstr_ir_4_<talker>_<utter>_<noise>_<SNR>dB.wav']
<_io.TextIOWrapper name='/data2/new_wzd/1000Hz/modif_output_wav/Dev/Speech/ron-cooke-hub-university-york/20221230T174624_test_gen_corpus_dataset_results.csv' mode='a' encoding='UTF-8'> ['11', '1', '16000', 'tstr_ir_4', 'ron-cooke-hub-university-york', '1', '11', '0.000000', '0.000000', '0.000000', '1.039500', '0.000000', '0.000000', '0.000000', '0.000000', '0.000000', 'Unknown_ron-cooke-hub-university-york_tstr_ir_4_<talker>_<utter>_<noise>_<SNR>dB.wav']
['12', '1', '16000', 'tstr_ir_4', 'ron-cooke-hub-university-york', '1', '12', '0.000000', '0.000000', '0.000000', '0.000000', '0.000000', '0.000000', '0.000000', '0.000000', '0.000000', 'Unknown_ron-cooke-hub-university-york_tstr_ir_4_<talker>_<utter>_<noise>_<SNR>dB.wav']
<_io.TextIOWrapper name='/data2/new_wzd/1000Hz/modif_output_wav/Dev/Speech/ron-cooke-hub-university-york/20221230T174624_test_gen_corpus_dataset_results.csv' mode='a' encoding='UTF-8'> ['12', '1', '16000', 'tstr_ir_4', 'ron-cooke-hub-university-york', '1', '12', '0.000000', '0.000000', '0.000000', '0.000000', '0.000000', '0.000000', '0.000000', '0.000000', '0.000000', 'Unknown_ron-cooke-hub-university-york_tstr_ir_4_<talker>_<utter>_<noise>_<SNR>dB.wav']
['13', '1', '16000', 'tstr_ir_4', 'ron-cooke-hub-university-york', '1', '13', '0.000000', '0.000000', '0.000000', '0.000000', '0.000000', '0.000000', '0.000000', '0.000000', '0.000000', 'Unknown_ron-cooke-hub-university-york_tstr_ir_4_<talker>_<utter>_<noise>_<SNR>dB.wav']
<_io.TextIOWrapper name='/data2/new_wzd/1000Hz/modif_output_wav/Dev/Speech/ron-cooke-hub-university-york/20221230T174624_test_gen_corpus_dataset_results.csv' mode='a' encoding='UTF-8'> ['13', '1', '16000', 'tstr_ir_4', 'ron-cooke-hub-university-york', '1', '13', '0.000000', '0.000000', '0.000000', '0.000000', '0.000000', '0.000000', '0.000000', '0.000000', '0.000000', 'Unknown_ron-cooke-hub-university-york_tstr_ir_4_<talker>_<utter>_<noise>_<SNR>dB.wav']
['14', '1', '16000', 'tstr_ir_4', 'ron-cooke-hub-university-york', '1', '14', '0.000000', '0.000000', '0.000000', '1.281500', '0.000000', '0.000000', '0.000000', '0.000000', '0.000000', 'Unknown_ron-cooke-hub-university-york_tstr_ir_4_<talker>_<utter>_<noise>_<SNR>dB.wav']
<_io.TextIOWrapper name='/data2/new_wzd/1000Hz/modif_output_wav/Dev/Speech/ron-cooke-hub-university-york/20221230T174624_test_gen_corpus_dataset_results.csv' mode='a' encoding='UTF-8'> ['14', '1', '16000', 'tstr_ir_4', 'ron-cooke-hub-university-york', '1', '14', '0.000000', '0.000000', '0.000000', '1.281500', '0.000000', '0.000000', '0.000000', '0.000000', '0.000000', 'Unknown_ron-cooke-hub-university-york_tstr_ir_4_<talker>_<utter>_<noise>_<SNR>dB.wav']
['15', '1', '16000', 'tstr_ir_4', 'ron-cooke-hub-university-york', '1', '15', '0.000000', '0.000000', '0.000000', '0.000000', '0.000000', '0.000000', '0.000000', '0.000000', '0.000000', 'Unknown_ron-cooke-hub-university-york_tstr_ir_4_<talker>_<utter>_<noise>_<SNR>dB.wav']
<_io.TextIOWrapper name='/data2/new_wzd/1000Hz/modif_output_wav/Dev/Speech/ron-cooke-hub-university-york/20221230T174624_test_gen_corpus_dataset_results.csv' mode='a' encoding='UTF-8'> ['15', '1', '16000', 'tstr_ir_4', 'ron-cooke-hub-university-york', '1', '15', '0.000000', '0.000000', '0.000000', '0.000000', '0.000000', '0.000000', '0.000000', '0.000000', '0.000000', 'Unknown_ron-cooke-hub-university-york_tstr_ir_4_<talker>_<utter>_<noise>_<SNR>dB.wav']
['16', '1', '16000', 'tstr_ir_4', 'ron-cooke-hub-university-york', '1', '16', '0.000000', '0.000000', '0.000000', '0.000000', '0.000000', '0.000000', '0.000000', '0.000000', '0.000000', 'Unknown_ron-cooke-hub-university-york_tstr_ir_4_<talker>_<utter>_<noise>_<SNR>dB.wav']
<_io.TextIOWrapper name='/data2/new_wzd/1000Hz/modif_output_wav/Dev/Speech/ron-cooke-hub-university-york/20221230T174624_test_gen_corpus_dataset_results.csv' mode='a' encoding='UTF-8'> ['16', '1', '16000', 'tstr_ir_4', 'ron-cooke-hub-university-york', '1', '16', '0.000000', '0.000000', '0.000000', '0.000000', '0.000000', '0.000000', '0.000000', '0.000000', '0.000000', 'Unknown_ron-cooke-hub-university-york_tstr_ir_4_<talker>_<utter>_<noise>_<SNR>dB.wav']
['17', '1', '16000', 'tstr_ir_4', 'ron-cooke-hub-university-york', '1', '17', '0.000000', '0.000000', '0.000000', '1.175000', '0.000000', '0.000000', '0.000000', '0.000000', '0.000000', 'Unknown_ron-cooke-hub-university-york_tstr_ir_4_<talker>_<utter>_<noise>_<SNR>dB.wav']
<_io.TextIOWrapper name='/data2/new_wzd/1000Hz/modif_output_wav/Dev/Speech/ron-cooke-hub-university-york/20221230T174624_test_gen_corpus_dataset_results.csv' mode='a' encoding='UTF-8'> ['17', '1', '16000', 'tstr_ir_4', 'ron-cooke-hub-university-york', '1', '17', '0.000000', '0.000000', '0.000000', '1.175000', '0.000000', '0.000000', '0.000000', '0.000000', '0.000000', 'Unknown_ron-cooke-hub-university-york_tstr_ir_4_<talker>_<utter>_<noise>_<SNR>dB.wav']
['18', '1', '16000', 'tstr_ir_4', 'ron-cooke-hub-university-york', '1', '18', '0.000000', '0.000000', '0.000000', '0.000000', '0.000000', '0.000000', '0.000000', '0.000000', '0.000000', 'Unknown_ron-cooke-hub-university-york_tstr_ir_4_<talker>_<utter>_<noise>_<SNR>dB.wav']
<_io.TextIOWrapper name='/data2/new_wzd/1000Hz/modif_output_wav/Dev/Speech/ron-cooke-hub-university-york/20221230T174624_test_gen_corpus_dataset_results.csv' mode='a' encoding='UTF-8'> ['18', '1', '16000', 'tstr_ir_4', 'ron-cooke-hub-university-york', '1', '18', '0.000000', '0.000000', '0.000000', '0.000000', '0.000000', '0.000000', '0.000000', '0.000000', '0.000000', 'Unknown_ron-cooke-hub-university-york_tstr_ir_4_<talker>_<utter>_<noise>_<SNR>dB.wav']
['19', '1', '16000', 'tstr_ir_4', 'ron-cooke-hub-university-york', '1', '19', '0.000000', '0.000000', '0.000000', '0.000000', '0.000000', '0.000000', '0.000000', '0.000000', '0.000000', 'Unknown_ron-cooke-hub-university-york_tstr_ir_4_<talker>_<utter>_<noise>_<SNR>dB.wav']
<_io.TextIOWrapper name='/data2/new_wzd/1000Hz/modif_output_wav/Dev/Speech/ron-cooke-hub-university-york/20221230T174624_test_gen_corpus_dataset_results.csv' mode='a' encoding='UTF-8'> ['19', '1', '16000', 'tstr_ir_4', 'ron-cooke-hub-university-york', '1', '19', '0.000000', '0.000000', '0.000000', '0.000000', '0.000000', '0.000000', '0.000000', '0.000000', '0.000000', 'Unknown_ron-cooke-hub-university-york_tstr_ir_4_<talker>_<utter>_<noise>_<SNR>dB.wav']
['20', '1', '16000', 'tstr_ir_4', 'ron-cooke-hub-university-york', '1', '20', '0.000000', '0.000000', '0.000000', '1.139500', '0.000000', '0.000000', '0.000000', '0.000000', '0.000000', 'Unknown_ron-cooke-hub-university-york_tstr_ir_4_<talker>_<utter>_<noise>_<SNR>dB.wav']
<_io.TextIOWrapper name='/data2/new_wzd/1000Hz/modif_output_wav/Dev/Speech/ron-cooke-hub-university-york/20221230T174624_test_gen_corpus_dataset_results.csv' mode='a' encoding='UTF-8'> ['20', '1', '16000', 'tstr_ir_4', 'ron-cooke-hub-university-york', '1', '20', '0.000000', '0.000000', '0.000000', '1.139500', '0.000000', '0.000000', '0.000000', '0.000000', '0.000000', 'Unknown_ron-cooke-hub-university-york_tstr_ir_4_<talker>_<utter>_<noise>_<SNR>dB.wav']
['21', '1', '16000', 'tstr_ir_4', 'ron-cooke-hub-university-york', '1', '21', '0.000000', '0.000000', '0.000000', '0.000000', '0.000000', '0.000000', '0.000000', '0.000000', '0.000000', 'Unknown_ron-cooke-hub-university-york_tstr_ir_4_<talker>_<utter>_<noise>_<SNR>dB.wav']
<_io.TextIOWrapper name='/data2/new_wzd/1000Hz/modif_output_wav/Dev/Speech/ron-cooke-hub-university-york/20221230T174624_test_gen_corpus_dataset_results.csv' mode='a' encoding='UTF-8'> ['21', '1', '16000', 'tstr_ir_4', 'ron-cooke-hub-university-york', '1', '21', '0.000000', '0.000000', '0.000000', '0.000000', '0.000000', '0.000000', '0.000000', '0.000000', '0.000000', 'Unknown_ron-cooke-hub-university-york_tstr_ir_4_<talker>_<utter>_<noise>_<SNR>dB.wav']
['22', '1', '16000', 'tstr_ir_4', 'ron-cooke-hub-university-york', '1', '22', '0.000000', '0.000000', '0.000000', '0.000000', '0.000000', '0.000000', '0.000000', '0.000000', '0.000000', 'Unknown_ron-cooke-hub-university-york_tstr_ir_4_<talker>_<utter>_<noise>_<SNR>dB.wav']
<_io.TextIOWrapper name='/data2/new_wzd/1000Hz/modif_output_wav/Dev/Speech/ron-cooke-hub-university-york/20221230T174624_test_gen_corpus_dataset_results.csv' mode='a' encoding='UTF-8'> ['22', '1', '16000', 'tstr_ir_4', 'ron-cooke-hub-university-york', '1', '22', '0.000000', '0.000000', '0.000000', '0.000000', '0.000000', '0.000000', '0.000000', '0.000000', '0.000000', 'Unknown_ron-cooke-hub-university-york_tstr_ir_4_<talker>_<utter>_<noise>_<SNR>dB.wav']
['23', '1', '16000', 'tstr_ir_4', 'ron-cooke-hub-university-york', '1', '23', '0.000000', '0.000000', '0.000000', '1.028000', '0.000000', '0.000000', '0.000000', '0.000000', '0.000000', 'Unknown_ron-cooke-hub-university-york_tstr_ir_4_<talker>_<utter>_<noise>_<SNR>dB.wav']
<_io.TextIOWrapper name='/data2/new_wzd/1000Hz/modif_output_wav/Dev/Speech/ron-cooke-hub-university-york/20221230T174624_test_gen_corpus_dataset_results.csv' mode='a' encoding='UTF-8'> ['23', '1', '16000', 'tstr_ir_4', 'ron-cooke-hub-university-york', '1', '23', '0.000000', '0.000000', '0.000000', '1.028000', '0.000000', '0.000000', '0.000000', '0.000000', '0.000000', 'Unknown_ron-cooke-hub-university-york_tstr_ir_4_<talker>_<utter>_<noise>_<SNR>dB.wav']
['24', '1', '16000', 'tstr_ir_4', 'ron-cooke-hub-university-york', '1', '24', '0.000000', '0.000000', '0.000000', '0.000000', '0.000000', '0.000000', '0.000000', '0.000000', '0.000000', 'Unknown_ron-cooke-hub-university-york_tstr_ir_4_<talker>_<utter>_<noise>_<SNR>dB.wav']
<_io.TextIOWrapper name='/data2/new_wzd/1000Hz/modif_output_wav/Dev/Speech/ron-cooke-hub-university-york/20221230T174624_test_gen_corpus_dataset_results.csv' mode='a' encoding='UTF-8'> ['24', '1', '16000', 'tstr_ir_4', 'ron-cooke-hub-university-york', '1', '24', '0.000000', '0.000000', '0.000000', '0.000000', '0.000000', '0.000000', '0.000000', '0.000000', '0.000000', 'Unknown_ron-cooke-hub-university-york_tstr_ir_4_<talker>_<utter>_<noise>_<SNR>dB.wav']
['25', '1', '16000', 'tstr_ir_4', 'ron-cooke-hub-university-york', '1', '25', '0.000000', '0.000000', '0.000000', '0.000000', '0.000000', '0.000000', '0.000000', '0.000000', '0.000000', 'Unknown_ron-cooke-hub-university-york_tstr_ir_4_<talker>_<utter>_<noise>_<SNR>dB.wav']
<_io.TextIOWrapper name='/data2/new_wzd/1000Hz/modif_output_wav/Dev/Speech/ron-cooke-hub-university-york/20221230T174624_test_gen_corpus_dataset_results.csv' mode='a' encoding='UTF-8'> ['25', '1', '16000', 'tstr_ir_4', 'ron-cooke-hub-university-york', '1', '25', '0.000000', '0.000000', '0.000000', '0.000000', '0.000000', '0.000000', '0.000000', '0.000000', '0.000000', 'Unknown_ron-cooke-hub-university-york_tstr_ir_4_<talker>_<utter>_<noise>_<SNR>dB.wav']
['26', '1', '16000', 'tstr_ir_4', 'ron-cooke-hub-university-york', '1', '26', '0.000000', '0.000000', '0.000000', '0.674000', '0.000000', '0.000000', '0.000000', '0.000000', '0.000000', 'Unknown_ron-cooke-hub-university-york_tstr_ir_4_<talker>_<utter>_<noise>_<SNR>dB.wav']
<_io.TextIOWrapper name='/data2/new_wzd/1000Hz/modif_output_wav/Dev/Speech/ron-cooke-hub-university-york/20221230T174624_test_gen_corpus_dataset_results.csv' mode='a' encoding='UTF-8'> ['26', '1', '16000', 'tstr_ir_4', 'ron-cooke-hub-university-york', '1', '26', '0.000000', '0.000000', '0.000000', '0.674000', '0.000000', '0.000000', '0.000000', '0.000000', '0.000000', 'Unknown_ron-cooke-hub-university-york_tstr_ir_4_<talker>_<utter>_<noise>_<SNR>dB.wav']
['27', '1', '16000', 'tstr_ir_4', 'ron-cooke-hub-university-york', '1', '27', '0.000000', '0.000000', '0.000000', '0.000000', '0.000000', '0.000000', '0.000000', '0.000000', '0.000000', 'Unknown_ron-cooke-hub-university-york_tstr_ir_4_<talker>_<utter>_<noise>_<SNR>dB.wav']
<_io.TextIOWrapper name='/data2/new_wzd/1000Hz/modif_output_wav/Dev/Speech/ron-cooke-hub-university-york/20221230T174624_test_gen_corpus_dataset_results.csv' mode='a' encoding='UTF-8'> ['27', '1', '16000', 'tstr_ir_4', 'ron-cooke-hub-university-york', '1', '27', '0.000000', '0.000000', '0.000000', '0.000000', '0.000000', '0.000000', '0.000000', '0.000000', '0.000000', 'Unknown_ron-cooke-hub-university-york_tstr_ir_4_<talker>_<utter>_<noise>_<SNR>dB.wav']
['28', '1', '16000', 'tstr_ir_4', 'ron-cooke-hub-university-york', '1', '28', '0.000000', '0.000000', '0.000000', '0.000000', '0.000000', '0.000000', '0.000000', '0.000000', '0.000000', 'Unknown_ron-cooke-hub-university-york_tstr_ir_4_<talker>_<utter>_<noise>_<SNR>dB.wav']
<_io.TextIOWrapper name='/data2/new_wzd/1000Hz/modif_output_wav/Dev/Speech/ron-cooke-hub-university-york/20221230T174624_test_gen_corpus_dataset_results.csv' mode='a' encoding='UTF-8'> ['28', '1', '16000', 'tstr_ir_4', 'ron-cooke-hub-university-york', '1', '28', '0.000000', '0.000000', '0.000000', '0.000000', '0.000000', '0.000000', '0.000000', '0.000000', '0.000000', 'Unknown_ron-cooke-hub-university-york_tstr_ir_4_<talker>_<utter>_<noise>_<SNR>dB.wav']
['29', '1', '16000', 'tstr_ir_4', 'ron-cooke-hub-university-york', '1', '29', '0.000000', '0.000000', '0.000000', '0.428500', '0.000000', '0.000000', '0.000000', '0.000000', '0.000000', 'Unknown_ron-cooke-hub-university-york_tstr_ir_4_<talker>_<utter>_<noise>_<SNR>dB.wav']
<_io.TextIOWrapper name='/data2/new_wzd/1000Hz/modif_output_wav/Dev/Speech/ron-cooke-hub-university-york/20221230T174624_test_gen_corpus_dataset_results.csv' mode='a' encoding='UTF-8'> ['29', '1', '16000', 'tstr_ir_4', 'ron-cooke-hub-university-york', '1', '29', '0.000000', '0.000000', '0.000000', '0.428500', '0.000000', '0.000000', '0.000000', '0.000000', '0.000000', 'Unknown_ron-cooke-hub-university-york_tstr_ir_4_<talker>_<utter>_<noise>_<SNR>dB.wav']
['30', '1', '16000', 'tstr_ir_4', 'ron-cooke-hub-university-york', '1', '30', '0.000000', '0.000000', '0.000000', '0.000000', '0.000000', '0.000000', '0.000000', '0.000000', '0.000000', 'Unknown_ron-cooke-hub-university-york_tstr_ir_4_<talker>_<utter>_<noise>_<SNR>dB.wav']
<_io.TextIOWrapper name='/data2/new_wzd/1000Hz/modif_output_wav/Dev/Speech/ron-cooke-hub-university-york/20221230T174624_test_gen_corpus_dataset_results.csv' mode='a' encoding='UTF-8'> ['30', '1', '16000', 'tstr_ir_4', 'ron-cooke-hub-university-york', '1', '30', '0.000000', '0.000000', '0.000000', '0.000000', '0.000000', '0.000000', '0.000000', '0.000000', '0.000000', 'Unknown_ron-cooke-hub-university-york_tstr_ir_4_<talker>_<utter>_<noise>_<SNR>dB.wav']
加载timit时间1.154853105545044
0.20724831213369038 0.0046268164803462165 6.692746324288525
all use time: 0.058624982833862305
写入文件用时：0.10340213775634766
0.20724831213369038 0.0046268164803462165 2.1164322186471636
all use time: 0.016055583953857422
写入文件用时：0.07648253440856934
0.20724831213369038 0.0046268164803462165 0.6692746324288524
all use time: 0.00799250602722168
写入文件用时：0.2067728042602539
0.20724831213369038 3.159495514803118e-06 256.1159523007333
all use time: 0.008302927017211914
写入文件用时：0.19656944274902344
0.20724831213369038 3.159495514803118e-06 80.9909754373359
all use time: 0.008491277694702148
写入文件用时：0.21378159523010254
0.20724831213369038 3.159495514803118e-06 25.611595230073327
all use time: 0.00823974609375
写入文件用时：0.22430753707885742
0.20724831213369038 8.552591395127328e-06 155.66702989025114
all use time: 0.008800268173217773
写入文件用时：0.20284128189086914
0.20724831213369038 8.552591395127328e-06 49.22623710467045
all use time: 0.008053302764892578
写入文件用时：0.2227628231048584
0.20724831213369038 8.552591395127328e-06 15.566702989025114
all use time: 0.008023738861083984
写入文件用时：0.180525541305542
0.20724831213369038 0.00025110051573530204 28.729078684022227
all use time: 0.008399248123168945
写入文件用时：0.18082427978515625
0.20724831213369038 0.00025110051573530204 9.084932371970307
all use time: 0.007936239242553711
写入文件用时：0.18062472343444824
0.20724831213369038 0.00025110051573530204 2.8729078684022222
all use time: 0.008339881896972656
写入文件用时：0.18081021308898926
0.20724831213369038 2.578310110842569e-05 89.65570403843965
all use time: 0.008547782897949219
写入文件用时：0.1933746337890625
0.20724831213369038 2.578310110842569e-05 28.351622998742563
all use time: 0.008366107940673828
写入文件用时：0.19563794136047363
0.20724831213369038 2.578310110842569e-05 8.965570403843964
all use time: 0.008363485336303711
写入文件用时：0.2057480812072754
0.20724831213369038 5.047146723765594e-07 640.8000486770043
all use time: 0.008521795272827148
写入文件用时：0.19726347923278809
0.20724831213369038 5.047146723765594e-07 202.63876785661006
all use time: 0.008087396621704102
写入文件用时：0.19947457313537598
0.20724831213369038 5.047146723765594e-07 64.08000486770042
all use time: 0.008403301239013672
写入文件用时：0.18668150901794434
0.20724831213369038 1.419784612941323e-05 120.81873063310358
all use time: 0.008569002151489258
写入文件用时：0.15465331077575684
0.20724831213369038 1.419784612941323e-05 38.20623728109645
all use time: 0.008565902709960938
写入文件用时：0.23929858207702637
0.20724831213369038 1.419784612941323e-05 12.081873063310358
all use time: 0.008234739303588867
写入文件用时：0.23916101455688477
0.20724831213369038 0.003801430708831507 7.383664616280901
all use time: 0.008412361145019531
写入文件用时：0.28011536598205566
0.20724831213369038 0.003801430708831507 2.334919766624082
all use time: 0.008329629898071289
写入文件用时：0.2307724952697754
0.20724831213369038 0.003801430708831507 0.7383664616280902
all use time: 0.008378982543945312
写入文件用时：0.23008394241333008
0.20724831213369038 9.010879465389572e-05 47.958093598304046
all use time: 0.008580923080444336
写入文件用时：0.20740318298339844
0.20724831213369038 9.010879465389572e-05 15.165680801018105
all use time: 0.008393526077270508
写入文件用时：0.2538752555847168
0.20724831213369038 9.010879465389572e-05 4.795809359830405
all use time: 0.008049488067626953
写入文件用时：0.2054615020751953
0.20724831213369038 0.00014206313989163056 38.19484891942066
all use time: 0.00848698616027832
写入文件用时：0.17414307594299316
0.20724831213369038 0.00014206313989163056 12.07827174713903
all use time: 0.008285284042358398
写入文件用时：0.1688549518585205
0.20724831213369038 0.00014206313989163056 3.8194848919420656
all use time: 0.008368968963623047
写入文件用时：0.1991128921508789
0.20724831213369038 0.0007605648570653465 16.507350545760705
all use time: 0.008635520935058594
写入文件用时：0.23278474807739258
0.20724831213369038 0.0007605648570653465 5.220082585942738
all use time: 0.008424043655395508
写入文件用时：0.20583081245422363
0.20724831213369038 0.0007605648570653465 1.6507350545760706
all use time: 0.008436203002929688
写入文件用时：0.22739958763122559
0.20724831213369038 0.004002322702768264 7.195971753643262
all use time: 0.0085601806640625
写入文件用时：0.19298291206359863
0.20724831213369038 0.004002322702768264 2.2755660719748763
all use time: 0.008404016494750977
写入文件用时：0.17571234703063965
0.20724831213369038 0.004002322702768264 0.7195971753643261
all use time: 0.0084075927734375
写入文件用时：0.18397998809814453
0.20724831213369038 0.0002767762623968952 27.36409446383417
all use time: 0.008645772933959961
写入文件用时：0.1677398681640625
0.20724831213369038 0.0002767762623968952 8.653286461372003
all use time: 0.008427619934082031
写入文件用时：0.17574763298034668
0.20724831213369038 0.0002767762623968952 2.7364094463834174
all use time: 0.008430004119873047
写入文件用时：0.18231463432312012
0.20724831213369038 7.165205399618047e-06 170.0713577507836
all use time: 0.00856471061706543
写入文件用时：0.1839759349822998
0.20724831213369038 7.165205399618047e-06 53.78128552498073
all use time: 0.008377313613891602
写入文件用时：0.22443866729736328
0.20724831213369038 7.165205399618047e-06 17.00713577507836
all use time: 0.00838160514831543
写入文件用时：0.21966195106506348
0.20724831213369038 5.108195803573591e-06 201.42423975971377
all use time: 0.008820533752441406
写入文件用时：0.20788121223449707
0.20724831213369038 5.108195803573591e-06 63.69593736085423
all use time: 0.008270740509033203
写入文件用时：0.17554688453674316
0.20724831213369038 5.108195803573591e-06 20.14242397597138
all use time: 0.008199453353881836
写入文件用时：0.210923433303833
加载timit时间0.6281895637512207
0.18773187482904813 0.0046268164803462165 6.369830437925401
all use time: 0.04329848289489746
写入文件用时：0.11925029754638672
0.18773187482904813 0.0046268164803462165 2.014317249291206
all use time: 0.0067975521087646484
写入文件用时：0.15758347511291504
0.18773187482904813 0.0046268164803462165 0.6369830437925401
all use time: 0.007491350173950195
写入文件用时：0.19064116477966309
0.18773187482904813 3.159495514803118e-06 243.7587067483675
all use time: 0.007351398468017578
写入文件用时：0.18923687934875488
0.18773187482904813 3.159495514803118e-06 77.08327128218977
all use time: 0.007173776626586914
写入文件用时：0.06902670860290527
0.18773187482904813 3.159495514803118e-06 24.37587067483675
all use time: 0.0069391727447509766
写入文件用时：0.07001733779907227
0.18773187482904813 8.552591395127328e-06 148.15630790873797
all use time: 0.006976127624511719
写入文件用时：0.07284998893737793
0.18773187482904813 8.552591395127328e-06 46.85113827128299
all use time: 0.0064470767974853516
写入文件用时：0.06995368003845215
0.18773187482904813 8.552591395127328e-06 14.815630790873799
all use time: 0.006600379943847656
写入文件用时：0.07046151161193848
0.18773187482904813 0.00025110051573530204 27.34293980199413
all use time: 0.0070056915283203125
写入文件用时：0.0693356990814209
0.18773187482904813 0.00025110051573530204 8.646596769917485
all use time: 0.006613731384277344
写入文件用时：0.07811856269836426
0.18773187482904813 0.00025110051573530204 2.7342939801994133
all use time: 0.00649261474609375
写入文件用时：0.0705573558807373
0.18773187482904813 2.578310110842569e-05 85.32993854034866
all use time: 0.00703740119934082
写入文件用时：0.06938576698303223
0.18773187482904813 2.578310110842569e-05 26.983695838968536
all use time: 0.006448030471801758
写入文件用时：0.06999373435974121
0.18773187482904813 2.578310110842569e-05 8.532993854034865
all use time: 0.006815433502197266
写入文件用时：0.07849812507629395
0.18773187482904813 5.047146723765594e-07 609.8823198891789
all use time: 0.008047819137573242
写入文件用时：0.07670021057128906
0.18773187482904813 5.047146723765594e-07 192.86172355172158
all use time: 0.0064029693603515625
写入文件用时：0.0783383846282959
0.18773187482904813 5.047146723765594e-07 60.988231988917896
all use time: 0.0063555240631103516
写入文件用时：0.07001543045043945
0.18773187482904813 1.419784612941323e-05 114.98939158433821
all use time: 0.007972002029418945
写入文件用时：0.07742619514465332
0.18773187482904813 1.419784612941323e-05 36.362838416350655
all use time: 0.006398916244506836
写入文件用时：0.06995940208435059
0.18773187482904813 1.419784612941323e-05 11.49893915843382
all use time: 0.006769418716430664
写入文件用时：0.06960415840148926
0.18773187482904813 0.003801430708831507 7.027412864212913
all use time: 0.006874561309814453
写入文件用时：0.0678262710571289
0.18773187482904813 0.003801430708831507 2.222263070928038
all use time: 0.0063822269439697266
写入文件用时：0.06663990020751953
0.18773187482904813 0.003801430708831507 0.7027412864212913
all use time: 0.006371974945068359
写入文件用时：0.08010125160217285
0.18773187482904813 9.010879465389572e-05 45.64418096032158
all use time: 0.006975889205932617
写入文件用时：0.07815170288085938
0.18773187482904813 9.010879465389572e-05 14.433957376750781
all use time: 0.006429433822631836
写入文件用时：0.07032012939453125
0.18773187482904813 9.010879465389572e-05 4.564418096032157
all use time: 0.00640869140625
写入文件用时：0.07257628440856934
0.18773187482904813 0.00014206313989163056 36.35199952760071
all use time: 0.0068814754486083984
写入文件用时：0.1031637191772461
0.18773187482904813 0.00014206313989163056 11.49551160085832
all use time: 0.0064280033111572266
写入文件用时：0.0641026496887207
0.18773187482904813 0.00014206313989163056 3.635199952760071
all use time: 0.006412982940673828
写入文件用时：0.06420421600341797
0.18773187482904813 0.0007605648570653465 15.710893385320254
all use time: 0.007871150970458984
写入文件用时：0.07076835632324219
0.18773187482904813 0.0007605648570653465 4.96822071736854
all use time: 0.00639796257019043
写入文件用时：0.07355141639709473
0.18773187482904813 0.0007605648570653465 1.5710893385320255
all use time: 0.006379604339599609
写入文件用时：0.07105731964111328
0.18773187482904813 0.004002322702768264 6.8487759263281225
all use time: 0.007833719253540039
写入文件用时：0.07726263999938965
0.18773187482904813 0.004002322702768264 2.165773111132642
all use time: 0.00639796257019043
写入文件用时：0.06694698333740234
0.18773187482904813 0.004002322702768264 0.6848775926328122
all use time: 0.006429910659790039
写入文件用时：0.06477236747741699
0.18773187482904813 0.0002767762623968952 26.04381420963634
all use time: 0.0068089962005615234
写入文件用时：0.06453680992126465
0.18773187482904813 0.0002767762623968952 8.23577718607088
all use time: 0.0064220428466796875
写入文件用时：0.06688117980957031
0.18773187482904813 0.0002767762623968952 2.6043814209636342
all use time: 0.006384372711181641
写入文件用时：0.0643305778503418
0.18773187482904813 7.165205399618047e-06 161.86564658647882
all use time: 0.006805419921875
写入文件用时：0.06618571281433105
0.18773187482904813 7.165205399618047e-06 51.18641181491321
all use time: 0.006387233734130859
写入文件用时：0.07433605194091797
0.18773187482904813 7.165205399618047e-06 16.18656465864788
all use time: 0.0063838958740234375
写入文件用时：0.06665921211242676
0.18773187482904813 5.108195803573591e-06 191.70579477981377
all use time: 0.007956266403198242
写入文件用时：0.07204437255859375
0.18773187482904813 5.108195803573591e-06 60.6226952157029
all use time: 0.006388187408447266
写入文件用时：0.07270550727844238
0.18773187482904813 5.108195803573591e-06 19.170579477981377
all use time: 0.0064122676849365234
写入文件用时：0.06663680076599121
加载timit时间0.6694731712341309
0.07837402244827543 0.0046268164803462165 4.1157115686835395
all use time: 0.0659792423248291
写入文件用时：0.2645082473754883
0.07837402244827543 0.0046268164803462165 1.3015022749344514
all use time: 0.0077702999114990234
写入文件用时：0.23691678047180176
0.07837402244827543 0.0046268164803462165 0.41157115686835394
all use time: 0.020889759063720703
写入文件用时：0.18679571151733398
0.07837402244827543 3.159495514803118e-06 157.49878102851687
all use time: 0.008547782897949219
写入文件用时：0.24016499519348145
0.07837402244827543 3.159495514803118e-06 49.80548767502303
all use time: 0.008253097534179688
写入文件用时：0.285994291305542
0.07837402244827543 3.159495514803118e-06 15.749878102851689
all use time: 0.007784843444824219
写入文件用时：0.1852719783782959
0.07837402244827543 8.552591395127328e-06 95.72760788151055
all use time: 0.013799905776977539
写入文件用时：0.16254067420959473
0.07837402244827543 8.552591395127328e-06 30.27172758650593
all use time: 0.007638692855834961
写入文件用时：0.1835184097290039
0.07837402244827543 8.552591395127328e-06 9.572760788151056
all use time: 0.008679866790771484
写入文件用时：0.1547534465789795
0.07837402244827543 0.00025110051573530204 17.666977914334677
all use time: 0.01587390899658203
写入文件用时：0.07211637496948242
0.07837402244827543 0.00025110051573530204 5.58678895811887
all use time: 0.02028489112854004
写入文件用时：0.0682518482208252
0.07837402244827543 0.00025110051573530204 1.7666977914334676
all use time: 0.00821542739868164
写入文件用时：0.07574725151062012
0.07837402244827543 2.578310110842569e-05 55.13387187115597
all use time: 0.008688688278198242
写入文件用时：0.10512948036193848
0.07837402244827543 2.578310110842569e-05 17.434861133674232
all use time: 0.007653951644897461
写入文件用时：0.19783616065979004
0.07837402244827543 2.578310110842569e-05 5.5133871871155975
all use time: 0.007905721664428711
写入文件用时：0.20024776458740234
0.07837402244827543 5.047146723765594e-07 394.060680886973
all use time: 0.008507728576660156
写入文件用时：0.23542213439941406
0.07837402244827543 5.047146723765594e-07 124.61292879196152
all use time: 0.007771015167236328
写入文件用时：0.25063395500183105
0.07837402244827543 5.047146723765594e-07 39.406068088697296
all use time: 0.007699012756347656
写入文件用时：0.23960542678833008
0.07837402244827543 1.419784612941323e-05 74.2976086775836
all use time: 0.008279800415039062
写入文件用时：0.20998835563659668
0.07837402244827543 1.419784612941323e-05 23.494966812505492
all use time: 0.007281780242919922
写入文件用时：0.23445987701416016
0.07837402244827543 1.419784612941323e-05 7.429760867758359
all use time: 0.007329463958740234
写入文件用时：0.2215745449066162
0.07837402244827543 0.003801430708831507 4.540592517338109
all use time: 0.007737874984741211
写入文件用时：0.25191688537597656
0.07837402244827543 0.003801430708831507 1.435861428150601
all use time: 0.007297039031982422
写入文件用时：0.18897175788879395
0.07837402244827543 0.003801430708831507 0.45405925173381095
all use time: 0.007291078567504883
写入文件用时：0.24245071411132812
0.07837402244827543 9.010879465389572e-05 29.491881369869603
all use time: 0.007742166519165039
写入文件用时：0.21985745429992676
0.07837402244827543 9.010879465389572e-05 9.326151761227466
all use time: 0.007699012756347656
写入文件用时：0.25210046768188477
0.07837402244827543 9.010879465389572e-05 2.94918813698696
all use time: 0.007299661636352539
写入文件用时：0.20849967002868652
0.07837402244827543 0.00014206313989163056 23.487963527213278
all use time: 0.007841825485229492
写入文件用时：0.08521008491516113
0.07837402244827543 0.00014206313989163056 7.427546234495623
all use time: 0.008090496063232422
写入文件用时：0.08473682403564453
0.07837402244827543 0.00014206313989163056 2.348796352721328
all use time: 0.007359981536865234
写入文件用时：0.08722877502441406
0.07837402244827543 0.0007605648570653465 10.151213017434097
all use time: 0.00787973403930664
写入文件用时：0.08144330978393555
0.07837402244827543 0.0007605648570653465 3.210095414864229
all use time: 0.007480144500732422
写入文件用时：0.08924007415771484
0.07837402244827543 0.0007605648570653465 1.0151213017434098
all use time: 0.0074350833892822266
写入文件用时：0.09293079376220703
0.07837402244827543 0.004002322702768264 4.425170589076219
all use time: 0.007858037948608398
写入文件用时：0.08127737045288086
0.07837402244827543 0.004002322702768264 1.3993618096269875
all use time: 0.007383584976196289
写入文件用时：0.09099626541137695
0.07837402244827543 0.004002322702768264 0.44251705890762194
all use time: 0.007300138473510742
写入文件用时：0.09187889099121094
0.07837402244827543 0.0002767762623968952 16.827579396313652
all use time: 0.0077021121978759766
写入文件用时：0.08945083618164062
0.07837402244827543 0.0002767762623968952 5.3213478399672365
all use time: 0.00767970085144043
写入文件用时：0.08489441871643066
0.07837402244827543 0.0002767762623968952 1.6827579396313652
all use time: 0.007312297821044922
写入文件用时：0.06994247436523438
0.07837402244827543 7.165205399618047e-06 104.58556483104522
all use time: 0.007760524749755859
写入文件用时：0.07268047332763672
0.07837402244827543 7.165205399618047e-06 33.0728595241306
all use time: 0.007294178009033203
写入文件用时：0.18994808197021484
0.07837402244827543 7.165205399618047e-06 10.458556483104521
all use time: 0.007337808609008789
写入文件用时：0.06486105918884277
0.07837402244827543 5.108195803573591e-06 123.86605342919054
all use time: 0.007689952850341797
写入文件用时：0.06200885772705078
0.07837402244827543 5.108195803573591e-06 39.16988536123521