OMP: Info #277: omp_set_nested routine deprecated, please use omp_set_max_active_levels instead.
      Test ID:  Ver:  ...  DRR direct +: DRR direct -:
0            1     1  ...              0           NaN
1            2     1  ...              0           NaN
2            3     1  ...              0           NaN
3            4     1  ...              0           NaN
4            5     1  ...              0           NaN
...        ...   ...  ...            ...           ...
5395      5396     1  ...              0           NaN
5396      5397     1  ...              0           NaN
5397      5398     1  ...              0           NaN
5398      5399     1  ...              0           NaN
5399      5400     1  ...              0           NaN

[5400 rows x 33 columns]
/data2/new_wzd/1000Hz/RIR_Data/Speech/
resultFilename: /data2/new_wzd/1000Hz/modif_output_wav/Dev/Speech/stairway-university-york/20221230T174624_test_gen_corpus_dataset_results.csv
加载一条rir的时间是:0.19765830039978027
[]
读取15条语音的时间是:18.758687019348145
['1', '1', '16000', 'stairwell_ortf_1', 'stairway-university-york', '1', '1', '0.000000', '0.000000', '0.000000', '0.000000', '0.000000', '0.000000', '0.000000', '0.000000', '0.000000', 'Unknown_stairway-university-york_stairwell_ortf_1_<talker>_<utter>_<noise>_<SNR>dB.wav']
<_io.TextIOWrapper name='/data2/new_wzd/1000Hz/modif_output_wav/Dev/Speech/stairway-university-york/20221230T174624_test_gen_corpus_dataset_results.csv' mode='a' encoding='UTF-8'> ['1', '1', '16000', 'stairwell_ortf_1', 'stairway-university-york', '1', '1', '0.000000', '0.000000', '0.000000', '0.000000', '0.000000', '0.000000', '0.000000', '0.000000', '0.000000', 'Unknown_stairway-university-york_stairwell_ortf_1_<talker>_<utter>_<noise>_<SNR>dB.wav']
['2', '1', '16000', 'stairwell_ortf_1', 'stairway-university-york', '1', '2', '0.000000', '0.000000', '0.000000', '0.380000', '0.000000', '0.000000', '0.000000', '0.000000', '0.000000', 'Unknown_stairway-university-york_stairwell_ortf_1_<talker>_<utter>_<noise>_<SNR>dB.wav']
<_io.TextIOWrapper name='/data2/new_wzd/1000Hz/modif_output_wav/Dev/Speech/stairway-university-york/20221230T174624_test_gen_corpus_dataset_results.csv' mode='a' encoding='UTF-8'> ['2', '1', '16000', 'stairwell_ortf_1', 'stairway-university-york', '1', '2', '0.000000', '0.000000', '0.000000', '0.380000', '0.000000', '0.000000', '0.000000', '0.000000', '0.000000', 'Unknown_stairway-university-york_stairwell_ortf_1_<talker>_<utter>_<noise>_<SNR>dB.wav']
['3', '1', '16000', 'stairwell_ortf_1', 'stairway-university-york', '1', '3', '0.000000', '0.000000', '0.000000', '0.000000', '0.000000', '0.000000', '0.000000', '0.000000', '0.000000', 'Unknown_stairway-university-york_stairwell_ortf_1_<talker>_<utter>_<noise>_<SNR>dB.wav']
<_io.TextIOWrapper name='/data2/new_wzd/1000Hz/modif_output_wav/Dev/Speech/stairway-university-york/20221230T174624_test_gen_corpus_dataset_results.csv' mode='a' encoding='UTF-8'> ['3', '1', '16000', 'stairwell_ortf_1', 'stairway-university-york', '1', '3', '0.000000', '0.000000', '0.000000', '0.000000', '0.000000', '0.000000', '0.000000', '0.000000', '0.000000', 'Unknown_stairway-university-york_stairwell_ortf_1_<talker>_<utter>_<noise>_<SNR>dB.wav']
['4', '1', '16000', 'stairwell_ortf_1', 'stairway-university-york', '1', '4', '0.000000', '0.000000', '0.000000', '0.000000', '0.000000', '0.000000', '0.000000', '0.000000', '0.000000', 'Unknown_stairway-university-york_stairwell_ortf_1_<talker>_<utter>_<noise>_<SNR>dB.wav']
<_io.TextIOWrapper name='/data2/new_wzd/1000Hz/modif_output_wav/Dev/Speech/stairway-university-york/20221230T174624_test_gen_corpus_dataset_results.csv' mode='a' encoding='UTF-8'> ['4', '1', '16000', 'stairwell_ortf_1', 'stairway-university-york', '1', '4', '0.000000', '0.000000', '0.000000', '0.000000', '0.000000', '0.000000', '0.000000', '0.000000', '0.000000', 'Unknown_stairway-university-york_stairwell_ortf_1_<talker>_<utter>_<noise>_<SNR>dB.wav']
['5', '1', '16000', 'stairwell_ortf_1', 'stairway-university-york', '1', '5', '0.000000', '0.000000', '0.000000', '1.640000', '0.000000', '0.000000', '0.000000', '0.000000', '0.000000', 'Unknown_stairway-university-york_stairwell_ortf_1_<talker>_<utter>_<noise>_<SNR>dB.wav']
<_io.TextIOWrapper name='/data2/new_wzd/1000Hz/modif_output_wav/Dev/Speech/stairway-university-york/20221230T174624_test_gen_corpus_dataset_results.csv' mode='a' encoding='UTF-8'> ['5', '1', '16000', 'stairwell_ortf_1', 'stairway-university-york', '1', '5', '0.000000', '0.000000', '0.000000', '1.640000', '0.000000', '0.000000', '0.000000', '0.000000', '0.000000', 'Unknown_stairway-university-york_stairwell_ortf_1_<talker>_<utter>_<noise>_<SNR>dB.wav']
['6', '1', '16000', 'stairwell_ortf_1', 'stairway-university-york', '1', '6', '0.000000', '0.000000', '0.000000', '0.000000', '0.000000', '0.000000', '0.000000', '0.000000', '0.000000', 'Unknown_stairway-university-york_stairwell_ortf_1_<talker>_<utter>_<noise>_<SNR>dB.wav']
<_io.TextIOWrapper name='/data2/new_wzd/1000Hz/modif_output_wav/Dev/Speech/stairway-university-york/20221230T174624_test_gen_corpus_dataset_results.csv' mode='a' encoding='UTF-8'> ['6', '1', '16000', 'stairwell_ortf_1', 'stairway-university-york', '1', '6', '0.000000', '0.000000', '0.000000', '0.000000', '0.000000', '0.000000', '0.000000', '0.000000', '0.000000', 'Unknown_stairway-university-york_stairwell_ortf_1_<talker>_<utter>_<noise>_<SNR>dB.wav']
['7', '1', '16000', 'stairwell_ortf_1', 'stairway-university-york', '1', '7', '0.000000', '0.000000', '0.000000', '0.000000', '0.000000', '0.000000', '0.000000', '0.000000', '0.000000', 'Unknown_stairway-university-york_stairwell_ortf_1_<talker>_<utter>_<noise>_<SNR>dB.wav']
<_io.TextIOWrapper name='/data2/new_wzd/1000Hz/modif_output_wav/Dev/Speech/stairway-university-york/20221230T174624_test_gen_corpus_dataset_results.csv' mode='a' encoding='UTF-8'> ['7', '1', '16000', 'stairwell_ortf_1', 'stairway-university-york', '1', '7', '0.000000', '0.000000', '0.000000', '0.000000', '0.000000', '0.000000', '0.000000', '0.000000', '0.000000', 'Unknown_stairway-university-york_stairwell_ortf_1_<talker>_<utter>_<noise>_<SNR>dB.wav']
['8', '1', '16000', 'stairwell_ortf_1', 'stairway-university-york', '1', '8', '0.000000', '0.000000', '0.000000', '0.950000', '0.000000', '0.000000', '0.000000', '0.000000', '0.000000', 'Unknown_stairway-university-york_stairwell_ortf_1_<talker>_<utter>_<noise>_<SNR>dB.wav']
<_io.TextIOWrapper name='/data2/new_wzd/1000Hz/modif_output_wav/Dev/Speech/stairway-university-york/20221230T174624_test_gen_corpus_dataset_results.csv' mode='a' encoding='UTF-8'> ['8', '1', '16000', 'stairwell_ortf_1', 'stairway-university-york', '1', '8', '0.000000', '0.000000', '0.000000', '0.950000', '0.000000', '0.000000', '0.000000', '0.000000', '0.000000', 'Unknown_stairway-university-york_stairwell_ortf_1_<talker>_<utter>_<noise>_<SNR>dB.wav']
['9', '1', '16000', 'stairwell_ortf_1', 'stairway-university-york', '1', '9', '0.000000', '0.000000', '0.000000', '0.000000', '0.000000', '0.000000', '0.000000', '0.000000', '0.000000', 'Unknown_stairway-university-york_stairwell_ortf_1_<talker>_<utter>_<noise>_<SNR>dB.wav']
<_io.TextIOWrapper name='/data2/new_wzd/1000Hz/modif_output_wav/Dev/Speech/stairway-university-york/20221230T174624_test_gen_corpus_dataset_results.csv' mode='a' encoding='UTF-8'> ['9', '1', '16000', 'stairwell_ortf_1', 'stairway-university-york', '1', '9', '0.000000', '0.000000', '0.000000', '0.000000', '0.000000', '0.000000', '0.000000', '0.000000', '0.000000', 'Unknown_stairway-university-york_stairwell_ortf_1_<talker>_<utter>_<noise>_<SNR>dB.wav']
['10', '1', '16000', 'stairwell_ortf_1', 'stairway-university-york', '1', '10', '0.000000', '0.000000', '0.000000', '0.000000', '0.000000', '0.000000', '0.000000', '0.000000', '0.000000', 'Unknown_stairway-university-york_stairwell_ortf_1_<talker>_<utter>_<noise>_<SNR>dB.wav']
<_io.TextIOWrapper name='/data2/new_wzd/1000Hz/modif_output_wav/Dev/Speech/stairway-university-york/20221230T174624_test_gen_corpus_dataset_results.csv' mode='a' encoding='UTF-8'> ['10', '1', '16000', 'stairwell_ortf_1', 'stairway-university-york', '1', '10', '0.000000', '0.000000', '0.000000', '0.000000', '0.000000', '0.000000', '0.000000', '0.000000', '0.000000', 'Unknown_stairway-university-york_stairwell_ortf_1_<talker>_<utter>_<noise>_<SNR>dB.wav']
['11', '1', '16000', 'stairwell_ortf_1', 'stairway-university-york', '1', '11', '0.000000', '0.000000', '0.000000', '0.940000', '0.000000', '0.000000', '0.000000', '0.000000', '0.000000', 'Unknown_stairway-university-york_stairwell_ortf_1_<talker>_<utter>_<noise>_<SNR>dB.wav']
<_io.TextIOWrapper name='/data2/new_wzd/1000Hz/modif_output_wav/Dev/Speech/stairway-university-york/20221230T174624_test_gen_corpus_dataset_results.csv' mode='a' encoding='UTF-8'> ['11', '1', '16000', 'stairwell_ortf_1', 'stairway-university-york', '1', '11', '0.000000', '0.000000', '0.000000', '0.940000', '0.000000', '0.000000', '0.000000', '0.000000', '0.000000', 'Unknown_stairway-university-york_stairwell_ortf_1_<talker>_<utter>_<noise>_<SNR>dB.wav']
['12', '1', '16000', 'stairwell_ortf_1', 'stairway-university-york', '1', '12', '0.000000', '0.000000', '0.000000', '0.000000', '0.000000', '0.000000', '0.000000', '0.000000', '0.000000', 'Unknown_stairway-university-york_stairwell_ortf_1_<talker>_<utter>_<noise>_<SNR>dB.wav']
<_io.TextIOWrapper name='/data2/new_wzd/1000Hz/modif_output_wav/Dev/Speech/stairway-university-york/20221230T174624_test_gen_corpus_dataset_results.csv' mode='a' encoding='UTF-8'> ['12', '1', '16000', 'stairwell_ortf_1', 'stairway-university-york', '1', '12', '0.000000', '0.000000', '0.000000', '0.000000', '0.000000', '0.000000', '0.000000', '0.000000', '0.000000', 'Unknown_stairway-university-york_stairwell_ortf_1_<talker>_<utter>_<noise>_<SNR>dB.wav']
['13', '1', '16000', 'stairwell_ortf_1', 'stairway-university-york', '1', '13', '0.000000', '0.000000', '0.000000', '0.000000', '0.000000', '0.000000', '0.000000', '0.000000', '0.000000', 'Unknown_stairway-university-york_stairwell_ortf_1_<talker>_<utter>_<noise>_<SNR>dB.wav']
<_io.TextIOWrapper name='/data2/new_wzd/1000Hz/modif_output_wav/Dev/Speech/stairway-university-york/20221230T174624_test_gen_corpus_dataset_results.csv' mode='a' encoding='UTF-8'> ['13', '1', '16000', 'stairwell_ortf_1', 'stairway-university-york', '1', '13', '0.000000', '0.000000', '0.000000', '0.000000', '0.000000', '0.000000', '0.000000', '0.000000', '0.000000', 'Unknown_stairway-university-york_stairwell_ortf_1_<talker>_<utter>_<noise>_<SNR>dB.wav']
['14', '1', '16000', 'stairwell_ortf_1', 'stairway-university-york', '1', '14', '0.000000', '0.000000', '0.000000', '1.170000', '0.000000', '0.000000', '0.000000', '0.000000', '0.000000', 'Unknown_stairway-university-york_stairwell_ortf_1_<talker>_<utter>_<noise>_<SNR>dB.wav']
<_io.TextIOWrapper name='/data2/new_wzd/1000Hz/modif_output_wav/Dev/Speech/stairway-university-york/20221230T174624_test_gen_corpus_dataset_results.csv' mode='a' encoding='UTF-8'> ['14', '1', '16000', 'stairwell_ortf_1', 'stairway-university-york', '1', '14', '0.000000', '0.000000', '0.000000', '1.170000', '0.000000', '0.000000', '0.000000', '0.000000', '0.000000', 'Unknown_stairway-university-york_stairwell_ortf_1_<talker>_<utter>_<noise>_<SNR>dB.wav']
['15', '1', '16000', 'stairwell_ortf_1', 'stairway-university-york', '1', '15', '0.000000', '0.000000', '0.000000', '0.000000', '0.000000', '0.000000', '0.000000', '0.000000', '0.000000', 'Unknown_stairway-university-york_stairwell_ortf_1_<talker>_<utter>_<noise>_<SNR>dB.wav']
<_io.TextIOWrapper name='/data2/new_wzd/1000Hz/modif_output_wav/Dev/Speech/stairway-university-york/20221230T174624_test_gen_corpus_dataset_results.csv' mode='a' encoding='UTF-8'> ['15', '1', '16000', 'stairwell_ortf_1', 'stairway-university-york', '1', '15', '0.000000', '0.000000', '0.000000', '0.000000', '0.000000', '0.000000', '0.000000', '0.000000', '0.000000', 'Unknown_stairway-university-york_stairwell_ortf_1_<talker>_<utter>_<noise>_<SNR>dB.wav']
['16', '1', '16000', 'stairwell_ortf_1', 'stairway-university-york', '1', '16', '0.000000', '0.000000', '0.000000', '0.000000', '0.000000', '0.000000', '0.000000', '0.000000', '0.000000', 'Unknown_stairway-university-york_stairwell_ortf_1_<talker>_<utter>_<noise>_<SNR>dB.wav']
<_io.TextIOWrapper name='/data2/new_wzd/1000Hz/modif_output_wav/Dev/Speech/stairway-university-york/20221230T174624_test_gen_corpus_dataset_results.csv' mode='a' encoding='UTF-8'> ['16', '1', '16000', 'stairwell_ortf_1', 'stairway-university-york', '1', '16', '0.000000', '0.000000', '0.000000', '0.000000', '0.000000', '0.000000', '0.000000', '0.000000', '0.000000', 'Unknown_stairway-university-york_stairwell_ortf_1_<talker>_<utter>_<noise>_<SNR>dB.wav']
['17', '1', '16000', 'stairwell_ortf_1', 'stairway-university-york', '1', '17', '0.000000', '0.000000', '0.000000', '1.030000', '0.000000', '0.000000', '0.000000', '0.000000', '0.000000', 'Unknown_stairway-university-york_stairwell_ortf_1_<talker>_<utter>_<noise>_<SNR>dB.wav']
<_io.TextIOWrapper name='/data2/new_wzd/1000Hz/modif_output_wav/Dev/Speech/stairway-university-york/20221230T174624_test_gen_corpus_dataset_results.csv' mode='a' encoding='UTF-8'> ['17', '1', '16000', 'stairwell_ortf_1', 'stairway-university-york', '1', '17', '0.000000', '0.000000', '0.000000', '1.030000', '0.000000', '0.000000', '0.000000', '0.000000', '0.000000', 'Unknown_stairway-university-york_stairwell_ortf_1_<talker>_<utter>_<noise>_<SNR>dB.wav']
['18', '1', '16000', 'stairwell_ortf_1', 'stairway-university-york', '1', '18', '0.000000', '0.000000', '0.000000', '0.000000', '0.000000', '0.000000', '0.000000', '0.000000', '0.000000', 'Unknown_stairway-university-york_stairwell_ortf_1_<talker>_<utter>_<noise>_<SNR>dB.wav']
<_io.TextIOWrapper name='/data2/new_wzd/1000Hz/modif_output_wav/Dev/Speech/stairway-university-york/20221230T174624_test_gen_corpus_dataset_results.csv' mode='a' encoding='UTF-8'> ['18', '1', '16000', 'stairwell_ortf_1', 'stairway-university-york', '1', '18', '0.000000', '0.000000', '0.000000', '0.000000', '0.000000', '0.000000', '0.000000', '0.000000', '0.000000', 'Unknown_stairway-university-york_stairwell_ortf_1_<talker>_<utter>_<noise>_<SNR>dB.wav']
['19', '1', '16000', 'stairwell_ortf_1', 'stairway-university-york', '1', '19', '0.000000', '0.000000', '0.000000', '0.000000', '0.000000', '0.000000', '0.000000', '0.000000', '0.000000', 'Unknown_stairway-university-york_stairwell_ortf_1_<talker>_<utter>_<noise>_<SNR>dB.wav']
<_io.TextIOWrapper name='/data2/new_wzd/1000Hz/modif_output_wav/Dev/Speech/stairway-university-york/20221230T174624_test_gen_corpus_dataset_results.csv' mode='a' encoding='UTF-8'> ['19', '1', '16000', 'stairwell_ortf_1', 'stairway-university-york', '1', '19', '0.000000', '0.000000', '0.000000', '0.000000', '0.000000', '0.000000', '0.000000', '0.000000', '0.000000', 'Unknown_stairway-university-york_stairwell_ortf_1_<talker>_<utter>_<noise>_<SNR>dB.wav']
['20', '1', '16000', 'stairwell_ortf_1', 'stairway-university-york', '1', '20', '0.000000', '0.000000', '0.000000', '0.880000', '0.000000', '0.000000', '0.000000', '0.000000', '0.000000', 'Unknown_stairway-university-york_stairwell_ortf_1_<talker>_<utter>_<noise>_<SNR>dB.wav']
<_io.TextIOWrapper name='/data2/new_wzd/1000Hz/modif_output_wav/Dev/Speech/stairway-university-york/20221230T174624_test_gen_corpus_dataset_results.csv' mode='a' encoding='UTF-8'> ['20', '1', '16000', 'stairwell_ortf_1', 'stairway-university-york', '1', '20', '0.000000', '0.000000', '0.000000', '0.880000', '0.000000', '0.000000', '0.000000', '0.000000', '0.000000', 'Unknown_stairway-university-york_stairwell_ortf_1_<talker>_<utter>_<noise>_<SNR>dB.wav']
['21', '1', '16000', 'stairwell_ortf_1', 'stairway-university-york', '1', '21', '0.000000', '0.000000', '0.000000', '0.000000', '0.000000', '0.000000', '0.000000', '0.000000', '0.000000', 'Unknown_stairway-university-york_stairwell_ortf_1_<talker>_<utter>_<noise>_<SNR>dB.wav']
<_io.TextIOWrapper name='/data2/new_wzd/1000Hz/modif_output_wav/Dev/Speech/stairway-university-york/20221230T174624_test_gen_corpus_dataset_results.csv' mode='a' encoding='UTF-8'> ['21', '1', '16000', 'stairwell_ortf_1', 'stairway-university-york', '1', '21', '0.000000', '0.000000', '0.000000', '0.000000', '0.000000', '0.000000', '0.000000', '0.000000', '0.000000', 'Unknown_stairway-university-york_stairwell_ortf_1_<talker>_<utter>_<noise>_<SNR>dB.wav']
['22', '1', '16000', 'stairwell_ortf_1', 'stairway-university-york', '1', '22', '0.000000', '0.000000', '0.000000', '0.000000', '0.000000', '0.000000', '0.000000', '0.000000', '0.000000', 'Unknown_stairway-university-york_stairwell_ortf_1_<talker>_<utter>_<noise>_<SNR>dB.wav']
<_io.TextIOWrapper name='/data2/new_wzd/1000Hz/modif_output_wav/Dev/Speech/stairway-university-york/20221230T174624_test_gen_corpus_dataset_results.csv' mode='a' encoding='UTF-8'> ['22', '1', '16000', 'stairwell_ortf_1', 'stairway-university-york', '1', '22', '0.000000', '0.000000', '0.000000', '0.000000', '0.000000', '0.000000', '0.000000', '0.000000', '0.000000', 'Unknown_stairway-university-york_stairwell_ortf_1_<talker>_<utter>_<noise>_<SNR>dB.wav']
['23', '1', '16000', 'stairwell_ortf_1', 'stairway-university-york', '1', '23', '0.000000', '0.000000', '0.000000', '0.880000', '0.000000', '0.000000', '0.000000', '0.000000', '0.000000', 'Unknown_stairway-university-york_stairwell_ortf_1_<talker>_<utter>_<noise>_<SNR>dB.wav']
<_io.TextIOWrapper name='/data2/new_wzd/1000Hz/modif_output_wav/Dev/Speech/stairway-university-york/20221230T174624_test_gen_corpus_dataset_results.csv' mode='a' encoding='UTF-8'> ['23', '1', '16000', 'stairwell_ortf_1', 'stairway-university-york', '1', '23', '0.000000', '0.000000', '0.000000', '0.880000', '0.000000', '0.000000', '0.000000', '0.000000', '0.000000', 'Unknown_stairway-university-york_stairwell_ortf_1_<talker>_<utter>_<noise>_<SNR>dB.wav']
['24', '1', '16000', 'stairwell_ortf_1', 'stairway-university-york', '1', '24', '0.000000', '0.000000', '0.000000', '0.000000', '0.000000', '0.000000', '0.000000', '0.000000', '0.000000', 'Unknown_stairway-university-york_stairwell_ortf_1_<talker>_<utter>_<noise>_<SNR>dB.wav']
<_io.TextIOWrapper name='/data2/new_wzd/1000Hz/modif_output_wav/Dev/Speech/stairway-university-york/20221230T174624_test_gen_corpus_dataset_results.csv' mode='a' encoding='UTF-8'> ['24', '1', '16000', 'stairwell_ortf_1', 'stairway-university-york', '1', '24', '0.000000', '0.000000', '0.000000', '0.000000', '0.000000', '0.000000', '0.000000', '0.000000', '0.000000', 'Unknown_stairway-university-york_stairwell_ortf_1_<talker>_<utter>_<noise>_<SNR>dB.wav']
['25', '1', '16000', 'stairwell_ortf_1', 'stairway-university-york', '1', '25', '0.000000', '0.000000', '0.000000', '0.000000', '0.000000', '0.000000', '0.000000', '0.000000', '0.000000', 'Unknown_stairway-university-york_stairwell_ortf_1_<talker>_<utter>_<noise>_<SNR>dB.wav']
<_io.TextIOWrapper name='/data2/new_wzd/1000Hz/modif_output_wav/Dev/Speech/stairway-university-york/20221230T174624_test_gen_corpus_dataset_results.csv' mode='a' encoding='UTF-8'> ['25', '1', '16000', 'stairwell_ortf_1', 'stairway-university-york', '1', '25', '0.000000', '0.000000', '0.000000', '0.000000', '0.000000', '0.000000', '0.000000', '0.000000', '0.000000', 'Unknown_stairway-university-york_stairwell_ortf_1_<talker>_<utter>_<noise>_<SNR>dB.wav']
['26', '1', '16000', 'stairwell_ortf_1', 'stairway-university-york', '1', '26', '0.000000', '0.000000', '0.000000', '0.720000', '0.000000', '0.000000', '0.000000', '0.000000', '0.000000', 'Unknown_stairway-university-york_stairwell_ortf_1_<talker>_<utter>_<noise>_<SNR>dB.wav']
<_io.TextIOWrapper name='/data2/new_wzd/1000Hz/modif_output_wav/Dev/Speech/stairway-university-york/20221230T174624_test_gen_corpus_dataset_results.csv' mode='a' encoding='UTF-8'> ['26', '1', '16000', 'stairwell_ortf_1', 'stairway-university-york', '1', '26', '0.000000', '0.000000', '0.000000', '0.720000', '0.000000', '0.000000', '0.000000', '0.000000', '0.000000', 'Unknown_stairway-university-york_stairwell_ortf_1_<talker>_<utter>_<noise>_<SNR>dB.wav']
['27', '1', '16000', 'stairwell_ortf_1', 'stairway-university-york', '1', '27', '0.000000', '0.000000', '0.000000', '0.000000', '0.000000', '0.000000', '0.000000', '0.000000', '0.000000', 'Unknown_stairway-university-york_stairwell_ortf_1_<talker>_<utter>_<noise>_<SNR>dB.wav']
<_io.TextIOWrapper name='/data2/new_wzd/1000Hz/modif_output_wav/Dev/Speech/stairway-university-york/20221230T174624_test_gen_corpus_dataset_results.csv' mode='a' encoding='UTF-8'> ['27', '1', '16000', 'stairwell_ortf_1', 'stairway-university-york', '1', '27', '0.000000', '0.000000', '0.000000', '0.000000', '0.000000', '0.000000', '0.000000', '0.000000', '0.000000', 'Unknown_stairway-university-york_stairwell_ortf_1_<talker>_<utter>_<noise>_<SNR>dB.wav']
['28', '1', '16000', 'stairwell_ortf_1', 'stairway-university-york', '1', '28', '0.000000', '0.000000', '0.000000', '0.000000', '0.000000', '0.000000', '0.000000', '0.000000', '0.000000', 'Unknown_stairway-university-york_stairwell_ortf_1_<talker>_<utter>_<noise>_<SNR>dB.wav']
<_io.TextIOWrapper name='/data2/new_wzd/1000Hz/modif_output_wav/Dev/Speech/stairway-university-york/20221230T174624_test_gen_corpus_dataset_results.csv' mode='a' encoding='UTF-8'> ['28', '1', '16000', 'stairwell_ortf_1', 'stairway-university-york', '1', '28', '0.000000', '0.000000', '0.000000', '0.000000', '0.000000', '0.000000', '0.000000', '0.000000', '0.000000', 'Unknown_stairway-university-york_stairwell_ortf_1_<talker>_<utter>_<noise>_<SNR>dB.wav']
['29', '1', '16000', 'stairwell_ortf_1', 'stairway-university-york', '1', '29', '0.000000', '0.000000', '0.000000', '0.450000', '0.000000', '0.000000', '0.000000', '0.000000', '0.000000', 'Unknown_stairway-university-york_stairwell_ortf_1_<talker>_<utter>_<noise>_<SNR>dB.wav']
<_io.TextIOWrapper name='/data2/new_wzd/1000Hz/modif_output_wav/Dev/Speech/stairway-university-york/20221230T174624_test_gen_corpus_dataset_results.csv' mode='a' encoding='UTF-8'> ['29', '1', '16000', 'stairwell_ortf_1', 'stairway-university-york', '1', '29', '0.000000', '0.000000', '0.000000', '0.450000', '0.000000', '0.000000', '0.000000', '0.000000', '0.000000', 'Unknown_stairway-university-york_stairwell_ortf_1_<talker>_<utter>_<noise>_<SNR>dB.wav']
['30', '1', '16000', 'stairwell_ortf_1', 'stairway-university-york', '1', '30', '0.000000', '0.000000', '0.000000', '0.000000', '0.000000', '0.000000', '0.000000', '0.000000', '0.000000', 'Unknown_stairway-university-york_stairwell_ortf_1_<talker>_<utter>_<noise>_<SNR>dB.wav']
<_io.TextIOWrapper name='/data2/new_wzd/1000Hz/modif_output_wav/Dev/Speech/stairway-university-york/20221230T174624_test_gen_corpus_dataset_results.csv' mode='a' encoding='UTF-8'> ['30', '1', '16000', 'stairwell_ortf_1', 'stairway-university-york', '1', '30', '0.000000', '0.000000', '0.000000', '0.000000', '0.000000', '0.000000', '0.000000', '0.000000', '0.000000', 'Unknown_stairway-university-york_stairwell_ortf_1_<talker>_<utter>_<noise>_<SNR>dB.wav']
加载timit时间1.2455205917358398
0.0018780226464606912 0.00041921235337249844 2.1165736079227186
all use time: 0.08840584754943848
写入文件用时：0.1041259765625
0.0018780226464606912 0.00041921235337249844 0.6693193436435999
all use time: 0.008722066879272461
写入文件用时：0.18344950675964355
0.0018780226464606912 0.00041921235337249844 0.21165736079227188
all use time: 0.00829005241394043
写入文件用时：0.09059357643127441
0.0018780226464606912 2.3143540216917835e-05 9.00814806765757
all use time: 0.008680343627929688
写入文件用时：0.07619118690490723
0.0018780226464606912 2.3143540216917835e-05 2.8486265393842487
all use time: 0.007790803909301758
写入文件用时：0.07663774490356445
0.0018780226464606912 2.3143540216917835e-05 0.900814806765757
all use time: 0.007759571075439453
写入文件用时：0.0850534439086914
0.0018780226464606912 4.69586060066983e-06 19.998287813454798
all use time: 0.008242368698120117
写入文件用时：0.067779541015625
0.0018780226464606912 4.69586060066983e-06 6.324013879410565
all use time: 0.007721662521362305
写入文件用时：0.06911110877990723
0.0018780226464606912 4.69586060066983e-06 1.9998287813454796
all use time: 0.0077075958251953125
写入文件用时：0.06839799880981445
0.0018780226464606912 0.0002706362784939625 2.6342525313865823
all use time: 0.00818634033203125
写入文件用时：0.0762491226196289
0.0018780226464606912 0.0002706362784939625 0.8330237931245792
all use time: 0.007684230804443359
写入文件用时：0.06910204887390137
0.0018780226464606912 0.0002706362784939625 0.2634252531386582
all use time: 0.007767915725708008
写入文件用时：0.06837224960327148
0.0018780226464606912 0.0009860740067151924 1.3800526555042154
all use time: 0.009375333786010742
写入文件用时：0.08337926864624023
0.0018780226464606912